Vivado Simulator 2018.3
Time resolution is 1 ps
serial_data: 0
serial_data: 0
serial_data: 0
serial_data: 0
serial_data: 0
serial_data: 0
serial_data: 0
serial_data: 0
serial_data: 0
serial_data: 1
serial_data: 0
serial_data: 1
serial_data: 0
serial_data: 0
serial_data: 0
serial_data: 0
serial_data: 0
serial_data: 0
serial_data: 0
serial_data: 1
serial_data: 0
serial_data: 0
serial_data: 1
serial_data: 0
serial_data: 0
serial_data: 0
serial_data: 0
serial_data: 0
serial_data: 0
serial_data: 1
serial_data: 0
serial_data: 1
serial_data: 1
serial_data: 0
serial_data: 0
serial_data: 0
serial_data: 0
serial_data: 0
serial_data: 0
serial_data: 1
serial_data: 0
serial_data: 0
serial_data: 0
serial_data: 1
serial_data: 0
serial_data: 0
serial_data: 0
serial_data: 0
serial_data: 0
serial_data: 1
serial_data: 0
serial_data: 1
serial_data: 0
serial_data: 1
serial_data: 0
serial_data: 0
serial_data: 0
serial_data: 0
serial_data: 0
serial_data: 1
serial_data: 0
serial_data: 0
serial_data: 1
serial_data: 1
serial_data: 0
serial_data: 0
serial_data: 0
serial_data: 0
serial_data: 0
serial_data: 1
serial_data: 0
serial_data: 1
serial_data: 1
serial_data: 1
serial_data: 0
serial_data: 0
serial_data: 0
serial_data: 0
serial_data: 0
serial_data: 1
*******************************************************Starting tx_on*******************************************************
serial_data: 0
serial_data: 0
serial_data: 0
serial_data: 0
serial_data: 0
serial_data: 0
serial_data: 0
serial_data: 0
serial_data: 0
serial_data: 1
serial_data: 0
serial_data: 1
serial_data: 0
serial_data: 0
serial_data: 0
serial_data: 0
serial_data: 0
serial_data: 0
serial_data: 0
serial_data: 1
serial_data: 0
serial_data: 0
serial_data: 1
serial_data: 0
serial_data: 0
serial_data: 0
serial_data: 0
serial_data: 0
serial_data: 0
serial_data: 1
serial_data: 0
serial_data: 1
serial_data: 1
serial_data: 0
serial_data: 0
serial_data: 0
serial_data: 0
serial_data: 0
serial_data: 0
serial_data: 1
serial_data: 0
serial_data: 0
serial_data: 0
serial_data: 1
serial_data: 0
serial_data: 0
serial_data: 0
serial_data: 0
serial_data: 0
serial_data: 1
serial_data: 0
serial_data: 1
serial_data: 0
serial_data: 1
serial_data: 0
serial_data: 0
serial_data: 0
serial_data: 0
serial_data: 0
serial_data: 1
serial_data: 0
serial_data: 0
serial_data: 1
serial_data: 1
serial_data: 0
serial_data: 0
serial_data: 0
serial_data: 0
serial_data: 0
serial_data: 1
serial_data: 0
serial_data: 1
serial_data: 1
serial_data: 1
serial_data: 0
serial_data: 0
serial_data: 0
serial_data: 0
serial_data: 0
serial_data: 1
$finish called at time : 16687200 ns : File "/home/ukallakuri/hardware_design/designs/uart/UART_behavioural/UART_behavioural.srcs/sim_1/new/uart_top_tb.v" Line 276
