
*** Running vivado
    with args -log uart_top.vds -m64 -product Vivado -mode batch -messageDb vivado.pb -notrace -source uart_top.tcl


****** Vivado v2018.3 (64-bit)
  **** SW Build 2405991 on Thu Dec  6 23:36:41 MST 2018
  **** IP Build 2404404 on Fri Dec  7 01:43:56 MST 2018
    ** Copyright 1986-2018 Xilinx, Inc. All Rights Reserved.

source uart_top.tcl -notrace
Command: synth_design -top uart_top -part xc7a100tcsg324-1
Starting synth_design
Attempting to get a license for feature 'Synthesis' and/or device 'xc7a100t'
INFO: [Common 17-349] Got license for feature 'Synthesis' and/or device 'xc7a100t'
INFO: Launching helper process for spawning children vivado processes
INFO: Helper process launched with PID 55994 
---------------------------------------------------------------------------------
Starting RTL Elaboration : Time (s): cpu = 00:00:01 ; elapsed = 00:00:02 . Memory (MB): peak = 1354.574 ; gain = 0.000 ; free physical = 127 ; free virtual = 5243
---------------------------------------------------------------------------------
INFO: [Synth 8-6157] synthesizing module 'uart_top' [/home/ukallakuri/hardware_design/designs/uart/UART_behavioural/UART_behavioural.srcs/sources_1/new/uart_top.v:23]
	Parameter DATAWIDTH bound to: 8 - type: integer 
	Parameter BITCOUNTMAX bound to: 8 - type: integer 
	Parameter SAMPLECOUNTMAX_RX bound to: 10417 - type: integer 
	Parameter SAMPLECOUNTMAX_TX bound to: 5209 - type: integer 
	Parameter RAMDEPTH bound to: 32 - type: integer 
	Parameter ADDRS_WIDTH bound to: 5 - type: integer 
	Parameter idle bound to: 3'b000 
	Parameter rx_data bound to: 3'b001 
	Parameter mem_write bound to: 3'b010 
	Parameter rx_stop bound to: 3'b011 
	Parameter mem_read bound to: 3'b100 
	Parameter tx_data bound to: 3'b101 
INFO: [Synth 8-6157] synthesizing module 'uart_rx_wrapper' [/home/ukallakuri/hardware_design/designs/uart/UART_behavioural/UART_behavioural.srcs/sources_1/new/uart_rx_wrapper.v:23]
	Parameter DATAWIDTH bound to: 8 - type: integer 
	Parameter BITCOUNTMAX bound to: 8 - type: integer 
	Parameter SAMPLECOUNTMAX bound to: 10417 - type: integer 
INFO: [Synth 8-6157] synthesizing module 'uart_rxm_ex' [/home/ukallakuri/hardware_design/designs/uart/UART_behavioural/UART_behavioural.srcs/sources_1/new/uart_rxm_ex.v:23]
	Parameter DATAWIDTH bound to: 8 - type: integer 
	Parameter BITCOUNTMAX bound to: 8 - type: integer 
	Parameter SAMPLECOUNTMAX bound to: 10417 - type: integer 
	Parameter BCWIDTH bound to: 3 - type: integer 
	Parameter SCWIDTH bound to: 14 - type: integer 
	Parameter idle bound to: 3'b000 
	Parameter starting bound to: 3'b001 
	Parameter receiving bound to: 3'b010 
	Parameter stop bound to: 3'b011 
INFO: [Synth 8-6155] done synthesizing module 'uart_rxm_ex' (1#1) [/home/ukallakuri/hardware_design/designs/uart/UART_behavioural/UART_behavioural.srcs/sources_1/new/uart_rxm_ex.v:23]
INFO: [Synth 8-6155] done synthesizing module 'uart_rx_wrapper' (2#1) [/home/ukallakuri/hardware_design/designs/uart/UART_behavioural/UART_behavioural.srcs/sources_1/new/uart_rx_wrapper.v:23]
INFO: [Synth 8-6157] synthesizing module 'ram_dp__sim_par' [/home/ukallakuri/hardware_design/designs/uart/UART_behavioural/UART_behavioural.srcs/sources_1/new/ram_dp__sim_par.v:23]
	Parameter DATA_WIDTH bound to: 8 - type: integer 
	Parameter RAM_DEPTH bound to: 32 - type: integer 
	Parameter INIT_FILE bound to: (null) - type: string 
	Parameter ADDRS_WIDTH bound to: 5 - type: integer 
INFO: [Synth 8-6155] done synthesizing module 'ram_dp__sim_par' (3#1) [/home/ukallakuri/hardware_design/designs/uart/UART_behavioural/UART_behavioural.srcs/sources_1/new/ram_dp__sim_par.v:23]
INFO: [Synth 8-6157] synthesizing module 'uart_tx_wrapper' [/home/ukallakuri/hardware_design/designs/uart/UART_behavioural/UART_behavioural.srcs/sources_1/new/uart_tx_wrapper.v:23]
	Parameter DATAWIDTH bound to: 8 - type: integer 
	Parameter BITCOUNTMAX bound to: 8 - type: integer 
	Parameter SAMPLECOUNTMAX bound to: 5209 - type: integer 
INFO: [Synth 8-6157] synthesizing module 'ff' [/home/ukallakuri/hardware_design/designs/uart/UART_behavioural/UART_behavioural.srcs/sources_1/new/ff.v:23]
INFO: [Synth 8-6155] done synthesizing module 'ff' (4#1) [/home/ukallakuri/hardware_design/designs/uart/UART_behavioural/UART_behavioural.srcs/sources_1/new/ff.v:23]
INFO: [Synth 8-6157] synthesizing module 'uart_txm_ex' [/home/ukallakuri/hardware_design/designs/uart/UART_behavioural/UART_behavioural.srcs/sources_1/new/uart_txm_ex.v:23]
	Parameter DATAWIDTH bound to: 8 - type: integer 
	Parameter BITCOUNTMAX bound to: 8 - type: integer 
	Parameter SAMPLECOUNTMAX bound to: 5209 - type: integer 
	Parameter BCWIDTH bound to: 3 - type: integer 
	Parameter SCWIDTH bound to: 13 - type: integer 
	Parameter idle bound to: 2'b00 
	Parameter tx_start bound to: 2'b01 
	Parameter tx_data bound to: 2'b10 
	Parameter stop bound to: 2'b11 
INFO: [Synth 8-6155] done synthesizing module 'uart_txm_ex' (5#1) [/home/ukallakuri/hardware_design/designs/uart/UART_behavioural/UART_behavioural.srcs/sources_1/new/uart_txm_ex.v:23]
INFO: [Synth 8-6155] done synthesizing module 'uart_tx_wrapper' (6#1) [/home/ukallakuri/hardware_design/designs/uart/UART_behavioural/UART_behavioural.srcs/sources_1/new/uart_tx_wrapper.v:23]
INFO: [Synth 8-155] case statement is not full and has no default [/home/ukallakuri/hardware_design/designs/uart/UART_behavioural/UART_behavioural.srcs/sources_1/new/uart_top.v:105]
INFO: [Synth 8-6155] done synthesizing module 'uart_top' (7#1) [/home/ukallakuri/hardware_design/designs/uart/UART_behavioural/UART_behavioural.srcs/sources_1/new/uart_top.v:23]
---------------------------------------------------------------------------------
Finished RTL Elaboration : Time (s): cpu = 00:00:02 ; elapsed = 00:00:03 . Memory (MB): peak = 1369.988 ; gain = 15.414 ; free physical = 183 ; free virtual = 5253
---------------------------------------------------------------------------------

Report Check Netlist: 
+------+------------------+-------+---------+-------+------------------+
|      |Item              |Errors |Warnings |Status |Description       |
+------+------------------+-------+---------+-------+------------------+
|1     |multi_driven_nets |      0|        0|Passed |Multi driven nets |
+------+------------------+-------+---------+-------+------------------+
---------------------------------------------------------------------------------
Start Handling Custom Attributes
---------------------------------------------------------------------------------
---------------------------------------------------------------------------------
Finished Handling Custom Attributes : Time (s): cpu = 00:00:02 ; elapsed = 00:00:03 . Memory (MB): peak = 1369.988 ; gain = 15.414 ; free physical = 182 ; free virtual = 5253
---------------------------------------------------------------------------------
---------------------------------------------------------------------------------
Finished RTL Optimization Phase 1 : Time (s): cpu = 00:00:02 ; elapsed = 00:00:03 . Memory (MB): peak = 1369.988 ; gain = 15.414 ; free physical = 182 ; free virtual = 5253
---------------------------------------------------------------------------------
INFO: [Device 21-403] Loading part xc7a100tcsg324-1
INFO: [Project 1-570] Preparing netlist for logic optimization

Processing XDC Constraints
Initializing timing engine
Parsing XDC File [/home/ukallakuri/hardware_design/designs/uart/UART_behavioural/UART_behavioural.srcs/constrs_1/new/tim.xdc]
Finished Parsing XDC File [/home/ukallakuri/hardware_design/designs/uart/UART_behavioural/UART_behavioural.srcs/constrs_1/new/tim.xdc]
Parsing XDC File [/home/ukallakuri/hardware_design/designs/uart/UART_behavioural/UART_behavioural.srcs/constrs_1/new/timing.xdc]
Finished Parsing XDC File [/home/ukallakuri/hardware_design/designs/uart/UART_behavioural/UART_behavioural.srcs/constrs_1/new/timing.xdc]
INFO: [Project 1-236] Implementation specific constraints were found while reading constraint file [/home/ukallakuri/hardware_design/designs/uart/UART_behavioural/UART_behavioural.srcs/constrs_1/new/timing.xdc]. These constraints will be ignored for synthesis but will be used in implementation. Impacted constraints are listed in the file [.Xil/uart_top_propImpl.xdc].
Resolution: To avoid this warning, move constraints listed in [.Xil/uart_top_propImpl.xdc] to another XDC file and exclude this new file from synthesis with the used_in_synthesis property (File Properties dialog in GUI) and re-run elaboration/synthesis.
Netlist sorting complete. Time (s): cpu = 00:00:00 ; elapsed = 00:00:00 . Memory (MB): peak = 1711.848 ; gain = 0.000 ; free physical = 135 ; free virtual = 4984
Completed Processing XDC Constraints

Netlist sorting complete. Time (s): cpu = 00:00:00 ; elapsed = 00:00:00 . Memory (MB): peak = 1711.848 ; gain = 0.000 ; free physical = 136 ; free virtual = 4985
INFO: [Project 1-111] Unisim Transformation Summary:
No Unisim elements were transformed.

Netlist sorting complete. Time (s): cpu = 00:00:00 ; elapsed = 00:00:00 . Memory (MB): peak = 1711.848 ; gain = 0.000 ; free physical = 136 ; free virtual = 4985
Constraint Validation Runtime : Time (s): cpu = 00:00:00 ; elapsed = 00:00:00 . Memory (MB): peak = 1711.848 ; gain = 0.000 ; free physical = 136 ; free virtual = 4985
---------------------------------------------------------------------------------
Finished Constraint Validation : Time (s): cpu = 00:00:07 ; elapsed = 00:00:09 . Memory (MB): peak = 1711.848 ; gain = 357.273 ; free physical = 214 ; free virtual = 5064
---------------------------------------------------------------------------------
---------------------------------------------------------------------------------
Start Loading Part and Timing Information
---------------------------------------------------------------------------------
Loading part: xc7a100tcsg324-1
---------------------------------------------------------------------------------
Finished Loading Part and Timing Information : Time (s): cpu = 00:00:07 ; elapsed = 00:00:09 . Memory (MB): peak = 1711.848 ; gain = 357.273 ; free physical = 214 ; free virtual = 5064
---------------------------------------------------------------------------------
---------------------------------------------------------------------------------
Start Applying 'set_property' XDC Constraints
---------------------------------------------------------------------------------
---------------------------------------------------------------------------------
Finished applying 'set_property' XDC Constraints : Time (s): cpu = 00:00:07 ; elapsed = 00:00:09 . Memory (MB): peak = 1711.848 ; gain = 357.273 ; free physical = 216 ; free virtual = 5066
---------------------------------------------------------------------------------
INFO: [Synth 8-802] inferred FSM for state register 'state_reg' in module 'uart_rxm_ex'
INFO: [Synth 8-5544] ROM "state" won't be mapped to Block RAM because address size (1) smaller than threshold (5)
INFO: [Synth 8-5544] ROM "state" won't be mapped to Block RAM because address size (1) smaller than threshold (5)
INFO: [Synth 8-802] inferred FSM for state register 'state_reg' in module 'uart_txm_ex'
INFO: [Synth 8-5544] ROM "tx_reg" won't be mapped to Block RAM because address size (2) smaller than threshold (5)
INFO: [Synth 8-5544] ROM "state" won't be mapped to Block RAM because address size (1) smaller than threshold (5)
INFO: [Synth 8-5544] ROM "state" won't be mapped to Block RAM because address size (1) smaller than threshold (5)
INFO: [Synth 8-802] inferred FSM for state register 'state_reg' in module 'uart_top'
INFO: [Synth 8-5544] ROM "ram_addrb" won't be mapped to Block RAM because address size (3) smaller than threshold (5)
INFO: [Synth 8-5544] ROM "ram_addra" won't be mapped to Block RAM because address size (3) smaller than threshold (5)
INFO: [Synth 8-5544] ROM "state" won't be mapped to Block RAM because address size (3) smaller than threshold (5)
INFO: [Synth 8-5544] ROM "state" won't be mapped to Block RAM because address size (1) smaller than threshold (5)
INFO: [Synth 8-5544] ROM "state" won't be mapped to Block RAM because address size (1) smaller than threshold (5)
INFO: [Synth 8-5544] ROM "state" won't be mapped to Block RAM because address size (1) smaller than threshold (5)
---------------------------------------------------------------------------------------------------
                   State |                     New Encoding |                Previous Encoding 
---------------------------------------------------------------------------------------------------
                    idle |                               00 |                              000
                starting |                               01 |                              001
               receiving |                               10 |                              010
                    stop |                               11 |                              011
---------------------------------------------------------------------------------------------------
INFO: [Synth 8-3354] encoded FSM with state register 'state_reg' using encoding 'sequential' in module 'uart_rxm_ex'
---------------------------------------------------------------------------------------------------
                   State |                     New Encoding |                Previous Encoding 
---------------------------------------------------------------------------------------------------
                    idle |                               00 |                               00
                tx_start |                               01 |                               01
                 tx_data |                               10 |                               10
                    stop |                               11 |                               11
---------------------------------------------------------------------------------------------------
INFO: [Synth 8-3354] encoded FSM with state register 'state_reg' using encoding 'sequential' in module 'uart_txm_ex'
---------------------------------------------------------------------------------------------------
                   State |                     New Encoding |                Previous Encoding 
---------------------------------------------------------------------------------------------------
                    idle |                              000 |                              000
                 rx_data |                              001 |                              001
               mem_write |                              010 |                              010
                 rx_stop |                              011 |                              011
                mem_read |                              100 |                              100
                 tx_data |                              101 |                              101
---------------------------------------------------------------------------------------------------
INFO: [Synth 8-3354] encoded FSM with state register 'state_reg' using encoding 'sequential' in module 'uart_top'
---------------------------------------------------------------------------------
Finished RTL Optimization Phase 2 : Time (s): cpu = 00:00:07 ; elapsed = 00:00:09 . Memory (MB): peak = 1711.848 ; gain = 357.273 ; free physical = 204 ; free virtual = 5054
---------------------------------------------------------------------------------

Report RTL Partitions: 
+-+--------------+------------+----------+
| |RTL Partition |Replication |Instances |
+-+--------------+------------+----------+
+-+--------------+------------+----------+
---------------------------------------------------------------------------------
Start RTL Component Statistics 
---------------------------------------------------------------------------------
Detailed RTL Component Info : 
+---Adders : 
	   2 Input     14 Bit       Adders := 1     
	   2 Input     13 Bit       Adders := 1     
	   2 Input      5 Bit       Adders := 2     
	   2 Input      3 Bit       Adders := 2     
+---Registers : 
	               14 Bit    Registers := 1     
	               13 Bit    Registers := 1     
	                8 Bit    Registers := 5     
	                5 Bit    Registers := 2     
	                3 Bit    Registers := 2     
	                1 Bit    Registers := 9     
+---RAMs : 
	              256 Bit         RAMs := 1     
+---Muxes : 
	   2 Input     14 Bit        Muxes := 3     
	   4 Input     14 Bit        Muxes := 1     
	   2 Input     13 Bit        Muxes := 2     
	   4 Input     13 Bit        Muxes := 1     
	   2 Input      8 Bit        Muxes := 1     
	   4 Input      8 Bit        Muxes := 1     
	   2 Input      3 Bit        Muxes := 8     
	   4 Input      3 Bit        Muxes := 2     
	   6 Input      3 Bit        Muxes := 1     
	   4 Input      2 Bit        Muxes := 2     
	   2 Input      2 Bit        Muxes := 13    
	   2 Input      1 Bit        Muxes := 3     
	   3 Input      1 Bit        Muxes := 1     
	   4 Input      1 Bit        Muxes := 15    
	   6 Input      1 Bit        Muxes := 10    
---------------------------------------------------------------------------------
Finished RTL Component Statistics 
---------------------------------------------------------------------------------
---------------------------------------------------------------------------------
Start RTL Hierarchical Component Statistics 
---------------------------------------------------------------------------------
Hierarchical RTL Component report 
Module uart_top 
Detailed RTL Component Info : 
+---Adders : 
	   2 Input      5 Bit       Adders := 2     
+---Registers : 
	                5 Bit    Registers := 2     
	                1 Bit    Registers := 4     
+---Muxes : 
	   6 Input      3 Bit        Muxes := 1     
	   2 Input      3 Bit        Muxes := 6     
	   6 Input      1 Bit        Muxes := 10    
Module uart_rxm_ex 
Detailed RTL Component Info : 
+---Adders : 
	   2 Input     14 Bit       Adders := 1     
	   2 Input      3 Bit       Adders := 1     
+---Registers : 
	               14 Bit    Registers := 1     
	                8 Bit    Registers := 2     
	                3 Bit    Registers := 1     
	                1 Bit    Registers := 2     
+---Muxes : 
	   2 Input     14 Bit        Muxes := 3     
	   4 Input     14 Bit        Muxes := 1     
	   2 Input      3 Bit        Muxes := 1     
	   4 Input      3 Bit        Muxes := 1     
	   4 Input      2 Bit        Muxes := 1     
	   2 Input      2 Bit        Muxes := 7     
	   2 Input      1 Bit        Muxes := 1     
	   3 Input      1 Bit        Muxes := 1     
	   4 Input      1 Bit        Muxes := 7     
Module ram_dp__sim_par 
Detailed RTL Component Info : 
+---Registers : 
	                8 Bit    Registers := 1     
+---RAMs : 
	              256 Bit         RAMs := 1     
Module ff 
Detailed RTL Component Info : 
+---Registers : 
	                1 Bit    Registers := 1     
Module uart_txm_ex 
Detailed RTL Component Info : 
+---Adders : 
	   2 Input     13 Bit       Adders := 1     
	   2 Input      3 Bit       Adders := 1     
+---Registers : 
	               13 Bit    Registers := 1     
	                8 Bit    Registers := 2     
	                3 Bit    Registers := 1     
	                1 Bit    Registers := 2     
+---Muxes : 
	   2 Input     13 Bit        Muxes := 2     
	   4 Input     13 Bit        Muxes := 1     
	   2 Input      8 Bit        Muxes := 1     
	   4 Input      8 Bit        Muxes := 1     
	   2 Input      3 Bit        Muxes := 1     
	   4 Input      3 Bit        Muxes := 1     
	   4 Input      2 Bit        Muxes := 1     
	   2 Input      2 Bit        Muxes := 6     
	   2 Input      1 Bit        Muxes := 2     
	   4 Input      1 Bit        Muxes := 8     
---------------------------------------------------------------------------------
Finished RTL Hierarchical Component Statistics
---------------------------------------------------------------------------------
---------------------------------------------------------------------------------
Start Part Resource Summary
---------------------------------------------------------------------------------
Part Resources:
DSPs: 240 (col length:80)
BRAMs: 270 (col length: RAMB18 80 RAMB36 40)
---------------------------------------------------------------------------------
Finished Part Resource Summary
---------------------------------------------------------------------------------
---------------------------------------------------------------------------------
Start Cross Boundary and Area Optimization
---------------------------------------------------------------------------------
Warning: Parallel synthesis criteria is not met 
---------------------------------------------------------------------------------
Finished Cross Boundary and Area Optimization : Time (s): cpu = 00:00:08 ; elapsed = 00:00:10 . Memory (MB): peak = 1711.848 ; gain = 357.273 ; free physical = 198 ; free virtual = 5050
---------------------------------------------------------------------------------
---------------------------------------------------------------------------------
Start ROM, RAM, DSP and Shift Register Reporting
---------------------------------------------------------------------------------

Distributed RAM: Preliminary Mapping  Report (see note below)
+------------+----------------+-----------+----------------------+--------------+
|Module Name | RTL Object     | Inference | Size (Depth x Width) | Primitives   | 
+------------+----------------+-----------+----------------------+--------------+
|uart_top    | ram/ram_dp_reg | Implied   | 32 x 8               | RAM32M x 2   | 
+------------+----------------+-----------+----------------------+--------------+

Note: The table above is a preliminary report that shows the Distributed RAMs at the current stage of the synthesis flow. Some Distributed RAMs may be reimplemented as non Distributed RAM primitives later in the synthesis flow. Multiple instantiated RAMs are reported only once.
---------------------------------------------------------------------------------
Finished ROM, RAM, DSP and Shift Register Reporting
---------------------------------------------------------------------------------

Report RTL Partitions: 
+-+--------------+------------+----------+
| |RTL Partition |Replication |Instances |
+-+--------------+------------+----------+
+-+--------------+------------+----------+
---------------------------------------------------------------------------------
Start Applying XDC Timing Constraints
---------------------------------------------------------------------------------
---------------------------------------------------------------------------------
Finished Applying XDC Timing Constraints : Time (s): cpu = 00:00:12 ; elapsed = 00:00:14 . Memory (MB): peak = 1711.848 ; gain = 357.273 ; free physical = 128 ; free virtual = 4941
---------------------------------------------------------------------------------
---------------------------------------------------------------------------------
Start Timing Optimization
---------------------------------------------------------------------------------
---------------------------------------------------------------------------------
Finished Timing Optimization : Time (s): cpu = 00:00:13 ; elapsed = 00:00:14 . Memory (MB): peak = 1711.848 ; gain = 357.273 ; free physical = 143 ; free virtual = 4938
---------------------------------------------------------------------------------
---------------------------------------------------------------------------------
Start ROM, RAM, DSP and Shift Register Reporting
---------------------------------------------------------------------------------

Distributed RAM: Final Mapping  Report
+------------+----------------+-----------+----------------------+--------------+
|Module Name | RTL Object     | Inference | Size (Depth x Width) | Primitives   | 
+------------+----------------+-----------+----------------------+--------------+
|uart_top    | ram/ram_dp_reg | Implied   | 32 x 8               | RAM32M x 2   | 
+------------+----------------+-----------+----------------------+--------------+

---------------------------------------------------------------------------------
Finished ROM, RAM, DSP and Shift Register Reporting
---------------------------------------------------------------------------------

Report RTL Partitions: 
+-+--------------+------------+----------+
| |RTL Partition |Replication |Instances |
+-+--------------+------------+----------+
+-+--------------+------------+----------+
---------------------------------------------------------------------------------
Start Technology Mapping
---------------------------------------------------------------------------------
---------------------------------------------------------------------------------
Finished Technology Mapping : Time (s): cpu = 00:00:13 ; elapsed = 00:00:14 . Memory (MB): peak = 1711.848 ; gain = 357.273 ; free physical = 141 ; free virtual = 4937
---------------------------------------------------------------------------------

Report RTL Partitions: 
+-+--------------+------------+----------+
| |RTL Partition |Replication |Instances |
+-+--------------+------------+----------+
+-+--------------+------------+----------+
---------------------------------------------------------------------------------
Start IO Insertion
---------------------------------------------------------------------------------
---------------------------------------------------------------------------------
Start Flattening Before IO Insertion
---------------------------------------------------------------------------------
---------------------------------------------------------------------------------
Finished Flattening Before IO Insertion
---------------------------------------------------------------------------------
---------------------------------------------------------------------------------
Start Final Netlist Cleanup
---------------------------------------------------------------------------------
---------------------------------------------------------------------------------
Finished Final Netlist Cleanup
---------------------------------------------------------------------------------
---------------------------------------------------------------------------------
Finished IO Insertion : Time (s): cpu = 00:00:13 ; elapsed = 00:00:15 . Memory (MB): peak = 1711.848 ; gain = 357.273 ; free physical = 141 ; free virtual = 4937
---------------------------------------------------------------------------------

Report Check Netlist: 
+------+------------------+-------+---------+-------+------------------+
|      |Item              |Errors |Warnings |Status |Description       |
+------+------------------+-------+---------+-------+------------------+
|1     |multi_driven_nets |      0|        0|Passed |Multi driven nets |
+------+------------------+-------+---------+-------+------------------+
---------------------------------------------------------------------------------
Start Renaming Generated Instances
---------------------------------------------------------------------------------
---------------------------------------------------------------------------------
Finished Renaming Generated Instances : Time (s): cpu = 00:00:13 ; elapsed = 00:00:15 . Memory (MB): peak = 1711.848 ; gain = 357.273 ; free physical = 141 ; free virtual = 4937
---------------------------------------------------------------------------------

Report RTL Partitions: 
+-+--------------+------------+----------+
| |RTL Partition |Replication |Instances |
+-+--------------+------------+----------+
+-+--------------+------------+----------+
---------------------------------------------------------------------------------
Start Rebuilding User Hierarchy
---------------------------------------------------------------------------------
---------------------------------------------------------------------------------
Finished Rebuilding User Hierarchy : Time (s): cpu = 00:00:13 ; elapsed = 00:00:15 . Memory (MB): peak = 1711.848 ; gain = 357.273 ; free physical = 141 ; free virtual = 4937
---------------------------------------------------------------------------------
---------------------------------------------------------------------------------
Start Renaming Generated Ports
---------------------------------------------------------------------------------
---------------------------------------------------------------------------------
Finished Renaming Generated Ports : Time (s): cpu = 00:00:13 ; elapsed = 00:00:15 . Memory (MB): peak = 1711.848 ; gain = 357.273 ; free physical = 141 ; free virtual = 4937
---------------------------------------------------------------------------------
---------------------------------------------------------------------------------
Start Handling Custom Attributes
---------------------------------------------------------------------------------
---------------------------------------------------------------------------------
Finished Handling Custom Attributes : Time (s): cpu = 00:00:13 ; elapsed = 00:00:15 . Memory (MB): peak = 1711.848 ; gain = 357.273 ; free physical = 141 ; free virtual = 4937
---------------------------------------------------------------------------------
---------------------------------------------------------------------------------
Start Renaming Generated Nets
---------------------------------------------------------------------------------
---------------------------------------------------------------------------------
Finished Renaming Generated Nets : Time (s): cpu = 00:00:13 ; elapsed = 00:00:15 . Memory (MB): peak = 1711.848 ; gain = 357.273 ; free physical = 141 ; free virtual = 4937
---------------------------------------------------------------------------------
---------------------------------------------------------------------------------
Start Writing Synthesis Report
---------------------------------------------------------------------------------

Report BlackBoxes: 
+-+--------------+----------+
| |BlackBox name |Instances |
+-+--------------+----------+
+-+--------------+----------+

Report Cell Usage: 
+------+-------+------+
|      |Cell   |Count |
+------+-------+------+
|1     |BUFG   |     2|
|2     |CARRY4 |     7|
|3     |LUT1   |     3|
|4     |LUT2   |    14|
|5     |LUT3   |    11|
|6     |LUT4   |    20|
|7     |LUT5   |    16|
|8     |LUT6   |    40|
|9     |RAM32M |     2|
|10    |FDRE   |    87|
|11    |FDSE   |    12|
|12    |IBUF   |     5|
|13    |OBUF   |     2|
+------+-------+------+

Report Instance Areas: 
+------+------------+----------------+------+
|      |Instance    |Module          |Cells |
+------+------------+----------------+------+
|1     |top         |                |   221|
|2     |  ram       |ram_dp__sim_par |    18|
|3     |  rx        |uart_rx_wrapper |    79|
|4     |    rx      |uart_rxm_ex     |    79|
|5     |  tx        |uart_tx_wrapper |    85|
|6     |    clk_div |ff              |     2|
|7     |    tx      |uart_txm_ex     |    83|
+------+------------+----------------+------+
---------------------------------------------------------------------------------
Finished Writing Synthesis Report : Time (s): cpu = 00:00:13 ; elapsed = 00:00:15 . Memory (MB): peak = 1711.848 ; gain = 357.273 ; free physical = 141 ; free virtual = 4937
---------------------------------------------------------------------------------
Synthesis finished with 0 errors, 0 critical warnings and 0 warnings.
Synthesis Optimization Runtime : Time (s): cpu = 00:00:10 ; elapsed = 00:00:11 . Memory (MB): peak = 1711.848 ; gain = 15.414 ; free physical = 195 ; free virtual = 4990
Synthesis Optimization Complete : Time (s): cpu = 00:00:13 ; elapsed = 00:00:15 . Memory (MB): peak = 1711.855 ; gain = 357.273 ; free physical = 195 ; free virtual = 4991
INFO: [Project 1-571] Translating synthesized netlist
INFO: [Netlist 29-17] Analyzing 9 Unisim elements for replacement
INFO: [Netlist 29-28] Unisim Transformation completed in 0 CPU seconds
INFO: [Project 1-570] Preparing netlist for logic optimization
INFO: [Opt 31-138] Pushed 0 inverter(s) to 0 load pin(s).
Netlist sorting complete. Time (s): cpu = 00:00:00 ; elapsed = 00:00:00 . Memory (MB): peak = 1711.855 ; gain = 0.000 ; free physical = 135 ; free virtual = 4932
INFO: [Project 1-111] Unisim Transformation Summary:
  A total of 2 instances were transformed.
  RAM32M => RAM32M (RAMD32, RAMD32, RAMD32, RAMD32, RAMD32, RAMD32, RAMS32, RAMS32): 2 instances

INFO: [Common 17-83] Releasing license: Synthesis
44 Infos, 0 Warnings, 0 Critical Warnings and 0 Errors encountered.
synth_design completed successfully
synth_design: Time (s): cpu = 00:00:15 ; elapsed = 00:00:16 . Memory (MB): peak = 1711.855 ; gain = 357.367 ; free physical = 190 ; free virtual = 4987
Netlist sorting complete. Time (s): cpu = 00:00:00 ; elapsed = 00:00:00 . Memory (MB): peak = 1711.855 ; gain = 0.000 ; free physical = 190 ; free virtual = 4987
WARNING: [Constraints 18-5210] No constraints selected for write.
Resolution: This message can indicate that there are no constraints for the design, or it can indicate that the used_in flags are set such that the constraints are ignored. This later case is used when running synth_design to not write synthesis constraints to the resulting checkpoint. Instead, project constraints are read when the synthesized design is opened.
INFO: [Common 17-1381] The checkpoint '/home/ukallakuri/hardware_design/designs/uart/UART_behavioural/UART_behavioural.runs/synth_1/uart_top.dcp' has been generated.
INFO: [runtcl-4] Executing : report_utilization -file uart_top_utilization_synth.rpt -pb uart_top_utilization_synth.pb
INFO: [Common 17-206] Exiting Vivado at Wed Oct 21 15:01:03 2020...
