#-----------------------------------------------------------
# Vivado v2018.3 (64-bit)
# SW Build 2405991 on Thu Dec  6 23:36:41 MST 2018
# IP Build 2404404 on Fri Dec  7 01:43:56 MST 2018
# Start of session at: Thu Oct 15 12:27:14 2020
# Process ID: 3210
# Current directory: /home/ukallakuri/hardware_design/designs/uart
# Command line: vivado
# Log file: /home/ukallakuri/hardware_design/designs/uart/vivado.log
# Journal file: /home/ukallakuri/hardware_design/designs/uart/vivado.jou
#-----------------------------------------------------------
start_gui
open_project /home/ukallakuri/hardware_design/designs/uart/UART_behavioural/UART_behavioural.xpr
Scanning sources...
Finished scanning sources
INFO: [IP_Flow 19-234] Refreshing IP repositories
INFO: [IP_Flow 19-1704] No user IP repositories specified
INFO: [IP_Flow 19-2313] Loaded Vivado IP repository '/tools/Xilinx/Vivado/2018.3/data/ip'.
update_compile_order -fileset sources_1
reset_run synth_1
launch_runs impl_1 -to_step write_bitstream -jobs 2
[Thu Oct 15 12:31:45 2020] Launched synth_1...
Run output will be captured here: /home/ukallakuri/hardware_design/designs/uart/UART_behavioural/UART_behavioural.runs/synth_1/runme.log
[Thu Oct 15 12:31:45 2020] Launched impl_1...
Run output will be captured here: /home/ukallakuri/hardware_design/designs/uart/UART_behavioural/UART_behavioural.runs/impl_1/runme.log
reset_run impl_1
reset_run synth_1
launch_runs impl_1 -to_step write_bitstream -jobs 2
[Thu Oct 15 12:36:11 2020] Launched synth_1...
Run output will be captured here: /home/ukallakuri/hardware_design/designs/uart/UART_behavioural/UART_behavioural.runs/synth_1/runme.log
[Thu Oct 15 12:36:11 2020] Launched impl_1...
Run output will be captured here: /home/ukallakuri/hardware_design/designs/uart/UART_behavioural/UART_behavioural.runs/impl_1/runme.log
open_hw
connect_hw_server
INFO: [Labtools 27-2285] Connecting to hw_server url TCP:localhost:3121
INFO: [Labtools 27-2222] Launching hw_server...
INFO: [Labtools 27-2221] Launch Output:

****** Xilinx hw_server v2018.3
  **** Build date : Dec  6 2018-23:53:53
    ** Copyright 1986-2018 Xilinx, Inc. All Rights Reserved.


open_hw_target
INFO: [Labtoolstcl 44-466] Opening hw_target localhost:3121/xilinx_tcf/Digilent/210292A6E470A
set_property PROGRAM.FILE {/home/ukallakuri/hardware_design/designs/uart/UART_behavioural/UART_behavioural.runs/impl_1/uart_rx_wrapper.bit} [get_hw_devices xc7a100t_0]
current_hw_device [get_hw_devices xc7a100t_0]
refresh_hw_device -update_hw_probes false [lindex [get_hw_devices xc7a100t_0] 0]
INFO: [Labtools 27-1434] Device xc7a100t (JTAG device index = 0) is programmed with a design that has no supported debug core(s) in it.
set_property PROBES.FILE {} [get_hw_devices xc7a100t_0]
set_property FULL_PROBES.FILE {} [get_hw_devices xc7a100t_0]
set_property PROGRAM.FILE {/home/ukallakuri/hardware_design/designs/uart/UART_behavioural/UART_behavioural.runs/impl_1/uart_rx_wrapper.bit} [get_hw_devices xc7a100t_0]
program_hw_devices [get_hw_devices xc7a100t_0]
INFO: [Labtools 27-3164] End of startup status: HIGH
refresh_hw_device [lindex [get_hw_devices xc7a100t_0] 0]
INFO: [Labtools 27-1434] Device xc7a100t (JTAG device index = 0) is programmed with a design that has no supported debug core(s) in it.
close_hw
set_property top uart_rx_wrapper_tb [get_filesets sim_1]
set_property top_lib xil_defaultlib [get_filesets sim_1]
update_compile_order -fileset sim_1
launch_simulation
INFO: [Vivado 12-5682] Launching behavioral simulation in '/home/ukallakuri/hardware_design/designs/uart/UART_behavioural/UART_behavioural.sim/sim_1/behav/xsim'
INFO: [SIM-utils-51] Simulation object is 'sim_1'
INFO: [SIM-utils-54] Inspecting design source files for 'uart_rx_wrapper_tb' in fileset 'sim_1'...
INFO: [USF-XSim-97] Finding global include files...
INFO: [USF-XSim-98] Fetching design files from 'sim_1'...
INFO: [USF-XSim-2] XSim::Compile design
INFO: [USF-XSim-61] Executing 'COMPILE and ANALYZE' step in '/home/ukallakuri/hardware_design/designs/uart/UART_behavioural/UART_behavioural.sim/sim_1/behav/xsim'
xvlog --incr --relax -prj uart_rx_wrapper_tb_vlog.prj
INFO: [VRFC 10-2263] Analyzing Verilog file "/home/ukallakuri/hardware_design/designs/uart/UART_behavioural/UART_behavioural.srcs/sources_1/new/seven_seg.v" into library xil_defaultlib
INFO: [VRFC 10-311] analyzing module seven_seg
INFO: [VRFC 10-2263] Analyzing Verilog file "/home/ukallakuri/hardware_design/designs/uart/UART_behavioural/UART_behavioural.srcs/sources_1/new/uart_rx_wrapper.v" into library xil_defaultlib
INFO: [VRFC 10-311] analyzing module uart_rx_wrapper
INFO: [VRFC 10-2263] Analyzing Verilog file "/home/ukallakuri/hardware_design/designs/uart/UART_behavioural/UART_behavioural.srcs/sources_1/new/uart_rxm_ex.v" into library xil_defaultlib
INFO: [VRFC 10-311] analyzing module uart_rxm_ex
INFO: [VRFC 10-2263] Analyzing Verilog file "/home/ukallakuri/hardware_design/designs/uart/UART_behavioural/UART_behavioural.srcs/sim_1/new/uart_rx_wrapper_tb.v" into library xil_defaultlib
INFO: [VRFC 10-311] analyzing module uart_rx_wrapper_tb
INFO: [USF-XSim-69] 'compile' step finished in '1' seconds
INFO: [USF-XSim-3] XSim::Elaborate design
INFO: [USF-XSim-61] Executing 'ELABORATE' step in '/home/ukallakuri/hardware_design/designs/uart/UART_behavioural/UART_behavioural.sim/sim_1/behav/xsim'
Vivado Simulator 2018.3
Copyright 1986-1999, 2001-2018 Xilinx, Inc. All Rights Reserved.
Running: /tools/Xilinx/Vivado/2018.3/bin/unwrapped/lnx64.o/xelab -wto f1005e7cfe0e449eb56bf04cfa95922e --incr --debug typical --relax --mt 8 -L xil_defaultlib -L unisims_ver -L unimacro_ver -L secureip --snapshot uart_rx_wrapper_tb_behav xil_defaultlib.uart_rx_wrapper_tb xil_defaultlib.glbl -log elaborate.log 
Using 8 slave threads.
Starting static elaboration
Completed static elaboration
Starting simulation data flow analysis
Completed simulation data flow analysis
Time Resolution for simulation is 1ps
Compiling module xil_defaultlib.uart_rxm_ex(BITCOUNTMAX=9,SAMPLE...
Compiling module xil_defaultlib.seven_seg
Compiling module xil_defaultlib.uart_rx_wrapper(BITCOUNTMAX=9)
Compiling module xil_defaultlib.uart_rx_wrapper_tb
Compiling module xil_defaultlib.glbl
Built simulation snapshot uart_rx_wrapper_tb_behav
INFO: [USF-XSim-69] 'elaborate' step finished in '1' seconds
INFO: [USF-XSim-4] XSim::Simulate design
INFO: [USF-XSim-61] Executing 'SIMULATE' step in '/home/ukallakuri/hardware_design/designs/uart/UART_behavioural/UART_behavioural.sim/sim_1/behav/xsim'
INFO: [USF-XSim-98] *** Running xsim
   with args "uart_rx_wrapper_tb_behav -key {Behavioral:sim_1:Functional:uart_rx_wrapper_tb} -tclbatch {uart_rx_wrapper_tb.tcl} -log {simulate.log}"
INFO: [USF-XSim-8] Loading simulator feature
Vivado Simulator 2018.3
Time resolution is 1 ps
source uart_rx_wrapper_tb.tcl
# set curr_wave [current_wave_config]
# if { [string length $curr_wave] == 0 } {
#   if { [llength [get_objects]] > 0} {
#     add_wave /
#     set_property needs_save false [current_wave_config]
#   } else {
#      send_msg_id Add_Wave-1 WARNING "No top level signals found. Simulator will start without a wave window. If you want to open a wave window go to 'File->New Waveform Configuration' or type 'create_wave_config' in the TCL console."
#   }
# }
# run 1000ns
INFO: [USF-XSim-96] XSim completed. Design snapshot 'uart_rx_wrapper_tb_behav' loaded.
INFO: [USF-XSim-97] XSim simulation ran for 1000ns
launch_simulation: Time (s): cpu = 00:00:07 ; elapsed = 00:00:06 . Memory (MB): peak = 7342.227 ; gain = 72.254 ; free physical = 1297 ; free virtual = 6108
run all
$finish called at time : 310960 ns : File "/home/ukallakuri/hardware_design/designs/uart/UART_behavioural/UART_behavioural.srcs/sim_1/new/uart_rx_wrapper_tb.v" Line 96
relaunch_sim
INFO: [Vivado 12-5682] Launching behavioral simulation in '/home/ukallakuri/hardware_design/designs/uart/UART_behavioural/UART_behavioural.sim/sim_1/behav/xsim'
INFO: [SIM-utils-51] Simulation object is 'sim_1'
INFO: [SIM-utils-54] Inspecting design source files for 'uart_rx_wrapper_tb' in fileset 'sim_1'...
INFO: [USF-XSim-97] Finding global include files...
INFO: [USF-XSim-98] Fetching design files from 'sim_1'...
INFO: [USF-XSim-2] XSim::Compile design
INFO: [USF-XSim-61] Executing 'COMPILE and ANALYZE' step in '/home/ukallakuri/hardware_design/designs/uart/UART_behavioural/UART_behavioural.sim/sim_1/behav/xsim'
xvlog --incr --relax -prj uart_rx_wrapper_tb_vlog.prj
INFO: [VRFC 10-2263] Analyzing Verilog file "/home/ukallakuri/hardware_design/designs/uart/UART_behavioural/UART_behavioural.srcs/sources_1/new/seven_seg.v" into library xil_defaultlib
INFO: [VRFC 10-311] analyzing module seven_seg
INFO: [VRFC 10-2263] Analyzing Verilog file "/home/ukallakuri/hardware_design/designs/uart/UART_behavioural/UART_behavioural.srcs/sources_1/new/uart_rx_wrapper.v" into library xil_defaultlib
INFO: [VRFC 10-311] analyzing module uart_rx_wrapper
INFO: [VRFC 10-2263] Analyzing Verilog file "/home/ukallakuri/hardware_design/designs/uart/UART_behavioural/UART_behavioural.srcs/sources_1/new/uart_rxm_ex.v" into library xil_defaultlib
INFO: [VRFC 10-311] analyzing module uart_rxm_ex
INFO: [VRFC 10-2263] Analyzing Verilog file "/home/ukallakuri/hardware_design/designs/uart/UART_behavioural/UART_behavioural.srcs/sim_1/new/uart_rx_wrapper_tb.v" into library xil_defaultlib
INFO: [VRFC 10-311] analyzing module uart_rx_wrapper_tb
INFO: [USF-XSim-69] 'compile' step finished in '1' seconds
INFO: [Vivado 12-5682] Launching behavioral simulation in '/home/ukallakuri/hardware_design/designs/uart/UART_behavioural/UART_behavioural.sim/sim_1/behav/xsim'
INFO: [USF-XSim-3] XSim::Elaborate design
INFO: [USF-XSim-61] Executing 'ELABORATE' step in '/home/ukallakuri/hardware_design/designs/uart/UART_behavioural/UART_behavioural.sim/sim_1/behav/xsim'
Vivado Simulator 2018.3
Copyright 1986-1999, 2001-2018 Xilinx, Inc. All Rights Reserved.
Running: /tools/Xilinx/Vivado/2018.3/bin/unwrapped/lnx64.o/xelab -wto f1005e7cfe0e449eb56bf04cfa95922e --incr --debug typical --relax --mt 8 -L xil_defaultlib -L unisims_ver -L unimacro_ver -L secureip --snapshot uart_rx_wrapper_tb_behav xil_defaultlib.uart_rx_wrapper_tb xil_defaultlib.glbl -log elaborate.log 
Using 8 slave threads.
Starting static elaboration
Completed static elaboration
Starting simulation data flow analysis
Completed simulation data flow analysis
Time Resolution for simulation is 1ps
Compiling module xil_defaultlib.uart_rxm_ex(BITCOUNTMAX=9,SAMPLE...
Compiling module xil_defaultlib.seven_seg
Compiling module xil_defaultlib.uart_rx_wrapper(BITCOUNTMAX=9)
Compiling module xil_defaultlib.uart_rx_wrapper_tb
Compiling module xil_defaultlib.glbl
Built simulation snapshot uart_rx_wrapper_tb_behav
INFO: [USF-XSim-69] 'elaborate' step finished in '1' seconds
Vivado Simulator 2018.3
Time resolution is 1 ps
run all
$finish called at time : 1265870 ns : File "/home/ukallakuri/hardware_design/designs/uart/UART_behavioural/UART_behavioural.srcs/sim_1/new/uart_rx_wrapper_tb.v" Line 96
relaunch_sim
INFO: [Vivado 12-5682] Launching behavioral simulation in '/home/ukallakuri/hardware_design/designs/uart/UART_behavioural/UART_behavioural.sim/sim_1/behav/xsim'
INFO: [SIM-utils-51] Simulation object is 'sim_1'
INFO: [SIM-utils-54] Inspecting design source files for 'uart_rx_wrapper_tb' in fileset 'sim_1'...
INFO: [USF-XSim-97] Finding global include files...
INFO: [USF-XSim-98] Fetching design files from 'sim_1'...
INFO: [USF-XSim-2] XSim::Compile design
INFO: [USF-XSim-61] Executing 'COMPILE and ANALYZE' step in '/home/ukallakuri/hardware_design/designs/uart/UART_behavioural/UART_behavioural.sim/sim_1/behav/xsim'
xvlog --incr --relax -prj uart_rx_wrapper_tb_vlog.prj
INFO: [VRFC 10-2263] Analyzing Verilog file "/home/ukallakuri/hardware_design/designs/uart/UART_behavioural/UART_behavioural.srcs/sources_1/new/seven_seg.v" into library xil_defaultlib
INFO: [VRFC 10-311] analyzing module seven_seg
INFO: [VRFC 10-2263] Analyzing Verilog file "/home/ukallakuri/hardware_design/designs/uart/UART_behavioural/UART_behavioural.srcs/sources_1/new/uart_rx_wrapper.v" into library xil_defaultlib
INFO: [VRFC 10-311] analyzing module uart_rx_wrapper
INFO: [VRFC 10-2263] Analyzing Verilog file "/home/ukallakuri/hardware_design/designs/uart/UART_behavioural/UART_behavioural.srcs/sources_1/new/uart_rxm_ex.v" into library xil_defaultlib
INFO: [VRFC 10-311] analyzing module uart_rxm_ex
INFO: [VRFC 10-2263] Analyzing Verilog file "/home/ukallakuri/hardware_design/designs/uart/UART_behavioural/UART_behavioural.srcs/sim_1/new/uart_rx_wrapper_tb.v" into library xil_defaultlib
INFO: [VRFC 10-311] analyzing module uart_rx_wrapper_tb
INFO: [USF-XSim-69] 'compile' step finished in '1' seconds
INFO: [Vivado 12-5682] Launching behavioral simulation in '/home/ukallakuri/hardware_design/designs/uart/UART_behavioural/UART_behavioural.sim/sim_1/behav/xsim'
INFO: [USF-XSim-3] XSim::Elaborate design
INFO: [USF-XSim-61] Executing 'ELABORATE' step in '/home/ukallakuri/hardware_design/designs/uart/UART_behavioural/UART_behavioural.sim/sim_1/behav/xsim'
Vivado Simulator 2018.3
Copyright 1986-1999, 2001-2018 Xilinx, Inc. All Rights Reserved.
Running: /tools/Xilinx/Vivado/2018.3/bin/unwrapped/lnx64.o/xelab -wto f1005e7cfe0e449eb56bf04cfa95922e --incr --debug typical --relax --mt 8 -L xil_defaultlib -L unisims_ver -L unimacro_ver -L secureip --snapshot uart_rx_wrapper_tb_behav xil_defaultlib.uart_rx_wrapper_tb xil_defaultlib.glbl -log elaborate.log 
Using 8 slave threads.
Starting static elaboration
Completed static elaboration
Starting simulation data flow analysis
Completed simulation data flow analysis
Time Resolution for simulation is 1ps
Compiling module xil_defaultlib.uart_rxm_ex(BITCOUNTMAX=9,SAMPLE...
Compiling module xil_defaultlib.seven_seg
Compiling module xil_defaultlib.uart_rx_wrapper(BITCOUNTMAX=9)
Compiling module xil_defaultlib.uart_rx_wrapper_tb
Compiling module xil_defaultlib.glbl
Built simulation snapshot uart_rx_wrapper_tb_behav
INFO: [USF-XSim-69] 'elaborate' step finished in '1' seconds
Vivado Simulator 2018.3
Time resolution is 1 ps
run all
$finish called at time : 1265870 ns : File "/home/ukallakuri/hardware_design/designs/uart/UART_behavioural/UART_behavioural.srcs/sim_1/new/uart_rx_wrapper_tb.v" Line 96
relaunch_sim
INFO: [Vivado 12-5682] Launching behavioral simulation in '/home/ukallakuri/hardware_design/designs/uart/UART_behavioural/UART_behavioural.sim/sim_1/behav/xsim'
INFO: [SIM-utils-51] Simulation object is 'sim_1'
INFO: [SIM-utils-54] Inspecting design source files for 'uart_rx_wrapper_tb' in fileset 'sim_1'...
INFO: [USF-XSim-97] Finding global include files...
INFO: [USF-XSim-98] Fetching design files from 'sim_1'...
INFO: [USF-XSim-2] XSim::Compile design
INFO: [USF-XSim-61] Executing 'COMPILE and ANALYZE' step in '/home/ukallakuri/hardware_design/designs/uart/UART_behavioural/UART_behavioural.sim/sim_1/behav/xsim'
xvlog --incr --relax -prj uart_rx_wrapper_tb_vlog.prj
INFO: [USF-XSim-69] 'compile' step finished in '1' seconds
INFO: [Vivado 12-5682] Launching behavioral simulation in '/home/ukallakuri/hardware_design/designs/uart/UART_behavioural/UART_behavioural.sim/sim_1/behav/xsim'
INFO: [USF-XSim-3] XSim::Elaborate design
INFO: [USF-XSim-61] Executing 'ELABORATE' step in '/home/ukallakuri/hardware_design/designs/uart/UART_behavioural/UART_behavioural.sim/sim_1/behav/xsim'
Vivado Simulator 2018.3
Copyright 1986-1999, 2001-2018 Xilinx, Inc. All Rights Reserved.
Running: /tools/Xilinx/Vivado/2018.3/bin/unwrapped/lnx64.o/xelab -wto f1005e7cfe0e449eb56bf04cfa95922e --incr --debug typical --relax --mt 8 -L xil_defaultlib -L unisims_ver -L unimacro_ver -L secureip --snapshot uart_rx_wrapper_tb_behav xil_defaultlib.uart_rx_wrapper_tb xil_defaultlib.glbl -log elaborate.log 
Using 8 slave threads.
Starting static elaboration
Completed static elaboration
INFO: [XSIM 43-4323] No Change in HDL. Linking previously generated obj files to create kernel
INFO: [USF-XSim-69] 'elaborate' step finished in '0' seconds
Vivado Simulator 2018.3
Time resolution is 1 ps
run all
$finish called at time : 1265870 ns : File "/home/ukallakuri/hardware_design/designs/uart/UART_behavioural/UART_behavioural.srcs/sim_1/new/uart_rx_wrapper_tb.v" Line 96
relaunch_sim
INFO: [Vivado 12-5682] Launching behavioral simulation in '/home/ukallakuri/hardware_design/designs/uart/UART_behavioural/UART_behavioural.sim/sim_1/behav/xsim'
INFO: [SIM-utils-51] Simulation object is 'sim_1'
INFO: [SIM-utils-54] Inspecting design source files for 'uart_rx_wrapper_tb' in fileset 'sim_1'...
INFO: [USF-XSim-97] Finding global include files...
INFO: [USF-XSim-98] Fetching design files from 'sim_1'...
INFO: [USF-XSim-2] XSim::Compile design
INFO: [USF-XSim-61] Executing 'COMPILE and ANALYZE' step in '/home/ukallakuri/hardware_design/designs/uart/UART_behavioural/UART_behavioural.sim/sim_1/behav/xsim'
xvlog --incr --relax -prj uart_rx_wrapper_tb_vlog.prj
INFO: [VRFC 10-2263] Analyzing Verilog file "/home/ukallakuri/hardware_design/designs/uart/UART_behavioural/UART_behavioural.srcs/sources_1/new/seven_seg.v" into library xil_defaultlib
INFO: [VRFC 10-311] analyzing module seven_seg
INFO: [VRFC 10-2263] Analyzing Verilog file "/home/ukallakuri/hardware_design/designs/uart/UART_behavioural/UART_behavioural.srcs/sources_1/new/uart_rx_wrapper.v" into library xil_defaultlib
INFO: [VRFC 10-311] analyzing module uart_rx_wrapper
INFO: [VRFC 10-2263] Analyzing Verilog file "/home/ukallakuri/hardware_design/designs/uart/UART_behavioural/UART_behavioural.srcs/sources_1/new/uart_rxm_ex.v" into library xil_defaultlib
INFO: [VRFC 10-311] analyzing module uart_rxm_ex
INFO: [VRFC 10-2263] Analyzing Verilog file "/home/ukallakuri/hardware_design/designs/uart/UART_behavioural/UART_behavioural.srcs/sim_1/new/uart_rx_wrapper_tb.v" into library xil_defaultlib
INFO: [VRFC 10-311] analyzing module uart_rx_wrapper_tb
INFO: [USF-XSim-69] 'compile' step finished in '1' seconds
INFO: [Vivado 12-5682] Launching behavioral simulation in '/home/ukallakuri/hardware_design/designs/uart/UART_behavioural/UART_behavioural.sim/sim_1/behav/xsim'
INFO: [USF-XSim-3] XSim::Elaborate design
INFO: [USF-XSim-61] Executing 'ELABORATE' step in '/home/ukallakuri/hardware_design/designs/uart/UART_behavioural/UART_behavioural.sim/sim_1/behav/xsim'
Vivado Simulator 2018.3
Copyright 1986-1999, 2001-2018 Xilinx, Inc. All Rights Reserved.
Running: /tools/Xilinx/Vivado/2018.3/bin/unwrapped/lnx64.o/xelab -wto f1005e7cfe0e449eb56bf04cfa95922e --incr --debug typical --relax --mt 8 -L xil_defaultlib -L unisims_ver -L unimacro_ver -L secureip --snapshot uart_rx_wrapper_tb_behav xil_defaultlib.uart_rx_wrapper_tb xil_defaultlib.glbl -log elaborate.log 
Using 8 slave threads.
Starting static elaboration
Completed static elaboration
Starting simulation data flow analysis
Completed simulation data flow analysis
Time Resolution for simulation is 1ps
Compiling module xil_defaultlib.uart_rxm_ex(BITCOUNTMAX=9,SAMPLE...
Compiling module xil_defaultlib.seven_seg
Compiling module xil_defaultlib.uart_rx_wrapper(BITCOUNTMAX=9)
Compiling module xil_defaultlib.uart_rx_wrapper_tb
Compiling module xil_defaultlib.glbl
Built simulation snapshot uart_rx_wrapper_tb_behav
INFO: [USF-XSim-69] 'elaborate' step finished in '1' seconds
Vivado Simulator 2018.3
Time resolution is 1 ps
run all
$finish called at time : 1057530 ns : File "/home/ukallakuri/hardware_design/designs/uart/UART_behavioural/UART_behavioural.srcs/sim_1/new/uart_rx_wrapper_tb.v" Line 96
relaunch_sim
INFO: [Vivado 12-5682] Launching behavioral simulation in '/home/ukallakuri/hardware_design/designs/uart/UART_behavioural/UART_behavioural.sim/sim_1/behav/xsim'
INFO: [SIM-utils-51] Simulation object is 'sim_1'
INFO: [SIM-utils-54] Inspecting design source files for 'uart_rx_wrapper_tb' in fileset 'sim_1'...
INFO: [USF-XSim-97] Finding global include files...
INFO: [USF-XSim-98] Fetching design files from 'sim_1'...
INFO: [USF-XSim-2] XSim::Compile design
INFO: [USF-XSim-61] Executing 'COMPILE and ANALYZE' step in '/home/ukallakuri/hardware_design/designs/uart/UART_behavioural/UART_behavioural.sim/sim_1/behav/xsim'
xvlog --incr --relax -prj uart_rx_wrapper_tb_vlog.prj
INFO: [USF-XSim-69] 'compile' step finished in '1' seconds
INFO: [Vivado 12-5682] Launching behavioral simulation in '/home/ukallakuri/hardware_design/designs/uart/UART_behavioural/UART_behavioural.sim/sim_1/behav/xsim'
INFO: [USF-XSim-3] XSim::Elaborate design
INFO: [USF-XSim-61] Executing 'ELABORATE' step in '/home/ukallakuri/hardware_design/designs/uart/UART_behavioural/UART_behavioural.sim/sim_1/behav/xsim'
Vivado Simulator 2018.3
Copyright 1986-1999, 2001-2018 Xilinx, Inc. All Rights Reserved.
Running: /tools/Xilinx/Vivado/2018.3/bin/unwrapped/lnx64.o/xelab -wto f1005e7cfe0e449eb56bf04cfa95922e --incr --debug typical --relax --mt 8 -L xil_defaultlib -L unisims_ver -L unimacro_ver -L secureip --snapshot uart_rx_wrapper_tb_behav xil_defaultlib.uart_rx_wrapper_tb xil_defaultlib.glbl -log elaborate.log 
Using 8 slave threads.
Starting static elaboration
Completed static elaboration
INFO: [XSIM 43-4323] No Change in HDL. Linking previously generated obj files to create kernel
INFO: [USF-XSim-69] 'elaborate' step finished in '0' seconds
Vivado Simulator 2018.3
Time resolution is 1 ps
run all
$finish called at time : 1057530 ns : File "/home/ukallakuri/hardware_design/designs/uart/UART_behavioural/UART_behavioural.srcs/sim_1/new/uart_rx_wrapper_tb.v" Line 96
relaunch_sim
INFO: [Vivado 12-5682] Launching behavioral simulation in '/home/ukallakuri/hardware_design/designs/uart/UART_behavioural/UART_behavioural.sim/sim_1/behav/xsim'
INFO: [SIM-utils-51] Simulation object is 'sim_1'
INFO: [SIM-utils-54] Inspecting design source files for 'uart_rx_wrapper_tb' in fileset 'sim_1'...
INFO: [USF-XSim-97] Finding global include files...
INFO: [USF-XSim-98] Fetching design files from 'sim_1'...
INFO: [USF-XSim-2] XSim::Compile design
INFO: [USF-XSim-61] Executing 'COMPILE and ANALYZE' step in '/home/ukallakuri/hardware_design/designs/uart/UART_behavioural/UART_behavioural.sim/sim_1/behav/xsim'
xvlog --incr --relax -prj uart_rx_wrapper_tb_vlog.prj
INFO: [VRFC 10-2263] Analyzing Verilog file "/home/ukallakuri/hardware_design/designs/uart/UART_behavioural/UART_behavioural.srcs/sources_1/new/seven_seg.v" into library xil_defaultlib
INFO: [VRFC 10-311] analyzing module seven_seg
INFO: [VRFC 10-2263] Analyzing Verilog file "/home/ukallakuri/hardware_design/designs/uart/UART_behavioural/UART_behavioural.srcs/sources_1/new/uart_rx_wrapper.v" into library xil_defaultlib
INFO: [VRFC 10-311] analyzing module uart_rx_wrapper
INFO: [VRFC 10-2263] Analyzing Verilog file "/home/ukallakuri/hardware_design/designs/uart/UART_behavioural/UART_behavioural.srcs/sources_1/new/uart_rxm_ex.v" into library xil_defaultlib
INFO: [VRFC 10-311] analyzing module uart_rxm_ex
INFO: [VRFC 10-2263] Analyzing Verilog file "/home/ukallakuri/hardware_design/designs/uart/UART_behavioural/UART_behavioural.srcs/sim_1/new/uart_rx_wrapper_tb.v" into library xil_defaultlib
INFO: [VRFC 10-311] analyzing module uart_rx_wrapper_tb
INFO: [USF-XSim-69] 'compile' step finished in '1' seconds
INFO: [Vivado 12-5682] Launching behavioral simulation in '/home/ukallakuri/hardware_design/designs/uart/UART_behavioural/UART_behavioural.sim/sim_1/behav/xsim'
INFO: [USF-XSim-3] XSim::Elaborate design
INFO: [USF-XSim-61] Executing 'ELABORATE' step in '/home/ukallakuri/hardware_design/designs/uart/UART_behavioural/UART_behavioural.sim/sim_1/behav/xsim'
Vivado Simulator 2018.3
Copyright 1986-1999, 2001-2018 Xilinx, Inc. All Rights Reserved.
Running: /tools/Xilinx/Vivado/2018.3/bin/unwrapped/lnx64.o/xelab -wto f1005e7cfe0e449eb56bf04cfa95922e --incr --debug typical --relax --mt 8 -L xil_defaultlib -L unisims_ver -L unimacro_ver -L secureip --snapshot uart_rx_wrapper_tb_behav xil_defaultlib.uart_rx_wrapper_tb xil_defaultlib.glbl -log elaborate.log 
Using 8 slave threads.
Starting static elaboration
Completed static elaboration
Starting simulation data flow analysis
Completed simulation data flow analysis
Time Resolution for simulation is 1ps
Compiling module xil_defaultlib.uart_rxm_ex(BITCOUNTMAX=8,SAMPLE...
Compiling module xil_defaultlib.seven_seg
Compiling module xil_defaultlib.uart_rx_wrapper(BITCOUNTMAX=8)
Compiling module xil_defaultlib.uart_rx_wrapper_tb
Compiling module xil_defaultlib.glbl
Built simulation snapshot uart_rx_wrapper_tb_behav
INFO: [USF-XSim-69] 'elaborate' step finished in '1' seconds
Vivado Simulator 2018.3
Time resolution is 1 ps
run all
$finish called at time : 1057530 ns : File "/home/ukallakuri/hardware_design/designs/uart/UART_behavioural/UART_behavioural.srcs/sim_1/new/uart_rx_wrapper_tb.v" Line 96
relaunch_sim
INFO: [Vivado 12-5682] Launching behavioral simulation in '/home/ukallakuri/hardware_design/designs/uart/UART_behavioural/UART_behavioural.sim/sim_1/behav/xsim'
INFO: [SIM-utils-51] Simulation object is 'sim_1'
INFO: [SIM-utils-54] Inspecting design source files for 'uart_rx_wrapper_tb' in fileset 'sim_1'...
INFO: [USF-XSim-97] Finding global include files...
INFO: [USF-XSim-98] Fetching design files from 'sim_1'...
INFO: [USF-XSim-2] XSim::Compile design
INFO: [USF-XSim-61] Executing 'COMPILE and ANALYZE' step in '/home/ukallakuri/hardware_design/designs/uart/UART_behavioural/UART_behavioural.sim/sim_1/behav/xsim'
xvlog --incr --relax -prj uart_rx_wrapper_tb_vlog.prj
INFO: [VRFC 10-2263] Analyzing Verilog file "/home/ukallakuri/hardware_design/designs/uart/UART_behavioural/UART_behavioural.srcs/sources_1/new/seven_seg.v" into library xil_defaultlib
INFO: [VRFC 10-311] analyzing module seven_seg
INFO: [VRFC 10-2263] Analyzing Verilog file "/home/ukallakuri/hardware_design/designs/uart/UART_behavioural/UART_behavioural.srcs/sources_1/new/uart_rx_wrapper.v" into library xil_defaultlib
INFO: [VRFC 10-311] analyzing module uart_rx_wrapper
INFO: [VRFC 10-2263] Analyzing Verilog file "/home/ukallakuri/hardware_design/designs/uart/UART_behavioural/UART_behavioural.srcs/sources_1/new/uart_rxm_ex.v" into library xil_defaultlib
INFO: [VRFC 10-311] analyzing module uart_rxm_ex
INFO: [VRFC 10-2263] Analyzing Verilog file "/home/ukallakuri/hardware_design/designs/uart/UART_behavioural/UART_behavioural.srcs/sim_1/new/uart_rx_wrapper_tb.v" into library xil_defaultlib
INFO: [VRFC 10-311] analyzing module uart_rx_wrapper_tb
INFO: [USF-XSim-69] 'compile' step finished in '1' seconds
INFO: [Vivado 12-5682] Launching behavioral simulation in '/home/ukallakuri/hardware_design/designs/uart/UART_behavioural/UART_behavioural.sim/sim_1/behav/xsim'
INFO: [USF-XSim-3] XSim::Elaborate design
INFO: [USF-XSim-61] Executing 'ELABORATE' step in '/home/ukallakuri/hardware_design/designs/uart/UART_behavioural/UART_behavioural.sim/sim_1/behav/xsim'
Vivado Simulator 2018.3
Copyright 1986-1999, 2001-2018 Xilinx, Inc. All Rights Reserved.
Running: /tools/Xilinx/Vivado/2018.3/bin/unwrapped/lnx64.o/xelab -wto f1005e7cfe0e449eb56bf04cfa95922e --incr --debug typical --relax --mt 8 -L xil_defaultlib -L unisims_ver -L unimacro_ver -L secureip --snapshot uart_rx_wrapper_tb_behav xil_defaultlib.uart_rx_wrapper_tb xil_defaultlib.glbl -log elaborate.log 
Using 8 slave threads.
Starting static elaboration
Completed static elaboration
Starting simulation data flow analysis
Completed simulation data flow analysis
Time Resolution for simulation is 1ps
Compiling module xil_defaultlib.uart_rxm_ex(BITCOUNTMAX=8,SAMPLE...
Compiling module xil_defaultlib.seven_seg
Compiling module xil_defaultlib.uart_rx_wrapper(BITCOUNTMAX=8)
Compiling module xil_defaultlib.uart_rx_wrapper_tb
Compiling module xil_defaultlib.glbl
Built simulation snapshot uart_rx_wrapper_tb_behav
INFO: [USF-XSim-69] 'elaborate' step finished in '1' seconds
Vivado Simulator 2018.3
Time resolution is 1 ps
run all
$finish called at time : 2095060 ns : File "/home/ukallakuri/hardware_design/designs/uart/UART_behavioural/UART_behavioural.srcs/sim_1/new/uart_rx_wrapper_tb.v" Line 111
relaunch_sim
INFO: [Vivado 12-5682] Launching behavioral simulation in '/home/ukallakuri/hardware_design/designs/uart/UART_behavioural/UART_behavioural.sim/sim_1/behav/xsim'
INFO: [SIM-utils-51] Simulation object is 'sim_1'
INFO: [SIM-utils-54] Inspecting design source files for 'uart_rx_wrapper_tb' in fileset 'sim_1'...
INFO: [USF-XSim-97] Finding global include files...
INFO: [USF-XSim-98] Fetching design files from 'sim_1'...
INFO: [USF-XSim-2] XSim::Compile design
INFO: [USF-XSim-61] Executing 'COMPILE and ANALYZE' step in '/home/ukallakuri/hardware_design/designs/uart/UART_behavioural/UART_behavioural.sim/sim_1/behav/xsim'
xvlog --incr --relax -prj uart_rx_wrapper_tb_vlog.prj
INFO: [VRFC 10-2263] Analyzing Verilog file "/home/ukallakuri/hardware_design/designs/uart/UART_behavioural/UART_behavioural.srcs/sources_1/new/seven_seg.v" into library xil_defaultlib
INFO: [VRFC 10-311] analyzing module seven_seg
INFO: [VRFC 10-2263] Analyzing Verilog file "/home/ukallakuri/hardware_design/designs/uart/UART_behavioural/UART_behavioural.srcs/sources_1/new/uart_rx_wrapper.v" into library xil_defaultlib
INFO: [VRFC 10-311] analyzing module uart_rx_wrapper
INFO: [VRFC 10-2263] Analyzing Verilog file "/home/ukallakuri/hardware_design/designs/uart/UART_behavioural/UART_behavioural.srcs/sources_1/new/uart_rxm_ex.v" into library xil_defaultlib
INFO: [VRFC 10-311] analyzing module uart_rxm_ex
INFO: [VRFC 10-2263] Analyzing Verilog file "/home/ukallakuri/hardware_design/designs/uart/UART_behavioural/UART_behavioural.srcs/sim_1/new/uart_rx_wrapper_tb.v" into library xil_defaultlib
INFO: [VRFC 10-311] analyzing module uart_rx_wrapper_tb
INFO: [USF-XSim-69] 'compile' step finished in '1' seconds
INFO: [Vivado 12-5682] Launching behavioral simulation in '/home/ukallakuri/hardware_design/designs/uart/UART_behavioural/UART_behavioural.sim/sim_1/behav/xsim'
INFO: [USF-XSim-3] XSim::Elaborate design
INFO: [USF-XSim-61] Executing 'ELABORATE' step in '/home/ukallakuri/hardware_design/designs/uart/UART_behavioural/UART_behavioural.sim/sim_1/behav/xsim'
Vivado Simulator 2018.3
Copyright 1986-1999, 2001-2018 Xilinx, Inc. All Rights Reserved.
Running: /tools/Xilinx/Vivado/2018.3/bin/unwrapped/lnx64.o/xelab -wto f1005e7cfe0e449eb56bf04cfa95922e --incr --debug typical --relax --mt 8 -L xil_defaultlib -L unisims_ver -L unimacro_ver -L secureip --snapshot uart_rx_wrapper_tb_behav xil_defaultlib.uart_rx_wrapper_tb xil_defaultlib.glbl -log elaborate.log 
Using 8 slave threads.
Starting static elaboration
Completed static elaboration
Starting simulation data flow analysis
Completed simulation data flow analysis
Time Resolution for simulation is 1ps
Compiling module xil_defaultlib.uart_rxm_ex(BITCOUNTMAX=8,SAMPLE...
Compiling module xil_defaultlib.seven_seg
Compiling module xil_defaultlib.uart_rx_wrapper(BITCOUNTMAX=8)
Compiling module xil_defaultlib.uart_rx_wrapper_tb
Compiling module xil_defaultlib.glbl
Built simulation snapshot uart_rx_wrapper_tb_behav
INFO: [USF-XSim-69] 'elaborate' step finished in '1' seconds
Vivado Simulator 2018.3
Time resolution is 1 ps
run all
$finish called at time : 2042970 ns : File "/home/ukallakuri/hardware_design/designs/uart/UART_behavioural/UART_behavioural.srcs/sim_1/new/uart_rx_wrapper_tb.v" Line 111
relaunch_sim
INFO: [Vivado 12-5682] Launching behavioral simulation in '/home/ukallakuri/hardware_design/designs/uart/UART_behavioural/UART_behavioural.sim/sim_1/behav/xsim'
INFO: [SIM-utils-51] Simulation object is 'sim_1'
INFO: [SIM-utils-54] Inspecting design source files for 'uart_rx_wrapper_tb' in fileset 'sim_1'...
INFO: [USF-XSim-97] Finding global include files...
INFO: [USF-XSim-98] Fetching design files from 'sim_1'...
INFO: [USF-XSim-2] XSim::Compile design
INFO: [USF-XSim-61] Executing 'COMPILE and ANALYZE' step in '/home/ukallakuri/hardware_design/designs/uart/UART_behavioural/UART_behavioural.sim/sim_1/behav/xsim'
xvlog --incr --relax -prj uart_rx_wrapper_tb_vlog.prj
INFO: [VRFC 10-2263] Analyzing Verilog file "/home/ukallakuri/hardware_design/designs/uart/UART_behavioural/UART_behavioural.srcs/sources_1/new/seven_seg.v" into library xil_defaultlib
INFO: [VRFC 10-311] analyzing module seven_seg
INFO: [VRFC 10-2263] Analyzing Verilog file "/home/ukallakuri/hardware_design/designs/uart/UART_behavioural/UART_behavioural.srcs/sources_1/new/uart_rx_wrapper.v" into library xil_defaultlib
INFO: [VRFC 10-311] analyzing module uart_rx_wrapper
INFO: [VRFC 10-2263] Analyzing Verilog file "/home/ukallakuri/hardware_design/designs/uart/UART_behavioural/UART_behavioural.srcs/sources_1/new/uart_rxm_ex.v" into library xil_defaultlib
INFO: [VRFC 10-311] analyzing module uart_rxm_ex
INFO: [VRFC 10-2263] Analyzing Verilog file "/home/ukallakuri/hardware_design/designs/uart/UART_behavioural/UART_behavioural.srcs/sim_1/new/uart_rx_wrapper_tb.v" into library xil_defaultlib
INFO: [VRFC 10-311] analyzing module uart_rx_wrapper_tb
INFO: [USF-XSim-69] 'compile' step finished in '1' seconds
INFO: [Vivado 12-5682] Launching behavioral simulation in '/home/ukallakuri/hardware_design/designs/uart/UART_behavioural/UART_behavioural.sim/sim_1/behav/xsim'
INFO: [USF-XSim-3] XSim::Elaborate design
INFO: [USF-XSim-61] Executing 'ELABORATE' step in '/home/ukallakuri/hardware_design/designs/uart/UART_behavioural/UART_behavioural.sim/sim_1/behav/xsim'
Vivado Simulator 2018.3
Copyright 1986-1999, 2001-2018 Xilinx, Inc. All Rights Reserved.
Running: /tools/Xilinx/Vivado/2018.3/bin/unwrapped/lnx64.o/xelab -wto f1005e7cfe0e449eb56bf04cfa95922e --incr --debug typical --relax --mt 8 -L xil_defaultlib -L unisims_ver -L unimacro_ver -L secureip --snapshot uart_rx_wrapper_tb_behav xil_defaultlib.uart_rx_wrapper_tb xil_defaultlib.glbl -log elaborate.log 
Using 8 slave threads.
Starting static elaboration
Completed static elaboration
Starting simulation data flow analysis
Completed simulation data flow analysis
Time Resolution for simulation is 1ps
Compiling module xil_defaultlib.uart_rxm_ex(BITCOUNTMAX=8,SAMPLE...
Compiling module xil_defaultlib.seven_seg
Compiling module xil_defaultlib.uart_rx_wrapper(BITCOUNTMAX=8)
Compiling module xil_defaultlib.uart_rx_wrapper_tb
Compiling module xil_defaultlib.glbl
Built simulation snapshot uart_rx_wrapper_tb_behav
INFO: [USF-XSim-69] 'elaborate' step finished in '1' seconds
Vivado Simulator 2018.3
Time resolution is 1 ps
run all
$finish called at time : 2095060 ns : File "/home/ukallakuri/hardware_design/designs/uart/UART_behavioural/UART_behavioural.srcs/sim_1/new/uart_rx_wrapper_tb.v" Line 111
relaunch_sim
INFO: [Vivado 12-5682] Launching behavioral simulation in '/home/ukallakuri/hardware_design/designs/uart/UART_behavioural/UART_behavioural.sim/sim_1/behav/xsim'
INFO: [SIM-utils-51] Simulation object is 'sim_1'
INFO: [SIM-utils-54] Inspecting design source files for 'uart_rx_wrapper_tb' in fileset 'sim_1'...
INFO: [USF-XSim-97] Finding global include files...
INFO: [USF-XSim-98] Fetching design files from 'sim_1'...
INFO: [USF-XSim-2] XSim::Compile design
INFO: [USF-XSim-61] Executing 'COMPILE and ANALYZE' step in '/home/ukallakuri/hardware_design/designs/uart/UART_behavioural/UART_behavioural.sim/sim_1/behav/xsim'
xvlog --incr --relax -prj uart_rx_wrapper_tb_vlog.prj
INFO: [VRFC 10-2263] Analyzing Verilog file "/home/ukallakuri/hardware_design/designs/uart/UART_behavioural/UART_behavioural.srcs/sources_1/new/seven_seg.v" into library xil_defaultlib
INFO: [VRFC 10-311] analyzing module seven_seg
INFO: [VRFC 10-2263] Analyzing Verilog file "/home/ukallakuri/hardware_design/designs/uart/UART_behavioural/UART_behavioural.srcs/sources_1/new/uart_rx_wrapper.v" into library xil_defaultlib
INFO: [VRFC 10-311] analyzing module uart_rx_wrapper
INFO: [VRFC 10-2263] Analyzing Verilog file "/home/ukallakuri/hardware_design/designs/uart/UART_behavioural/UART_behavioural.srcs/sources_1/new/uart_rxm_ex.v" into library xil_defaultlib
INFO: [VRFC 10-311] analyzing module uart_rxm_ex
INFO: [VRFC 10-2263] Analyzing Verilog file "/home/ukallakuri/hardware_design/designs/uart/UART_behavioural/UART_behavioural.srcs/sim_1/new/uart_rx_wrapper_tb.v" into library xil_defaultlib
INFO: [VRFC 10-311] analyzing module uart_rx_wrapper_tb
INFO: [USF-XSim-69] 'compile' step finished in '1' seconds
INFO: [Vivado 12-5682] Launching behavioral simulation in '/home/ukallakuri/hardware_design/designs/uart/UART_behavioural/UART_behavioural.sim/sim_1/behav/xsim'
INFO: [USF-XSim-3] XSim::Elaborate design
INFO: [USF-XSim-61] Executing 'ELABORATE' step in '/home/ukallakuri/hardware_design/designs/uart/UART_behavioural/UART_behavioural.sim/sim_1/behav/xsim'
Vivado Simulator 2018.3
Copyright 1986-1999, 2001-2018 Xilinx, Inc. All Rights Reserved.
Running: /tools/Xilinx/Vivado/2018.3/bin/unwrapped/lnx64.o/xelab -wto f1005e7cfe0e449eb56bf04cfa95922e --incr --debug typical --relax --mt 8 -L xil_defaultlib -L unisims_ver -L unimacro_ver -L secureip --snapshot uart_rx_wrapper_tb_behav xil_defaultlib.uart_rx_wrapper_tb xil_defaultlib.glbl -log elaborate.log 
Using 8 slave threads.
Starting static elaboration
Completed static elaboration
Starting simulation data flow analysis
Completed simulation data flow analysis
Time Resolution for simulation is 1ps
Compiling module xil_defaultlib.uart_rxm_ex(BITCOUNTMAX=8,SAMPLE...
Compiling module xil_defaultlib.seven_seg
Compiling module xil_defaultlib.uart_rx_wrapper(BITCOUNTMAX=8)
Compiling module xil_defaultlib.uart_rx_wrapper_tb
Compiling module xil_defaultlib.glbl
Built simulation snapshot uart_rx_wrapper_tb_behav
INFO: [USF-XSim-69] 'elaborate' step finished in '1' seconds
Vivado Simulator 2018.3
Time resolution is 1 ps
relaunch_sim
INFO: [Vivado 12-5682] Launching behavioral simulation in '/home/ukallakuri/hardware_design/designs/uart/UART_behavioural/UART_behavioural.sim/sim_1/behav/xsim'
INFO: [SIM-utils-51] Simulation object is 'sim_1'
INFO: [SIM-utils-54] Inspecting design source files for 'uart_rx_wrapper_tb' in fileset 'sim_1'...
INFO: [USF-XSim-97] Finding global include files...
INFO: [USF-XSim-98] Fetching design files from 'sim_1'...
INFO: [USF-XSim-2] XSim::Compile design
INFO: [USF-XSim-61] Executing 'COMPILE and ANALYZE' step in '/home/ukallakuri/hardware_design/designs/uart/UART_behavioural/UART_behavioural.sim/sim_1/behav/xsim'
xvlog --incr --relax -prj uart_rx_wrapper_tb_vlog.prj
INFO: [VRFC 10-2263] Analyzing Verilog file "/home/ukallakuri/hardware_design/designs/uart/UART_behavioural/UART_behavioural.srcs/sources_1/new/seven_seg.v" into library xil_defaultlib
INFO: [VRFC 10-311] analyzing module seven_seg
INFO: [VRFC 10-2263] Analyzing Verilog file "/home/ukallakuri/hardware_design/designs/uart/UART_behavioural/UART_behavioural.srcs/sources_1/new/uart_rx_wrapper.v" into library xil_defaultlib
INFO: [VRFC 10-311] analyzing module uart_rx_wrapper
INFO: [VRFC 10-2263] Analyzing Verilog file "/home/ukallakuri/hardware_design/designs/uart/UART_behavioural/UART_behavioural.srcs/sources_1/new/uart_rxm_ex.v" into library xil_defaultlib
INFO: [VRFC 10-311] analyzing module uart_rxm_ex
INFO: [VRFC 10-2263] Analyzing Verilog file "/home/ukallakuri/hardware_design/designs/uart/UART_behavioural/UART_behavioural.srcs/sim_1/new/uart_rx_wrapper_tb.v" into library xil_defaultlib
INFO: [VRFC 10-311] analyzing module uart_rx_wrapper_tb
INFO: [USF-XSim-69] 'compile' step finished in '1' seconds
INFO: [Vivado 12-5682] Launching behavioral simulation in '/home/ukallakuri/hardware_design/designs/uart/UART_behavioural/UART_behavioural.sim/sim_1/behav/xsim'
INFO: [USF-XSim-3] XSim::Elaborate design
INFO: [USF-XSim-61] Executing 'ELABORATE' step in '/home/ukallakuri/hardware_design/designs/uart/UART_behavioural/UART_behavioural.sim/sim_1/behav/xsim'
Vivado Simulator 2018.3
Copyright 1986-1999, 2001-2018 Xilinx, Inc. All Rights Reserved.
Running: /tools/Xilinx/Vivado/2018.3/bin/unwrapped/lnx64.o/xelab -wto f1005e7cfe0e449eb56bf04cfa95922e --incr --debug typical --relax --mt 8 -L xil_defaultlib -L unisims_ver -L unimacro_ver -L secureip --snapshot uart_rx_wrapper_tb_behav xil_defaultlib.uart_rx_wrapper_tb xil_defaultlib.glbl -log elaborate.log 
Using 8 slave threads.
Starting static elaboration
Completed static elaboration
Starting simulation data flow analysis
Completed simulation data flow analysis
Time Resolution for simulation is 1ps
Compiling module xil_defaultlib.uart_rxm_ex(BITCOUNTMAX=8,SAMPLE...
Compiling module xil_defaultlib.seven_seg
Compiling module xil_defaultlib.uart_rx_wrapper(BITCOUNTMAX=8)
Compiling module xil_defaultlib.uart_rx_wrapper_tb
Compiling module xil_defaultlib.glbl
Built simulation snapshot uart_rx_wrapper_tb_behav
INFO: [USF-XSim-69] 'elaborate' step finished in '1' seconds
Vivado Simulator 2018.3
Time resolution is 1 ps
run all
$finish called at time : 1057530 ns : File "/home/ukallakuri/hardware_design/designs/uart/UART_behavioural/UART_behavioural.srcs/sim_1/new/uart_rx_wrapper_tb.v" Line 111
relaunch_sim
INFO: [Vivado 12-5682] Launching behavioral simulation in '/home/ukallakuri/hardware_design/designs/uart/UART_behavioural/UART_behavioural.sim/sim_1/behav/xsim'
INFO: [SIM-utils-51] Simulation object is 'sim_1'
INFO: [SIM-utils-54] Inspecting design source files for 'uart_rx_wrapper_tb' in fileset 'sim_1'...
INFO: [USF-XSim-97] Finding global include files...
INFO: [USF-XSim-98] Fetching design files from 'sim_1'...
INFO: [USF-XSim-2] XSim::Compile design
INFO: [USF-XSim-61] Executing 'COMPILE and ANALYZE' step in '/home/ukallakuri/hardware_design/designs/uart/UART_behavioural/UART_behavioural.sim/sim_1/behav/xsim'
xvlog --incr --relax -prj uart_rx_wrapper_tb_vlog.prj
INFO: [VRFC 10-2263] Analyzing Verilog file "/home/ukallakuri/hardware_design/designs/uart/UART_behavioural/UART_behavioural.srcs/sources_1/new/seven_seg.v" into library xil_defaultlib
INFO: [VRFC 10-311] analyzing module seven_seg
INFO: [VRFC 10-2263] Analyzing Verilog file "/home/ukallakuri/hardware_design/designs/uart/UART_behavioural/UART_behavioural.srcs/sources_1/new/uart_rx_wrapper.v" into library xil_defaultlib
INFO: [VRFC 10-311] analyzing module uart_rx_wrapper
INFO: [VRFC 10-2263] Analyzing Verilog file "/home/ukallakuri/hardware_design/designs/uart/UART_behavioural/UART_behavioural.srcs/sources_1/new/uart_rxm_ex.v" into library xil_defaultlib
INFO: [VRFC 10-311] analyzing module uart_rxm_ex
INFO: [VRFC 10-2263] Analyzing Verilog file "/home/ukallakuri/hardware_design/designs/uart/UART_behavioural/UART_behavioural.srcs/sim_1/new/uart_rx_wrapper_tb.v" into library xil_defaultlib
INFO: [VRFC 10-311] analyzing module uart_rx_wrapper_tb
INFO: [USF-XSim-69] 'compile' step finished in '1' seconds
INFO: [Vivado 12-5682] Launching behavioral simulation in '/home/ukallakuri/hardware_design/designs/uart/UART_behavioural/UART_behavioural.sim/sim_1/behav/xsim'
INFO: [USF-XSim-3] XSim::Elaborate design
INFO: [USF-XSim-61] Executing 'ELABORATE' step in '/home/ukallakuri/hardware_design/designs/uart/UART_behavioural/UART_behavioural.sim/sim_1/behav/xsim'
Vivado Simulator 2018.3
Copyright 1986-1999, 2001-2018 Xilinx, Inc. All Rights Reserved.
Running: /tools/Xilinx/Vivado/2018.3/bin/unwrapped/lnx64.o/xelab -wto f1005e7cfe0e449eb56bf04cfa95922e --incr --debug typical --relax --mt 8 -L xil_defaultlib -L unisims_ver -L unimacro_ver -L secureip --snapshot uart_rx_wrapper_tb_behav xil_defaultlib.uart_rx_wrapper_tb xil_defaultlib.glbl -log elaborate.log 
Using 8 slave threads.
Starting static elaboration
Completed static elaboration
Starting simulation data flow analysis
Completed simulation data flow analysis
Time Resolution for simulation is 1ps
Compiling module xil_defaultlib.uart_rxm_ex(BITCOUNTMAX=8,SAMPLE...
Compiling module xil_defaultlib.seven_seg
Compiling module xil_defaultlib.uart_rx_wrapper(BITCOUNTMAX=8)
Compiling module xil_defaultlib.uart_rx_wrapper_tb
Compiling module xil_defaultlib.glbl
Built simulation snapshot uart_rx_wrapper_tb_behav
INFO: [USF-XSim-69] 'elaborate' step finished in '1' seconds
Vivado Simulator 2018.3
Time resolution is 1 ps
run all
$finish called at time : 2095060 ns : File "/home/ukallakuri/hardware_design/designs/uart/UART_behavioural/UART_behavioural.srcs/sim_1/new/uart_rx_wrapper_tb.v" Line 111
close_sim
INFO: [Simtcl 6-16] Simulation closed
reset_run synth_1
launch_runs impl_1 -to_step write_bitstream -jobs 2
[Thu Oct 15 13:47:03 2020] Launched synth_1...
Run output will be captured here: /home/ukallakuri/hardware_design/designs/uart/UART_behavioural/UART_behavioural.runs/synth_1/runme.log
[Thu Oct 15 13:47:03 2020] Launched impl_1...
Run output will be captured here: /home/ukallakuri/hardware_design/designs/uart/UART_behavioural/UART_behavioural.runs/impl_1/runme.log
open_hw
connect_hw_server
INFO: [Labtools 27-2285] Connecting to hw_server url TCP:localhost:3121
INFO: [Labtools 27-2222] Launching hw_server...
INFO: [Labtools 27-2221] Launch Output:

****** Xilinx hw_server v2018.3
  **** Build date : Dec  6 2018-23:53:53
    ** Copyright 1986-2018 Xilinx, Inc. All Rights Reserved.


open_hw_target
INFO: [Labtoolstcl 44-466] Opening hw_target localhost:3121/xilinx_tcf/Digilent/210292A6E470A
set_property PROGRAM.FILE {/home/ukallakuri/hardware_design/designs/uart/UART_behavioural/UART_behavioural.runs/impl_1/uart_rx_wrapper.bit} [get_hw_devices xc7a100t_0]
current_hw_device [get_hw_devices xc7a100t_0]
refresh_hw_device -update_hw_probes false [lindex [get_hw_devices xc7a100t_0] 0]
INFO: [Labtools 27-1434] Device xc7a100t (JTAG device index = 0) is programmed with a design that has no supported debug core(s) in it.
set_property PROBES.FILE {} [get_hw_devices xc7a100t_0]
set_property FULL_PROBES.FILE {} [get_hw_devices xc7a100t_0]
set_property PROGRAM.FILE {/home/ukallakuri/hardware_design/designs/uart/UART_behavioural/UART_behavioural.runs/impl_1/uart_rx_wrapper.bit} [get_hw_devices xc7a100t_0]
program_hw_devices [get_hw_devices xc7a100t_0]
INFO: [Labtools 27-3164] End of startup status: HIGH
refresh_hw_device [lindex [get_hw_devices xc7a100t_0] 0]
INFO: [Labtools 27-1434] Device xc7a100t (JTAG device index = 0) is programmed with a design that has no supported debug core(s) in it.
close_hw
reset_run synth_1
launch_runs impl_1 -to_step write_bitstream -jobs 2
[Thu Oct 15 13:56:15 2020] Launched synth_1...
Run output will be captured here: /home/ukallakuri/hardware_design/designs/uart/UART_behavioural/UART_behavioural.runs/synth_1/runme.log
[Thu Oct 15 13:56:15 2020] Launched impl_1...
Run output will be captured here: /home/ukallakuri/hardware_design/designs/uart/UART_behavioural/UART_behavioural.runs/impl_1/runme.log
open_hw
connect_hw_server
INFO: [Labtools 27-2285] Connecting to hw_server url TCP:localhost:3121
INFO: [Labtools 27-2222] Launching hw_server...
INFO: [Labtools 27-2221] Launch Output:

****** Xilinx hw_server v2018.3
  **** Build date : Dec  6 2018-23:53:53
    ** Copyright 1986-2018 Xilinx, Inc. All Rights Reserved.


open_hw_target
INFO: [Labtoolstcl 44-466] Opening hw_target localhost:3121/xilinx_tcf/Digilent/210292A6E470A
set_property PROGRAM.FILE {/home/ukallakuri/hardware_design/designs/uart/UART_behavioural/UART_behavioural.runs/impl_1/uart_rx_wrapper.bit} [get_hw_devices xc7a100t_0]
current_hw_device [get_hw_devices xc7a100t_0]
refresh_hw_device -update_hw_probes false [lindex [get_hw_devices xc7a100t_0] 0]
INFO: [Labtools 27-1434] Device xc7a100t (JTAG device index = 0) is programmed with a design that has no supported debug core(s) in it.
set_property PROBES.FILE {} [get_hw_devices xc7a100t_0]
set_property FULL_PROBES.FILE {} [get_hw_devices xc7a100t_0]
set_property PROGRAM.FILE {/home/ukallakuri/hardware_design/designs/uart/UART_behavioural/UART_behavioural.runs/impl_1/uart_rx_wrapper.bit} [get_hw_devices xc7a100t_0]
program_hw_devices [get_hw_devices xc7a100t_0]
INFO: [Labtools 27-3164] End of startup status: HIGH
refresh_hw_device [lindex [get_hw_devices xc7a100t_0] 0]
INFO: [Labtools 27-1434] Device xc7a100t (JTAG device index = 0) is programmed with a design that has no supported debug core(s) in it.
close_hw
reset_run synth_1
launch_runs impl_1 -to_step write_bitstream -jobs 2
[Thu Oct 15 14:06:18 2020] Launched synth_1...
Run output will be captured here: /home/ukallakuri/hardware_design/designs/uart/UART_behavioural/UART_behavioural.runs/synth_1/runme.log
[Thu Oct 15 14:06:18 2020] Launched impl_1...
Run output will be captured here: /home/ukallakuri/hardware_design/designs/uart/UART_behavioural/UART_behavioural.runs/impl_1/runme.log
open_hw
connect_hw_server
INFO: [Labtools 27-2285] Connecting to hw_server url TCP:localhost:3121
INFO: [Labtools 27-2222] Launching hw_server...
INFO: [Labtools 27-2221] Launch Output:

****** Xilinx hw_server v2018.3
  **** Build date : Dec  6 2018-23:53:53
    ** Copyright 1986-2018 Xilinx, Inc. All Rights Reserved.


open_hw_target
INFO: [Labtoolstcl 44-466] Opening hw_target localhost:3121/xilinx_tcf/Digilent/210292A6E470A
set_property PROGRAM.FILE {/home/ukallakuri/hardware_design/designs/uart/UART_behavioural/UART_behavioural.runs/impl_1/uart_rx_wrapper.bit} [get_hw_devices xc7a100t_0]
current_hw_device [get_hw_devices xc7a100t_0]
refresh_hw_device -update_hw_probes false [lindex [get_hw_devices xc7a100t_0] 0]
INFO: [Labtools 27-1434] Device xc7a100t (JTAG device index = 0) is programmed with a design that has no supported debug core(s) in it.
set_property PROBES.FILE {} [get_hw_devices xc7a100t_0]
set_property FULL_PROBES.FILE {} [get_hw_devices xc7a100t_0]
set_property PROGRAM.FILE {/home/ukallakuri/hardware_design/designs/uart/UART_behavioural/UART_behavioural.runs/impl_1/uart_rx_wrapper.bit} [get_hw_devices xc7a100t_0]
program_hw_devices [get_hw_devices xc7a100t_0]
INFO: [Labtools 27-3164] End of startup status: HIGH
refresh_hw_device [lindex [get_hw_devices xc7a100t_0] 0]
INFO: [Labtools 27-1434] Device xc7a100t (JTAG device index = 0) is programmed with a design that has no supported debug core(s) in it.
close_hw
close_project
open_project /home/ukallakuri/hardware_design/designs/uart/UART_behavioural/UART_behavioural.xpr
Scanning sources...
Finished scanning sources
INFO: [IP_Flow 19-234] Refreshing IP repositories
INFO: [IP_Flow 19-1704] No user IP repositories specified
INFO: [IP_Flow 19-2313] Loaded Vivado IP repository '/tools/Xilinx/Vivado/2018.3/data/ip'.
update_compile_order -fileset sources_1
set_property top uart_tx_wrapper_tb [get_filesets sim_1]
set_property top_lib xil_defaultlib [get_filesets sim_1]
update_compile_order -fileset sim_1
launch_simulation
INFO: [Vivado 12-5682] Launching behavioral simulation in '/home/ukallakuri/hardware_design/designs/uart/UART_behavioural/UART_behavioural.sim/sim_1/behav/xsim'
INFO: [SIM-utils-51] Simulation object is 'sim_1'
INFO: [SIM-utils-54] Inspecting design source files for 'uart_tx_wrapper_tb' in fileset 'sim_1'...
INFO: [USF-XSim-97] Finding global include files...
INFO: [USF-XSim-98] Fetching design files from 'sim_1'...
INFO: [USF-XSim-2] XSim::Compile design
INFO: [USF-XSim-61] Executing 'COMPILE and ANALYZE' step in '/home/ukallakuri/hardware_design/designs/uart/UART_behavioural/UART_behavioural.sim/sim_1/behav/xsim'
xvlog --incr --relax -prj uart_tx_wrapper_tb_vlog.prj
INFO: [VRFC 10-2263] Analyzing Verilog file "/home/ukallakuri/hardware_design/designs/uart/UART_behavioural/UART_behavioural.srcs/sources_1/new/ff.v" into library xil_defaultlib
INFO: [VRFC 10-311] analyzing module ff
INFO: [VRFC 10-2263] Analyzing Verilog file "/home/ukallakuri/hardware_design/designs/uart/UART_behavioural/UART_behavioural.srcs/sources_1/new/uart_tx_wrapper.v" into library xil_defaultlib
INFO: [VRFC 10-311] analyzing module uart_tx_wrapper
INFO: [VRFC 10-2263] Analyzing Verilog file "/home/ukallakuri/hardware_design/designs/uart/UART_behavioural/UART_behavioural.srcs/sources_1/new/uart_txm_ex.v" into library xil_defaultlib
INFO: [VRFC 10-311] analyzing module uart_txm_ex
INFO: [VRFC 10-2263] Analyzing Verilog file "/home/ukallakuri/hardware_design/designs/uart/UART_behavioural/UART_behavioural.srcs/sim_1/new/uart_tx_wrapper_tb.v" into library xil_defaultlib
INFO: [VRFC 10-311] analyzing module uart_tx_wrapper_tb
INFO: [USF-XSim-69] 'compile' step finished in '1' seconds
INFO: [USF-XSim-3] XSim::Elaborate design
INFO: [USF-XSim-61] Executing 'ELABORATE' step in '/home/ukallakuri/hardware_design/designs/uart/UART_behavioural/UART_behavioural.sim/sim_1/behav/xsim'
Vivado Simulator 2018.3
Copyright 1986-1999, 2001-2018 Xilinx, Inc. All Rights Reserved.
Running: /tools/Xilinx/Vivado/2018.3/bin/unwrapped/lnx64.o/xelab -wto f1005e7cfe0e449eb56bf04cfa95922e --incr --debug typical --relax --mt 8 -L xil_defaultlib -L unisims_ver -L unimacro_ver -L secureip --snapshot uart_tx_wrapper_tb_behav xil_defaultlib.uart_tx_wrapper_tb xil_defaultlib.glbl -log elaborate.log 
Using 8 slave threads.
Starting static elaboration
Completed static elaboration
Starting simulation data flow analysis
Completed simulation data flow analysis
Time Resolution for simulation is 1ps
Compiling module xil_defaultlib.ff
Compiling module xil_defaultlib.uart_txm_ex(BITCOUNTMAX=8,SAMPLE...
Compiling module xil_defaultlib.uart_tx_wrapper(BITCOUNTMAX=8)
Compiling module xil_defaultlib.uart_tx_wrapper_tb
Compiling module xil_defaultlib.glbl
Built simulation snapshot uart_tx_wrapper_tb_behav
INFO: [USF-XSim-69] 'elaborate' step finished in '1' seconds
INFO: [USF-XSim-4] XSim::Simulate design
INFO: [USF-XSim-61] Executing 'SIMULATE' step in '/home/ukallakuri/hardware_design/designs/uart/UART_behavioural/UART_behavioural.sim/sim_1/behav/xsim'
INFO: [USF-XSim-98] *** Running xsim
   with args "uart_tx_wrapper_tb_behav -key {Behavioral:sim_1:Functional:uart_tx_wrapper_tb} -tclbatch {uart_tx_wrapper_tb.tcl} -log {simulate.log}"
INFO: [USF-XSim-8] Loading simulator feature
Vivado Simulator 2018.3
Time resolution is 1 ps
source uart_tx_wrapper_tb.tcl
# set curr_wave [current_wave_config]
# if { [string length $curr_wave] == 0 } {
#   if { [llength [get_objects]] > 0} {
#     add_wave /
#     set_property needs_save false [current_wave_config]
#   } else {
#      send_msg_id Add_Wave-1 WARNING "No top level signals found. Simulator will start without a wave window. If you want to open a wave window go to 'File->New Waveform Configuration' or type 'create_wave_config' in the TCL console."
#   }
# }
# run 1000ns
INFO: [USF-XSim-96] XSim completed. Design snapshot 'uart_tx_wrapper_tb_behav' loaded.
INFO: [USF-XSim-97] XSim simulation ran for 1000ns
run all
$finish called at time : 1061800 ns : File "/home/ukallakuri/hardware_design/designs/uart/UART_behavioural/UART_behavioural.srcs/sim_1/new/uart_tx_wrapper_tb.v" Line 80
close_sim
INFO: [Simtcl 6-16] Simulation closed
set_property top uart_tx_wrapper [current_fileset]
update_compile_order -fileset sources_1
reset_run synth_1
launch_runs impl_1 -to_step write_bitstream -jobs 2
[Thu Oct 15 14:19:49 2020] Launched synth_1...
Run output will be captured here: /home/ukallakuri/hardware_design/designs/uart/UART_behavioural/UART_behavioural.runs/synth_1/runme.log
[Thu Oct 15 14:19:49 2020] Launched impl_1...
Run output will be captured here: /home/ukallakuri/hardware_design/designs/uart/UART_behavioural/UART_behavioural.runs/impl_1/runme.log
reset_run synth_1
launch_runs impl_1 -to_step write_bitstream -jobs 2
[Thu Oct 15 14:21:50 2020] Launched synth_1...
Run output will be captured here: /home/ukallakuri/hardware_design/designs/uart/UART_behavioural/UART_behavioural.runs/synth_1/runme.log
[Thu Oct 15 14:21:50 2020] Launched impl_1...
Run output will be captured here: /home/ukallakuri/hardware_design/designs/uart/UART_behavioural/UART_behavioural.runs/impl_1/runme.log
open_hw
connect_hw_server
INFO: [Labtools 27-2285] Connecting to hw_server url TCP:localhost:3121
INFO: [Labtools 27-2222] Launching hw_server...
INFO: [Labtools 27-2221] Launch Output:

****** Xilinx hw_server v2018.3
  **** Build date : Dec  6 2018-23:53:53
    ** Copyright 1986-2018 Xilinx, Inc. All Rights Reserved.


open_hw_target
INFO: [Labtoolstcl 44-466] Opening hw_target localhost:3121/xilinx_tcf/Digilent/210292A6E470A
set_property PROGRAM.FILE {/home/ukallakuri/hardware_design/designs/uart/UART_behavioural/UART_behavioural.runs/impl_1/uart_tx_wrapper.bit} [get_hw_devices xc7a100t_0]
current_hw_device [get_hw_devices xc7a100t_0]
refresh_hw_device -update_hw_probes false [lindex [get_hw_devices xc7a100t_0] 0]
INFO: [Labtools 27-1434] Device xc7a100t (JTAG device index = 0) is programmed with a design that has no supported debug core(s) in it.
set_property PROBES.FILE {} [get_hw_devices xc7a100t_0]
set_property FULL_PROBES.FILE {} [get_hw_devices xc7a100t_0]
set_property PROGRAM.FILE {/home/ukallakuri/hardware_design/designs/uart/UART_behavioural/UART_behavioural.runs/impl_1/uart_tx_wrapper.bit} [get_hw_devices xc7a100t_0]
program_hw_devices [get_hw_devices xc7a100t_0]
INFO: [Labtools 27-3164] End of startup status: HIGH
refresh_hw_device [lindex [get_hw_devices xc7a100t_0] 0]
INFO: [Labtools 27-1434] Device xc7a100t (JTAG device index = 0) is programmed with a design that has no supported debug core(s) in it.
close_hw
reset_run synth_1
launch_runs impl_1 -to_step write_bitstream -jobs 2
[Thu Oct 15 14:30:20 2020] Launched synth_1...
Run output will be captured here: /home/ukallakuri/hardware_design/designs/uart/UART_behavioural/UART_behavioural.runs/synth_1/runme.log
[Thu Oct 15 14:30:20 2020] Launched impl_1...
Run output will be captured here: /home/ukallakuri/hardware_design/designs/uart/UART_behavioural/UART_behavioural.runs/impl_1/runme.log
open_hw
connect_hw_server
INFO: [Labtools 27-2285] Connecting to hw_server url TCP:localhost:3121
INFO: [Labtools 27-2222] Launching hw_server...
INFO: [Labtools 27-2221] Launch Output:

****** Xilinx hw_server v2018.3
  **** Build date : Dec  6 2018-23:53:53
    ** Copyright 1986-2018 Xilinx, Inc. All Rights Reserved.


open_hw_target
INFO: [Labtoolstcl 44-466] Opening hw_target localhost:3121/xilinx_tcf/Digilent/210292A6E470A
set_property PROGRAM.FILE {/home/ukallakuri/hardware_design/designs/uart/UART_behavioural/UART_behavioural.runs/impl_1/uart_tx_wrapper.bit} [get_hw_devices xc7a100t_0]
current_hw_device [get_hw_devices xc7a100t_0]
refresh_hw_device -update_hw_probes false [lindex [get_hw_devices xc7a100t_0] 0]
INFO: [Labtools 27-1434] Device xc7a100t (JTAG device index = 0) is programmed with a design that has no supported debug core(s) in it.
set_property PROBES.FILE {} [get_hw_devices xc7a100t_0]
set_property FULL_PROBES.FILE {} [get_hw_devices xc7a100t_0]
set_property PROGRAM.FILE {/home/ukallakuri/hardware_design/designs/uart/UART_behavioural/UART_behavioural.runs/impl_1/uart_tx_wrapper.bit} [get_hw_devices xc7a100t_0]
program_hw_devices [get_hw_devices xc7a100t_0]
INFO: [Labtools 27-3164] End of startup status: HIGH
refresh_hw_device [lindex [get_hw_devices xc7a100t_0] 0]
INFO: [Labtools 27-1434] Device xc7a100t (JTAG device index = 0) is programmed with a design that has no supported debug core(s) in it.
close_hw
close_project
open_project /home/ukallakuri/hardware_design/designs/uart/UART_behavioural/UART_behavioural.xpr
Scanning sources...
Finished scanning sources
INFO: [IP_Flow 19-234] Refreshing IP repositories
INFO: [IP_Flow 19-1704] No user IP repositories specified
INFO: [IP_Flow 19-2313] Loaded Vivado IP repository '/tools/Xilinx/Vivado/2018.3/data/ip'.
update_compile_order -fileset sources_1
set_property top uart_rx_wrapper [current_fileset]
update_compile_order -fileset sources_1
reset_run synth_1
launch_runs impl_1 -to_step write_bitstream -jobs 2
[Thu Oct 15 15:11:22 2020] Launched synth_1...
Run output will be captured here: /home/ukallakuri/hardware_design/designs/uart/UART_behavioural/UART_behavioural.runs/synth_1/runme.log
[Thu Oct 15 15:11:22 2020] Launched impl_1...
Run output will be captured here: /home/ukallakuri/hardware_design/designs/uart/UART_behavioural/UART_behavioural.runs/impl_1/runme.log
reset_run synth_1
launch_runs impl_1 -to_step write_bitstream -jobs 2
[Thu Oct 15 17:10:38 2020] Launched synth_1...
Run output will be captured here: /home/ukallakuri/hardware_design/designs/uart/UART_behavioural/UART_behavioural.runs/synth_1/runme.log
[Thu Oct 15 17:10:38 2020] Launched impl_1...
Run output will be captured here: /home/ukallakuri/hardware_design/designs/uart/UART_behavioural/UART_behavioural.runs/impl_1/runme.log
open_hw
connect_hw_server
INFO: [Labtools 27-2285] Connecting to hw_server url TCP:localhost:3121
INFO: [Labtools 27-2222] Launching hw_server...
INFO: [Labtools 27-2221] Launch Output:

****** Xilinx hw_server v2018.3
  **** Build date : Dec  6 2018-23:53:53
    ** Copyright 1986-2018 Xilinx, Inc. All Rights Reserved.


open_hw_target
INFO: [Labtoolstcl 44-466] Opening hw_target localhost:3121/xilinx_tcf/Digilent/210292A6E470A
set_property PROGRAM.FILE {/home/ukallakuri/hardware_design/designs/uart/UART_behavioural/UART_behavioural.runs/impl_1/uart_rx_wrapper.bit} [get_hw_devices xc7a100t_0]
current_hw_device [get_hw_devices xc7a100t_0]
refresh_hw_device -update_hw_probes false [lindex [get_hw_devices xc7a100t_0] 0]
INFO: [Labtools 27-1434] Device xc7a100t (JTAG device index = 0) is programmed with a design that has no supported debug core(s) in it.
set_property PROBES.FILE {} [get_hw_devices xc7a100t_0]
set_property FULL_PROBES.FILE {} [get_hw_devices xc7a100t_0]
set_property PROGRAM.FILE {/home/ukallakuri/hardware_design/designs/uart/UART_behavioural/UART_behavioural.runs/impl_1/uart_rx_wrapper.bit} [get_hw_devices xc7a100t_0]
program_hw_devices [get_hw_devices xc7a100t_0]
INFO: [Labtools 27-3164] End of startup status: HIGH
refresh_hw_device [lindex [get_hw_devices xc7a100t_0] 0]
INFO: [Labtools 27-1434] Device xc7a100t (JTAG device index = 0) is programmed with a design that has no supported debug core(s) in it.
close_hw
launch_simulation
INFO: [Vivado 12-5682] Launching behavioral simulation in '/home/ukallakuri/hardware_design/designs/uart/UART_behavioural/UART_behavioural.sim/sim_1/behav/xsim'
INFO: [SIM-utils-51] Simulation object is 'sim_1'
INFO: [SIM-utils-54] Inspecting design source files for 'uart_tx_wrapper_tb' in fileset 'sim_1'...
INFO: [USF-XSim-97] Finding global include files...
INFO: [USF-XSim-98] Fetching design files from 'sim_1'...
INFO: [USF-XSim-2] XSim::Compile design
INFO: [USF-XSim-61] Executing 'COMPILE and ANALYZE' step in '/home/ukallakuri/hardware_design/designs/uart/UART_behavioural/UART_behavioural.sim/sim_1/behav/xsim'
xvlog --incr --relax -prj uart_tx_wrapper_tb_vlog.prj
INFO: [VRFC 10-2263] Analyzing Verilog file "/home/ukallakuri/hardware_design/designs/uart/UART_behavioural/UART_behavioural.srcs/sources_1/new/ff.v" into library xil_defaultlib
INFO: [VRFC 10-311] analyzing module ff
INFO: [VRFC 10-2263] Analyzing Verilog file "/home/ukallakuri/hardware_design/designs/uart/UART_behavioural/UART_behavioural.srcs/sources_1/new/uart_tx_wrapper.v" into library xil_defaultlib
INFO: [VRFC 10-311] analyzing module uart_tx_wrapper
INFO: [VRFC 10-2263] Analyzing Verilog file "/home/ukallakuri/hardware_design/designs/uart/UART_behavioural/UART_behavioural.srcs/sources_1/new/uart_txm_ex.v" into library xil_defaultlib
INFO: [VRFC 10-311] analyzing module uart_txm_ex
INFO: [VRFC 10-2263] Analyzing Verilog file "/home/ukallakuri/hardware_design/designs/uart/UART_behavioural/UART_behavioural.srcs/sim_1/new/uart_tx_wrapper_tb.v" into library xil_defaultlib
INFO: [VRFC 10-311] analyzing module uart_tx_wrapper_tb
INFO: [USF-XSim-69] 'compile' step finished in '1' seconds
INFO: [USF-XSim-3] XSim::Elaborate design
INFO: [USF-XSim-61] Executing 'ELABORATE' step in '/home/ukallakuri/hardware_design/designs/uart/UART_behavioural/UART_behavioural.sim/sim_1/behav/xsim'
Vivado Simulator 2018.3
Copyright 1986-1999, 2001-2018 Xilinx, Inc. All Rights Reserved.
Running: /tools/Xilinx/Vivado/2018.3/bin/unwrapped/lnx64.o/xelab -wto f1005e7cfe0e449eb56bf04cfa95922e --incr --debug typical --relax --mt 8 -L xil_defaultlib -L unisims_ver -L unimacro_ver -L secureip --snapshot uart_tx_wrapper_tb_behav xil_defaultlib.uart_tx_wrapper_tb xil_defaultlib.glbl -log elaborate.log 
Using 8 slave threads.
Starting static elaboration
Completed static elaboration
Starting simulation data flow analysis
Completed simulation data flow analysis
Time Resolution for simulation is 1ps
Compiling module xil_defaultlib.ff
Compiling module xil_defaultlib.uart_txm_ex(BITCOUNTMAX=8,SAMPLE...
Compiling module xil_defaultlib.uart_tx_wrapper(BITCOUNTMAX=8)
Compiling module xil_defaultlib.uart_tx_wrapper_tb
Compiling module xil_defaultlib.glbl
Built simulation snapshot uart_tx_wrapper_tb_behav
INFO: [USF-XSim-69] 'elaborate' step finished in '2' seconds
INFO: [USF-XSim-4] XSim::Simulate design
INFO: [USF-XSim-61] Executing 'SIMULATE' step in '/home/ukallakuri/hardware_design/designs/uart/UART_behavioural/UART_behavioural.sim/sim_1/behav/xsim'
INFO: [USF-XSim-98] *** Running xsim
   with args "uart_tx_wrapper_tb_behav -key {Behavioral:sim_1:Functional:uart_tx_wrapper_tb} -tclbatch {uart_tx_wrapper_tb.tcl} -log {simulate.log}"
INFO: [USF-XSim-8] Loading simulator feature
Vivado Simulator 2018.3
Time resolution is 1 ps
source uart_tx_wrapper_tb.tcl
# set curr_wave [current_wave_config]
# if { [string length $curr_wave] == 0 } {
#   if { [llength [get_objects]] > 0} {
#     add_wave /
#     set_property needs_save false [current_wave_config]
#   } else {
#      send_msg_id Add_Wave-1 WARNING "No top level signals found. Simulator will start without a wave window. If you want to open a wave window go to 'File->New Waveform Configuration' or type 'create_wave_config' in the TCL console."
#   }
# }
# run 1000ns
INFO: [USF-XSim-96] XSim completed. Design snapshot 'uart_tx_wrapper_tb_behav' loaded.
INFO: [USF-XSim-97] XSim simulation ran for 1000ns
run all
$finish called at time : 1061800 ns : File "/home/ukallakuri/hardware_design/designs/uart/UART_behavioural/UART_behavioural.srcs/sim_1/new/uart_tx_wrapper_tb.v" Line 80
close_sim
INFO: [Simtcl 6-16] Simulation closed
set_property top uart_rx_wrapper_tb [get_filesets sim_1]
set_property top_lib xil_defaultlib [get_filesets sim_1]
update_compile_order -fileset sim_1
launch_simulation
INFO: [Vivado 12-5682] Launching behavioral simulation in '/home/ukallakuri/hardware_design/designs/uart/UART_behavioural/UART_behavioural.sim/sim_1/behav/xsim'
INFO: [SIM-utils-51] Simulation object is 'sim_1'
INFO: [SIM-utils-54] Inspecting design source files for 'uart_rx_wrapper_tb' in fileset 'sim_1'...
INFO: [USF-XSim-97] Finding global include files...
INFO: [USF-XSim-98] Fetching design files from 'sim_1'...
INFO: [USF-XSim-2] XSim::Compile design
INFO: [USF-XSim-61] Executing 'COMPILE and ANALYZE' step in '/home/ukallakuri/hardware_design/designs/uart/UART_behavioural/UART_behavioural.sim/sim_1/behav/xsim'
xvlog --incr --relax -prj uart_rx_wrapper_tb_vlog.prj
INFO: [VRFC 10-2263] Analyzing Verilog file "/home/ukallakuri/hardware_design/designs/uart/UART_behavioural/UART_behavioural.srcs/sources_1/new/seven_seg.v" into library xil_defaultlib
INFO: [VRFC 10-311] analyzing module seven_seg
INFO: [VRFC 10-2263] Analyzing Verilog file "/home/ukallakuri/hardware_design/designs/uart/UART_behavioural/UART_behavioural.srcs/sources_1/new/uart_rx_wrapper.v" into library xil_defaultlib
INFO: [VRFC 10-311] analyzing module uart_rx_wrapper
INFO: [VRFC 10-2263] Analyzing Verilog file "/home/ukallakuri/hardware_design/designs/uart/UART_behavioural/UART_behavioural.srcs/sources_1/new/uart_rxm_ex.v" into library xil_defaultlib
INFO: [VRFC 10-311] analyzing module uart_rxm_ex
INFO: [VRFC 10-2263] Analyzing Verilog file "/home/ukallakuri/hardware_design/designs/uart/UART_behavioural/UART_behavioural.srcs/sim_1/new/uart_rx_wrapper_tb.v" into library xil_defaultlib
INFO: [VRFC 10-311] analyzing module uart_rx_wrapper_tb
INFO: [USF-XSim-69] 'compile' step finished in '1' seconds
INFO: [USF-XSim-3] XSim::Elaborate design
INFO: [USF-XSim-61] Executing 'ELABORATE' step in '/home/ukallakuri/hardware_design/designs/uart/UART_behavioural/UART_behavioural.sim/sim_1/behav/xsim'
Vivado Simulator 2018.3
Copyright 1986-1999, 2001-2018 Xilinx, Inc. All Rights Reserved.
Running: /tools/Xilinx/Vivado/2018.3/bin/unwrapped/lnx64.o/xelab -wto f1005e7cfe0e449eb56bf04cfa95922e --incr --debug typical --relax --mt 8 -L xil_defaultlib -L unisims_ver -L unimacro_ver -L secureip --snapshot uart_rx_wrapper_tb_behav xil_defaultlib.uart_rx_wrapper_tb xil_defaultlib.glbl -log elaborate.log 
Using 8 slave threads.
Starting static elaboration
Completed static elaboration
Starting simulation data flow analysis
Completed simulation data flow analysis
Time Resolution for simulation is 1ps
Compiling module xil_defaultlib.uart_rxm_ex(BITCOUNTMAX=8,SAMPLE...
Compiling module xil_defaultlib.seven_seg
Compiling module xil_defaultlib.uart_rx_wrapper(BITCOUNTMAX=8)
Compiling module xil_defaultlib.uart_rx_wrapper_tb
Compiling module xil_defaultlib.glbl
Built simulation snapshot uart_rx_wrapper_tb_behav
INFO: [USF-XSim-69] 'elaborate' step finished in '1' seconds
INFO: [USF-XSim-4] XSim::Simulate design
INFO: [USF-XSim-61] Executing 'SIMULATE' step in '/home/ukallakuri/hardware_design/designs/uart/UART_behavioural/UART_behavioural.sim/sim_1/behav/xsim'
INFO: [USF-XSim-98] *** Running xsim
   with args "uart_rx_wrapper_tb_behav -key {Behavioral:sim_1:Functional:uart_rx_wrapper_tb} -tclbatch {uart_rx_wrapper_tb.tcl} -log {simulate.log}"
INFO: [USF-XSim-8] Loading simulator feature
Vivado Simulator 2018.3
Time resolution is 1 ps
source uart_rx_wrapper_tb.tcl
# set curr_wave [current_wave_config]
# if { [string length $curr_wave] == 0 } {
#   if { [llength [get_objects]] > 0} {
#     add_wave /
#     set_property needs_save false [current_wave_config]
#   } else {
#      send_msg_id Add_Wave-1 WARNING "No top level signals found. Simulator will start without a wave window. If you want to open a wave window go to 'File->New Waveform Configuration' or type 'create_wave_config' in the TCL console."
#   }
# }
# run 1000ns
INFO: [USF-XSim-96] XSim completed. Design snapshot 'uart_rx_wrapper_tb_behav' loaded.
INFO: [USF-XSim-97] XSim simulation ran for 1000ns
run all
$finish called at time : 2095060 ns : File "/home/ukallakuri/hardware_design/designs/uart/UART_behavioural/UART_behavioural.srcs/sim_1/new/uart_rx_wrapper_tb.v" Line 111
relaunch_sim
INFO: [Vivado 12-5682] Launching behavioral simulation in '/home/ukallakuri/hardware_design/designs/uart/UART_behavioural/UART_behavioural.sim/sim_1/behav/xsim'
INFO: [SIM-utils-51] Simulation object is 'sim_1'
INFO: [SIM-utils-54] Inspecting design source files for 'uart_rx_wrapper_tb' in fileset 'sim_1'...
INFO: [USF-XSim-97] Finding global include files...
INFO: [USF-XSim-98] Fetching design files from 'sim_1'...
INFO: [USF-XSim-2] XSim::Compile design
INFO: [USF-XSim-61] Executing 'COMPILE and ANALYZE' step in '/home/ukallakuri/hardware_design/designs/uart/UART_behavioural/UART_behavioural.sim/sim_1/behav/xsim'
xvlog --incr --relax -prj uart_rx_wrapper_tb_vlog.prj
INFO: [VRFC 10-2263] Analyzing Verilog file "/home/ukallakuri/hardware_design/designs/uart/UART_behavioural/UART_behavioural.srcs/sources_1/new/seven_seg.v" into library xil_defaultlib
INFO: [VRFC 10-311] analyzing module seven_seg
INFO: [VRFC 10-2263] Analyzing Verilog file "/home/ukallakuri/hardware_design/designs/uart/UART_behavioural/UART_behavioural.srcs/sources_1/new/uart_rx_wrapper.v" into library xil_defaultlib
INFO: [VRFC 10-311] analyzing module uart_rx_wrapper
INFO: [VRFC 10-2263] Analyzing Verilog file "/home/ukallakuri/hardware_design/designs/uart/UART_behavioural/UART_behavioural.srcs/sources_1/new/uart_rxm_ex.v" into library xil_defaultlib
INFO: [VRFC 10-311] analyzing module uart_rxm_ex
INFO: [VRFC 10-2263] Analyzing Verilog file "/home/ukallakuri/hardware_design/designs/uart/UART_behavioural/UART_behavioural.srcs/sim_1/new/uart_rx_wrapper_tb.v" into library xil_defaultlib
INFO: [VRFC 10-311] analyzing module uart_rx_wrapper_tb
INFO: [USF-XSim-69] 'compile' step finished in '1' seconds
INFO: [Vivado 12-5682] Launching behavioral simulation in '/home/ukallakuri/hardware_design/designs/uart/UART_behavioural/UART_behavioural.sim/sim_1/behav/xsim'
INFO: [USF-XSim-3] XSim::Elaborate design
INFO: [USF-XSim-61] Executing 'ELABORATE' step in '/home/ukallakuri/hardware_design/designs/uart/UART_behavioural/UART_behavioural.sim/sim_1/behav/xsim'
Vivado Simulator 2018.3
Copyright 1986-1999, 2001-2018 Xilinx, Inc. All Rights Reserved.
Running: /tools/Xilinx/Vivado/2018.3/bin/unwrapped/lnx64.o/xelab -wto f1005e7cfe0e449eb56bf04cfa95922e --incr --debug typical --relax --mt 8 -L xil_defaultlib -L unisims_ver -L unimacro_ver -L secureip --snapshot uart_rx_wrapper_tb_behav xil_defaultlib.uart_rx_wrapper_tb xil_defaultlib.glbl -log elaborate.log 
Using 8 slave threads.
Starting static elaboration
Completed static elaboration
Starting simulation data flow analysis
Completed simulation data flow analysis
Time Resolution for simulation is 1ps
Compiling module xil_defaultlib.uart_rxm_ex(BITCOUNTMAX=8,SAMPLE...
Compiling module xil_defaultlib.seven_seg
Compiling module xil_defaultlib.uart_rx_wrapper(BITCOUNTMAX=8)
Compiling module xil_defaultlib.uart_rx_wrapper_tb
Compiling module xil_defaultlib.glbl
Built simulation snapshot uart_rx_wrapper_tb_behav
INFO: [USF-XSim-69] 'elaborate' step finished in '1' seconds
Vivado Simulator 2018.3
Time resolution is 1 ps
run all
$finish called at time : 2095060 ns : File "/home/ukallakuri/hardware_design/designs/uart/UART_behavioural/UART_behavioural.srcs/sim_1/new/uart_rx_wrapper_tb.v" Line 111
close_sim
INFO: [Simtcl 6-16] Simulation closed
reset_run synth_1
launch_runs impl_1 -to_step write_bitstream -jobs 2
[Thu Oct 15 17:20:15 2020] Launched synth_1...
Run output will be captured here: /home/ukallakuri/hardware_design/designs/uart/UART_behavioural/UART_behavioural.runs/synth_1/runme.log
[Thu Oct 15 17:20:15 2020] Launched impl_1...
Run output will be captured here: /home/ukallakuri/hardware_design/designs/uart/UART_behavioural/UART_behavioural.runs/impl_1/runme.log
open_hw
connect_hw_server
INFO: [Labtools 27-2285] Connecting to hw_server url TCP:localhost:3121
INFO: [Labtools 27-2222] Launching hw_server...
INFO: [Labtools 27-2221] Launch Output:

****** Xilinx hw_server v2018.3
  **** Build date : Dec  6 2018-23:53:53
    ** Copyright 1986-2018 Xilinx, Inc. All Rights Reserved.


open_hw_target
INFO: [Labtoolstcl 44-466] Opening hw_target localhost:3121/xilinx_tcf/Digilent/210292A6E470A
set_property PROGRAM.FILE {/home/ukallakuri/hardware_design/designs/uart/UART_behavioural/UART_behavioural.runs/impl_1/uart_rx_wrapper.bit} [get_hw_devices xc7a100t_0]
current_hw_device [get_hw_devices xc7a100t_0]
refresh_hw_device -update_hw_probes false [lindex [get_hw_devices xc7a100t_0] 0]
INFO: [Labtools 27-1434] Device xc7a100t (JTAG device index = 0) is programmed with a design that has no supported debug core(s) in it.
set_property PROBES.FILE {} [get_hw_devices xc7a100t_0]
set_property FULL_PROBES.FILE {} [get_hw_devices xc7a100t_0]
set_property PROGRAM.FILE {/home/ukallakuri/hardware_design/designs/uart/UART_behavioural/UART_behavioural.runs/impl_1/uart_rx_wrapper.bit} [get_hw_devices xc7a100t_0]
program_hw_devices [get_hw_devices xc7a100t_0]
INFO: [Labtools 27-3164] End of startup status: HIGH
refresh_hw_device [lindex [get_hw_devices xc7a100t_0] 0]
INFO: [Labtools 27-1434] Device xc7a100t (JTAG device index = 0) is programmed with a design that has no supported debug core(s) in it.
close_hw
reset_run synth_1
launch_runs impl_1 -to_step write_bitstream -jobs 2
[Thu Oct 15 17:25:06 2020] Launched synth_1...
Run output will be captured here: /home/ukallakuri/hardware_design/designs/uart/UART_behavioural/UART_behavioural.runs/synth_1/runme.log
[Thu Oct 15 17:25:06 2020] Launched impl_1...
Run output will be captured here: /home/ukallakuri/hardware_design/designs/uart/UART_behavioural/UART_behavioural.runs/impl_1/runme.log
open_hw
connect_hw_server
INFO: [Labtools 27-2285] Connecting to hw_server url TCP:localhost:3121
INFO: [Labtools 27-2222] Launching hw_server...
INFO: [Labtools 27-2221] Launch Output:

****** Xilinx hw_server v2018.3
  **** Build date : Dec  6 2018-23:53:53
    ** Copyright 1986-2018 Xilinx, Inc. All Rights Reserved.


open_hw_target
INFO: [Labtoolstcl 44-466] Opening hw_target localhost:3121/xilinx_tcf/Digilent/210292A6E470A
set_property PROGRAM.FILE {/home/ukallakuri/hardware_design/designs/uart/UART_behavioural/UART_behavioural.runs/impl_1/uart_rx_wrapper.bit} [get_hw_devices xc7a100t_0]
current_hw_device [get_hw_devices xc7a100t_0]
refresh_hw_device -update_hw_probes false [lindex [get_hw_devices xc7a100t_0] 0]
INFO: [Labtools 27-1434] Device xc7a100t (JTAG device index = 0) is programmed with a design that has no supported debug core(s) in it.
set_property PROBES.FILE {} [get_hw_devices xc7a100t_0]
set_property FULL_PROBES.FILE {} [get_hw_devices xc7a100t_0]
set_property PROGRAM.FILE {/home/ukallakuri/hardware_design/designs/uart/UART_behavioural/UART_behavioural.runs/impl_1/uart_rx_wrapper.bit} [get_hw_devices xc7a100t_0]
program_hw_devices [get_hw_devices xc7a100t_0]
INFO: [Labtools 27-3164] End of startup status: HIGH
refresh_hw_device [lindex [get_hw_devices xc7a100t_0] 0]
INFO: [Labtools 27-1434] Device xc7a100t (JTAG device index = 0) is programmed with a design that has no supported debug core(s) in it.
close_hw
reset_run synth_1
launch_runs impl_1 -to_step write_bitstream -jobs 2
[Thu Oct 15 18:14:30 2020] Launched synth_1...
Run output will be captured here: /home/ukallakuri/hardware_design/designs/uart/UART_behavioural/UART_behavioural.runs/synth_1/runme.log
[Thu Oct 15 18:14:30 2020] Launched impl_1...
Run output will be captured here: /home/ukallakuri/hardware_design/designs/uart/UART_behavioural/UART_behavioural.runs/impl_1/runme.log
open_hw
close_hw
reset_run synth_1
launch_runs impl_1 -to_step write_bitstream -jobs 2
[Thu Oct 15 18:17:55 2020] Launched synth_1...
Run output will be captured here: /home/ukallakuri/hardware_design/designs/uart/UART_behavioural/UART_behavioural.runs/synth_1/runme.log
[Thu Oct 15 18:17:55 2020] Launched impl_1...
Run output will be captured here: /home/ukallakuri/hardware_design/designs/uart/UART_behavioural/UART_behavioural.runs/impl_1/runme.log
reset_run synth_1
launch_runs impl_1 -to_step write_bitstream -jobs 2
[Thu Oct 15 18:19:12 2020] Launched synth_1...
Run output will be captured here: /home/ukallakuri/hardware_design/designs/uart/UART_behavioural/UART_behavioural.runs/synth_1/runme.log
[Thu Oct 15 18:19:12 2020] Launched impl_1...
Run output will be captured here: /home/ukallakuri/hardware_design/designs/uart/UART_behavioural/UART_behavioural.runs/impl_1/runme.log
open_hw
connect_hw_server
INFO: [Labtools 27-2285] Connecting to hw_server url TCP:localhost:3121
INFO: [Labtools 27-2222] Launching hw_server...
INFO: [Labtools 27-2221] Launch Output:

****** Xilinx hw_server v2018.3
  **** Build date : Dec  6 2018-23:53:53
    ** Copyright 1986-2018 Xilinx, Inc. All Rights Reserved.


open_hw_target
INFO: [Labtoolstcl 44-466] Opening hw_target localhost:3121/xilinx_tcf/Digilent/210292A6E470A
set_property PROGRAM.FILE {/home/ukallakuri/hardware_design/designs/uart/UART_behavioural/UART_behavioural.runs/impl_1/uart_rx_wrapper.bit} [get_hw_devices xc7a100t_0]
current_hw_device [get_hw_devices xc7a100t_0]
refresh_hw_device -update_hw_probes false [lindex [get_hw_devices xc7a100t_0] 0]
INFO: [Labtools 27-1434] Device xc7a100t (JTAG device index = 0) is programmed with a design that has no supported debug core(s) in it.
set_property PROBES.FILE {} [get_hw_devices xc7a100t_0]
set_property FULL_PROBES.FILE {} [get_hw_devices xc7a100t_0]
set_property PROGRAM.FILE {/home/ukallakuri/hardware_design/designs/uart/UART_behavioural/UART_behavioural.runs/impl_1/uart_rx_wrapper.bit} [get_hw_devices xc7a100t_0]
program_hw_devices [get_hw_devices xc7a100t_0]
INFO: [Labtools 27-3164] End of startup status: HIGH
refresh_hw_device [lindex [get_hw_devices xc7a100t_0] 0]
INFO: [Labtools 27-1434] Device xc7a100t (JTAG device index = 0) is programmed with a design that has no supported debug core(s) in it.
close_hw
reset_run synth_1
launch_runs impl_1 -to_step write_bitstream -jobs 2
[Thu Oct 15 18:23:00 2020] Launched synth_1...
Run output will be captured here: /home/ukallakuri/hardware_design/designs/uart/UART_behavioural/UART_behavioural.runs/synth_1/runme.log
[Thu Oct 15 18:23:00 2020] Launched impl_1...
Run output will be captured here: /home/ukallakuri/hardware_design/designs/uart/UART_behavioural/UART_behavioural.runs/impl_1/runme.log
open_hw
connect_hw_server
INFO: [Labtools 27-2285] Connecting to hw_server url TCP:localhost:3121
INFO: [Labtools 27-2222] Launching hw_server...
INFO: [Labtools 27-2221] Launch Output:

****** Xilinx hw_server v2018.3
  **** Build date : Dec  6 2018-23:53:53
    ** Copyright 1986-2018 Xilinx, Inc. All Rights Reserved.


open_hw_target
INFO: [Labtoolstcl 44-466] Opening hw_target localhost:3121/xilinx_tcf/Digilent/210292A6E470A
set_property PROGRAM.FILE {/home/ukallakuri/hardware_design/designs/uart/UART_behavioural/UART_behavioural.runs/impl_1/uart_rx_wrapper.bit} [get_hw_devices xc7a100t_0]
current_hw_device [get_hw_devices xc7a100t_0]
refresh_hw_device -update_hw_probes false [lindex [get_hw_devices xc7a100t_0] 0]
INFO: [Labtools 27-1434] Device xc7a100t (JTAG device index = 0) is programmed with a design that has no supported debug core(s) in it.
set_property PROBES.FILE {} [get_hw_devices xc7a100t_0]
set_property FULL_PROBES.FILE {} [get_hw_devices xc7a100t_0]
set_property PROGRAM.FILE {/home/ukallakuri/hardware_design/designs/uart/UART_behavioural/UART_behavioural.runs/impl_1/uart_rx_wrapper.bit} [get_hw_devices xc7a100t_0]
program_hw_devices [get_hw_devices xc7a100t_0]
INFO: [Labtools 27-3164] End of startup status: HIGH
refresh_hw_device [lindex [get_hw_devices xc7a100t_0] 0]
INFO: [Labtools 27-1434] Device xc7a100t (JTAG device index = 0) is programmed with a design that has no supported debug core(s) in it.
close_hw
set_property top uart_tx_wrapper [current_fileset]
update_compile_order -fileset sources_1
reset_run synth_1
launch_runs impl_1 -to_step write_bitstream -jobs 2
[Thu Oct 15 18:30:06 2020] Launched synth_1...
Run output will be captured here: /home/ukallakuri/hardware_design/designs/uart/UART_behavioural/UART_behavioural.runs/synth_1/runme.log
[Thu Oct 15 18:30:06 2020] Launched impl_1...
Run output will be captured here: /home/ukallakuri/hardware_design/designs/uart/UART_behavioural/UART_behavioural.runs/impl_1/runme.log
open_hw
connect_hw_server
INFO: [Labtools 27-2285] Connecting to hw_server url TCP:localhost:3121
INFO: [Labtools 27-2222] Launching hw_server...
INFO: [Labtools 27-2221] Launch Output:

****** Xilinx hw_server v2018.3
  **** Build date : Dec  6 2018-23:53:53
    ** Copyright 1986-2018 Xilinx, Inc. All Rights Reserved.


open_hw_target
INFO: [Labtoolstcl 44-466] Opening hw_target localhost:3121/xilinx_tcf/Digilent/210292A6E470A
set_property PROGRAM.FILE {/home/ukallakuri/hardware_design/designs/uart/UART_behavioural/UART_behavioural.runs/impl_1/uart_tx_wrapper.bit} [get_hw_devices xc7a100t_0]
current_hw_device [get_hw_devices xc7a100t_0]
refresh_hw_device -update_hw_probes false [lindex [get_hw_devices xc7a100t_0] 0]
INFO: [Labtools 27-1434] Device xc7a100t (JTAG device index = 0) is programmed with a design that has no supported debug core(s) in it.
set_property PROBES.FILE {} [get_hw_devices xc7a100t_0]
set_property FULL_PROBES.FILE {} [get_hw_devices xc7a100t_0]
set_property PROGRAM.FILE {/home/ukallakuri/hardware_design/designs/uart/UART_behavioural/UART_behavioural.runs/impl_1/uart_tx_wrapper.bit} [get_hw_devices xc7a100t_0]
program_hw_devices [get_hw_devices xc7a100t_0]
INFO: [Labtools 27-3164] End of startup status: HIGH
refresh_hw_device [lindex [get_hw_devices xc7a100t_0] 0]
INFO: [Labtools 27-1434] Device xc7a100t (JTAG device index = 0) is programmed with a design that has no supported debug core(s) in it.
ERROR: [Labtoolstcl 44-513] HW Target shutdown. Closing target: localhost:3121/xilinx_tcf/Digilent/210292A6E470A
close_hw
exit
INFO: [Common 17-206] Exiting Vivado at Thu Oct 15 18:34:44 2020...
