#-----------------------------------------------------------
# Vivado v2018.3 (64-bit)
# SW Build 2405991 on Thu Dec  6 23:36:41 MST 2018
# IP Build 2404404 on Fri Dec  7 01:43:56 MST 2018
# Start of session at: Thu Oct 15 07:57:52 2020
# Process ID: 17092
# Current directory: /home/ukallakuri/hardware_design/designs/uart
# Command line: vivado
# Log file: /home/ukallakuri/hardware_design/designs/uart/vivado.log
# Journal file: /home/ukallakuri/hardware_design/designs/uart/vivado.jou
#-----------------------------------------------------------
start_gui
open_project /home/ukallakuri/hardware_design/designs/uart/UART_behavioural/UART_behavioural.xpr
Scanning sources...
Finished scanning sources
INFO: [IP_Flow 19-234] Refreshing IP repositories
INFO: [IP_Flow 19-1704] No user IP repositories specified
INFO: [IP_Flow 19-2313] Loaded Vivado IP repository '/tools/Xilinx/Vivado/2018.3/data/ip'.
update_compile_order -fileset sources_1
close [ open /home/ukallakuri/hardware_design/designs/uart/UART_behavioural/UART_behavioural.srcs/sources_1/new/ff.v w ]
add_files /home/ukallakuri/hardware_design/designs/uart/UART_behavioural/UART_behavioural.srcs/sources_1/new/ff.v
update_compile_order -fileset sources_1
set_property SOURCE_SET sources_1 [get_filesets sim_1]
close [ open /home/ukallakuri/hardware_design/designs/uart/UART_behavioural/UART_behavioural.srcs/sim_1/new/ff_tb.v w ]
add_files -fileset sim_1 /home/ukallakuri/hardware_design/designs/uart/UART_behavioural/UART_behavioural.srcs/sim_1/new/ff_tb.v
update_compile_order -fileset sim_1
set_property top ff_tb [get_filesets sim_1]
set_property top_lib xil_defaultlib [get_filesets sim_1]
update_compile_order -fileset sim_1
launch_simulation
INFO: [Vivado 12-5682] Launching behavioral simulation in '/home/ukallakuri/hardware_design/designs/uart/UART_behavioural/UART_behavioural.sim/sim_1/behav/xsim'
INFO: [SIM-utils-51] Simulation object is 'sim_1'
INFO: [SIM-utils-54] Inspecting design source files for 'ff_tb' in fileset 'sim_1'...
INFO: [USF-XSim-97] Finding global include files...
INFO: [USF-XSim-98] Fetching design files from 'sim_1'...
INFO: [USF-XSim-2] XSim::Compile design
INFO: [USF-XSim-61] Executing 'COMPILE and ANALYZE' step in '/home/ukallakuri/hardware_design/designs/uart/UART_behavioural/UART_behavioural.sim/sim_1/behav/xsim'
xvlog --incr --relax -prj ff_tb_vlog.prj
INFO: [VRFC 10-2263] Analyzing Verilog file "/home/ukallakuri/hardware_design/designs/uart/UART_behavioural/UART_behavioural.srcs/sim_1/new/ff_tb.v" into library xil_defaultlib
INFO: [VRFC 10-311] analyzing module ff_tb
INFO: [USF-XSim-69] 'compile' step finished in '0' seconds
INFO: [USF-XSim-3] XSim::Elaborate design
INFO: [USF-XSim-61] Executing 'ELABORATE' step in '/home/ukallakuri/hardware_design/designs/uart/UART_behavioural/UART_behavioural.sim/sim_1/behav/xsim'
Vivado Simulator 2018.3
Copyright 1986-1999, 2001-2018 Xilinx, Inc. All Rights Reserved.
Running: /tools/Xilinx/Vivado/2018.3/bin/unwrapped/lnx64.o/xelab -wto f1005e7cfe0e449eb56bf04cfa95922e --incr --debug typical --relax --mt 8 -L xil_defaultlib -L unisims_ver -L unimacro_ver -L secureip --snapshot ff_tb_behav xil_defaultlib.ff_tb xil_defaultlib.glbl -log elaborate.log 
Using 8 slave threads.
Starting static elaboration
Completed static elaboration
Starting simulation data flow analysis
Completed simulation data flow analysis
Time Resolution for simulation is 1ps
Compiling module xil_defaultlib.ff_tb
Compiling module xil_defaultlib.glbl
Built simulation snapshot ff_tb_behav

****** Webtalk v2018.3 (64-bit)
  **** SW Build 2405991 on Thu Dec  6 23:36:41 MST 2018
  **** IP Build 2404404 on Fri Dec  7 01:43:56 MST 2018
    ** Copyright 1986-2018 Xilinx, Inc. All Rights Reserved.

source /home/ukallakuri/hardware_design/designs/uart/UART_behavioural/UART_behavioural.sim/sim_1/behav/xsim/xsim.dir/ff_tb_behav/webtalk/xsim_webtalk.tcl -notrace
INFO: [Common 17-206] Exiting Webtalk at Thu Oct 15 08:06:57 2020...
INFO: [USF-XSim-69] 'elaborate' step finished in '3' seconds
INFO: [USF-XSim-4] XSim::Simulate design
INFO: [USF-XSim-61] Executing 'SIMULATE' step in '/home/ukallakuri/hardware_design/designs/uart/UART_behavioural/UART_behavioural.sim/sim_1/behav/xsim'
INFO: [USF-XSim-98] *** Running xsim
   with args "ff_tb_behav -key {Behavioral:sim_1:Functional:ff_tb} -tclbatch {ff_tb.tcl} -log {simulate.log}"
INFO: [USF-XSim-8] Loading simulator feature
Vivado Simulator 2018.3
Time resolution is 1 ps
source ff_tb.tcl
# set curr_wave [current_wave_config]
# if { [string length $curr_wave] == 0 } {
#   if { [llength [get_objects]] > 0} {
#     add_wave /
#     set_property needs_save false [current_wave_config]
#   } else {
#      send_msg_id Add_Wave-1 WARNING "No top level signals found. Simulator will start without a wave window. If you want to open a wave window go to 'File->New Waveform Configuration' or type 'create_wave_config' in the TCL console."
#   }
# }
# run 1000ns
INFO: [USF-XSim-96] XSim completed. Design snapshot 'ff_tb_behav' loaded.
INFO: [USF-XSim-97] XSim simulation ran for 1000ns
launch_simulation: Time (s): cpu = 00:00:11 ; elapsed = 00:00:07 . Memory (MB): peak = 6572.480 ; gain = 68.848 ; free physical = 1357 ; free virtual = 6162
close_sim
INFO: [Simtcl 6-16] Simulation closed
launch_simulation
INFO: [Vivado 12-5682] Launching behavioral simulation in '/home/ukallakuri/hardware_design/designs/uart/UART_behavioural/UART_behavioural.sim/sim_1/behav/xsim'
INFO: [SIM-utils-51] Simulation object is 'sim_1'
INFO: [SIM-utils-54] Inspecting design source files for 'ff_tb' in fileset 'sim_1'...
INFO: [USF-XSim-97] Finding global include files...
INFO: [USF-XSim-98] Fetching design files from 'sim_1'...
INFO: [USF-XSim-2] XSim::Compile design
INFO: [USF-XSim-61] Executing 'COMPILE and ANALYZE' step in '/home/ukallakuri/hardware_design/designs/uart/UART_behavioural/UART_behavioural.sim/sim_1/behav/xsim'
xvlog --incr --relax -prj ff_tb_vlog.prj
INFO: [VRFC 10-2263] Analyzing Verilog file "/home/ukallakuri/hardware_design/designs/uart/UART_behavioural/UART_behavioural.srcs/sources_1/new/ff.v" into library xil_defaultlib
INFO: [VRFC 10-311] analyzing module ff
INFO: [VRFC 10-2263] Analyzing Verilog file "/home/ukallakuri/hardware_design/designs/uart/UART_behavioural/UART_behavioural.srcs/sim_1/new/ff_tb.v" into library xil_defaultlib
INFO: [VRFC 10-311] analyzing module ff_tb
INFO: [USF-XSim-69] 'compile' step finished in '1' seconds
INFO: [USF-XSim-3] XSim::Elaborate design
INFO: [USF-XSim-61] Executing 'ELABORATE' step in '/home/ukallakuri/hardware_design/designs/uart/UART_behavioural/UART_behavioural.sim/sim_1/behav/xsim'
Vivado Simulator 2018.3
Copyright 1986-1999, 2001-2018 Xilinx, Inc. All Rights Reserved.
Running: /tools/Xilinx/Vivado/2018.3/bin/unwrapped/lnx64.o/xelab -wto f1005e7cfe0e449eb56bf04cfa95922e --incr --debug typical --relax --mt 8 -L xil_defaultlib -L unisims_ver -L unimacro_ver -L secureip --snapshot ff_tb_behav xil_defaultlib.ff_tb xil_defaultlib.glbl -log elaborate.log 
Using 8 slave threads.
Starting static elaboration
ERROR: [VRFC 10-3180] cannot find port 'qb' on this module [/home/ukallakuri/hardware_design/designs/uart/UART_behavioural/UART_behavioural.srcs/sim_1/new/ff_tb.v:35]
ERROR: [VRFC 10-3180] cannot find port 'q' on this module [/home/ukallakuri/hardware_design/designs/uart/UART_behavioural/UART_behavioural.srcs/sim_1/new/ff_tb.v:34]
ERROR: [XSIM 43-3322] Static elaboration of top level Verilog design unit(s) in library work failed.
INFO: [USF-XSim-69] 'elaborate' step finished in '1' seconds
INFO: [USF-XSim-99] Step results log file:'/home/ukallakuri/hardware_design/designs/uart/UART_behavioural/UART_behavioural.sim/sim_1/behav/xsim/elaborate.log'
ERROR: [USF-XSim-62] 'elaborate' step failed with error(s). Please check the Tcl console output or '/home/ukallakuri/hardware_design/designs/uart/UART_behavioural/UART_behavioural.sim/sim_1/behav/xsim/elaborate.log' file for more information.
ERROR: [Vivado 12-4473] Detected error while running simulation. Please correct the issue and retry this operation.
ERROR: [Common 17-39] 'launch_simulation' failed due to earlier errors.
launch_simulation
INFO: [Vivado 12-5682] Launching behavioral simulation in '/home/ukallakuri/hardware_design/designs/uart/UART_behavioural/UART_behavioural.sim/sim_1/behav/xsim'
INFO: [SIM-utils-51] Simulation object is 'sim_1'
INFO: [SIM-utils-54] Inspecting design source files for 'ff_tb' in fileset 'sim_1'...
INFO: [USF-XSim-97] Finding global include files...
INFO: [USF-XSim-98] Fetching design files from 'sim_1'...
INFO: [USF-XSim-2] XSim::Compile design
INFO: [USF-XSim-61] Executing 'COMPILE and ANALYZE' step in '/home/ukallakuri/hardware_design/designs/uart/UART_behavioural/UART_behavioural.sim/sim_1/behav/xsim'
xvlog --incr --relax -prj ff_tb_vlog.prj
INFO: [VRFC 10-2263] Analyzing Verilog file "/home/ukallakuri/hardware_design/designs/uart/UART_behavioural/UART_behavioural.srcs/sources_1/new/ff.v" into library xil_defaultlib
INFO: [VRFC 10-311] analyzing module ff
INFO: [VRFC 10-2263] Analyzing Verilog file "/home/ukallakuri/hardware_design/designs/uart/UART_behavioural/UART_behavioural.srcs/sim_1/new/ff_tb.v" into library xil_defaultlib
INFO: [VRFC 10-311] analyzing module ff_tb
INFO: [USF-XSim-69] 'compile' step finished in '1' seconds
INFO: [USF-XSim-3] XSim::Elaborate design
INFO: [USF-XSim-61] Executing 'ELABORATE' step in '/home/ukallakuri/hardware_design/designs/uart/UART_behavioural/UART_behavioural.sim/sim_1/behav/xsim'
Vivado Simulator 2018.3
Copyright 1986-1999, 2001-2018 Xilinx, Inc. All Rights Reserved.
Running: /tools/Xilinx/Vivado/2018.3/bin/unwrapped/lnx64.o/xelab -wto f1005e7cfe0e449eb56bf04cfa95922e --incr --debug typical --relax --mt 8 -L xil_defaultlib -L unisims_ver -L unimacro_ver -L secureip --snapshot ff_tb_behav xil_defaultlib.ff_tb xil_defaultlib.glbl -log elaborate.log 
Using 8 slave threads.
Starting static elaboration
Completed static elaboration
Starting simulation data flow analysis
Completed simulation data flow analysis
Time Resolution for simulation is 1ps
Compiling module xil_defaultlib.ff
Compiling module xil_defaultlib.ff_tb
Compiling module xil_defaultlib.glbl
Built simulation snapshot ff_tb_behav
INFO: [USF-XSim-69] 'elaborate' step finished in '1' seconds
INFO: [USF-XSim-4] XSim::Simulate design
INFO: [USF-XSim-61] Executing 'SIMULATE' step in '/home/ukallakuri/hardware_design/designs/uart/UART_behavioural/UART_behavioural.sim/sim_1/behav/xsim'
INFO: [USF-XSim-98] *** Running xsim
   with args "ff_tb_behav -key {Behavioral:sim_1:Functional:ff_tb} -tclbatch {ff_tb.tcl} -log {simulate.log}"
INFO: [USF-XSim-8] Loading simulator feature
Vivado Simulator 2018.3
Time resolution is 1 ps
source ff_tb.tcl
# set curr_wave [current_wave_config]
# if { [string length $curr_wave] == 0 } {
#   if { [llength [get_objects]] > 0} {
#     add_wave /
#     set_property needs_save false [current_wave_config]
#   } else {
#      send_msg_id Add_Wave-1 WARNING "No top level signals found. Simulator will start without a wave window. If you want to open a wave window go to 'File->New Waveform Configuration' or type 'create_wave_config' in the TCL console."
#   }
# }
# run 1000ns
INFO: [USF-XSim-96] XSim completed. Design snapshot 'ff_tb_behav' loaded.
INFO: [USF-XSim-97] XSim simulation ran for 1000ns
run all
$finish called at time : 1100 ns : File "/home/ukallakuri/hardware_design/designs/uart/UART_behavioural/UART_behavioural.srcs/sim_1/new/ff_tb.v" Line 54
relaunch_sim
INFO: [Vivado 12-5682] Launching behavioral simulation in '/home/ukallakuri/hardware_design/designs/uart/UART_behavioural/UART_behavioural.sim/sim_1/behav/xsim'
INFO: [SIM-utils-51] Simulation object is 'sim_1'
INFO: [SIM-utils-54] Inspecting design source files for 'ff_tb' in fileset 'sim_1'...
INFO: [USF-XSim-97] Finding global include files...
INFO: [USF-XSim-98] Fetching design files from 'sim_1'...
INFO: [USF-XSim-2] XSim::Compile design
INFO: [USF-XSim-61] Executing 'COMPILE and ANALYZE' step in '/home/ukallakuri/hardware_design/designs/uart/UART_behavioural/UART_behavioural.sim/sim_1/behav/xsim'
xvlog --incr --relax -prj ff_tb_vlog.prj
INFO: [USF-XSim-69] 'compile' step finished in '1' seconds
INFO: [Vivado 12-5682] Launching behavioral simulation in '/home/ukallakuri/hardware_design/designs/uart/UART_behavioural/UART_behavioural.sim/sim_1/behav/xsim'
INFO: [USF-XSim-3] XSim::Elaborate design
INFO: [USF-XSim-61] Executing 'ELABORATE' step in '/home/ukallakuri/hardware_design/designs/uart/UART_behavioural/UART_behavioural.sim/sim_1/behav/xsim'
Vivado Simulator 2018.3
Copyright 1986-1999, 2001-2018 Xilinx, Inc. All Rights Reserved.
Running: /tools/Xilinx/Vivado/2018.3/bin/unwrapped/lnx64.o/xelab -wto f1005e7cfe0e449eb56bf04cfa95922e --incr --debug typical --relax --mt 8 -L xil_defaultlib -L unisims_ver -L unimacro_ver -L secureip --snapshot ff_tb_behav xil_defaultlib.ff_tb xil_defaultlib.glbl -log elaborate.log 
Using 8 slave threads.
Starting static elaboration
Completed static elaboration
INFO: [XSIM 43-4323] No Change in HDL. Linking previously generated obj files to create kernel
INFO: [USF-XSim-69] 'elaborate' step finished in '0' seconds
Vivado Simulator 2018.3
Time resolution is 1 ps
relaunch_sim
INFO: [Vivado 12-5682] Launching behavioral simulation in '/home/ukallakuri/hardware_design/designs/uart/UART_behavioural/UART_behavioural.sim/sim_1/behav/xsim'
INFO: [SIM-utils-51] Simulation object is 'sim_1'
INFO: [SIM-utils-54] Inspecting design source files for 'ff_tb' in fileset 'sim_1'...
INFO: [USF-XSim-97] Finding global include files...
INFO: [USF-XSim-98] Fetching design files from 'sim_1'...
INFO: [USF-XSim-2] XSim::Compile design
INFO: [USF-XSim-61] Executing 'COMPILE and ANALYZE' step in '/home/ukallakuri/hardware_design/designs/uart/UART_behavioural/UART_behavioural.sim/sim_1/behav/xsim'
xvlog --incr --relax -prj ff_tb_vlog.prj
INFO: [VRFC 10-2263] Analyzing Verilog file "/home/ukallakuri/hardware_design/designs/uart/UART_behavioural/UART_behavioural.srcs/sources_1/new/ff.v" into library xil_defaultlib
INFO: [VRFC 10-311] analyzing module ff
INFO: [VRFC 10-2263] Analyzing Verilog file "/home/ukallakuri/hardware_design/designs/uart/UART_behavioural/UART_behavioural.srcs/sim_1/new/ff_tb.v" into library xil_defaultlib
INFO: [VRFC 10-311] analyzing module ff_tb
INFO: [USF-XSim-69] 'compile' step finished in '1' seconds
INFO: [Vivado 12-5682] Launching behavioral simulation in '/home/ukallakuri/hardware_design/designs/uart/UART_behavioural/UART_behavioural.sim/sim_1/behav/xsim'
INFO: [USF-XSim-3] XSim::Elaborate design
INFO: [USF-XSim-61] Executing 'ELABORATE' step in '/home/ukallakuri/hardware_design/designs/uart/UART_behavioural/UART_behavioural.sim/sim_1/behav/xsim'
Vivado Simulator 2018.3
Copyright 1986-1999, 2001-2018 Xilinx, Inc. All Rights Reserved.
Running: /tools/Xilinx/Vivado/2018.3/bin/unwrapped/lnx64.o/xelab -wto f1005e7cfe0e449eb56bf04cfa95922e --incr --debug typical --relax --mt 8 -L xil_defaultlib -L unisims_ver -L unimacro_ver -L secureip --snapshot ff_tb_behav xil_defaultlib.ff_tb xil_defaultlib.glbl -log elaborate.log 
Using 8 slave threads.
Starting static elaboration
Completed static elaboration
Starting simulation data flow analysis
Completed simulation data flow analysis
Time Resolution for simulation is 1ps
Compiling module xil_defaultlib.ff
Compiling module xil_defaultlib.ff_tb
Compiling module xil_defaultlib.glbl
Built simulation snapshot ff_tb_behav
INFO: [USF-XSim-69] 'elaborate' step finished in '1' seconds
Vivado Simulator 2018.3
Time resolution is 1 ps
relaunch_sim
INFO: [Vivado 12-5682] Launching behavioral simulation in '/home/ukallakuri/hardware_design/designs/uart/UART_behavioural/UART_behavioural.sim/sim_1/behav/xsim'
INFO: [SIM-utils-51] Simulation object is 'sim_1'
INFO: [SIM-utils-54] Inspecting design source files for 'ff_tb' in fileset 'sim_1'...
INFO: [USF-XSim-97] Finding global include files...
INFO: [USF-XSim-98] Fetching design files from 'sim_1'...
INFO: [USF-XSim-2] XSim::Compile design
INFO: [USF-XSim-61] Executing 'COMPILE and ANALYZE' step in '/home/ukallakuri/hardware_design/designs/uart/UART_behavioural/UART_behavioural.sim/sim_1/behav/xsim'
xvlog --incr --relax -prj ff_tb_vlog.prj
INFO: [VRFC 10-2263] Analyzing Verilog file "/home/ukallakuri/hardware_design/designs/uart/UART_behavioural/UART_behavioural.srcs/sources_1/new/ff.v" into library xil_defaultlib
INFO: [VRFC 10-311] analyzing module ff
INFO: [VRFC 10-2263] Analyzing Verilog file "/home/ukallakuri/hardware_design/designs/uart/UART_behavioural/UART_behavioural.srcs/sim_1/new/ff_tb.v" into library xil_defaultlib
INFO: [VRFC 10-311] analyzing module ff_tb
INFO: [USF-XSim-69] 'compile' step finished in '1' seconds
INFO: [Vivado 12-5682] Launching behavioral simulation in '/home/ukallakuri/hardware_design/designs/uart/UART_behavioural/UART_behavioural.sim/sim_1/behav/xsim'
INFO: [USF-XSim-3] XSim::Elaborate design
INFO: [USF-XSim-61] Executing 'ELABORATE' step in '/home/ukallakuri/hardware_design/designs/uart/UART_behavioural/UART_behavioural.sim/sim_1/behav/xsim'
Vivado Simulator 2018.3
Copyright 1986-1999, 2001-2018 Xilinx, Inc. All Rights Reserved.
Running: /tools/Xilinx/Vivado/2018.3/bin/unwrapped/lnx64.o/xelab -wto f1005e7cfe0e449eb56bf04cfa95922e --incr --debug typical --relax --mt 8 -L xil_defaultlib -L unisims_ver -L unimacro_ver -L secureip --snapshot ff_tb_behav xil_defaultlib.ff_tb xil_defaultlib.glbl -log elaborate.log 
Using 8 slave threads.
Starting static elaboration
Completed static elaboration
Starting simulation data flow analysis
Completed simulation data flow analysis
Time Resolution for simulation is 1ps
Compiling module xil_defaultlib.ff
Compiling module xil_defaultlib.ff_tb
Compiling module xil_defaultlib.glbl
Built simulation snapshot ff_tb_behav
INFO: [USF-XSim-69] 'elaborate' step finished in '1' seconds
Vivado Simulator 2018.3
Time resolution is 1 ps
close_sim
INFO: [Simtcl 6-16] Simulation closed
set_property top ff [current_fileset]
update_compile_order -fileset sources_1
synth_design -rtl -name rtl_1
Command: synth_design -rtl -name rtl_1
Starting synth_design
Using part: xc7a100tcsg324-1
Top: ff
---------------------------------------------------------------------------------
Starting RTL Elaboration : Time (s): cpu = 00:00:02 ; elapsed = 00:00:02 . Memory (MB): peak = 6628.668 ; gain = 16.176 ; free physical = 1058 ; free virtual = 5878
---------------------------------------------------------------------------------
INFO: [Synth 8-6157] synthesizing module 'ff' [/home/ukallakuri/hardware_design/designs/uart/UART_behavioural/UART_behavioural.srcs/sources_1/new/ff.v:23]
INFO: [Synth 8-6155] done synthesizing module 'ff' (1#1) [/home/ukallakuri/hardware_design/designs/uart/UART_behavioural/UART_behavioural.srcs/sources_1/new/ff.v:23]
---------------------------------------------------------------------------------
Finished RTL Elaboration : Time (s): cpu = 00:00:02 ; elapsed = 00:00:02 . Memory (MB): peak = 6659.918 ; gain = 47.426 ; free physical = 1086 ; free virtual = 5895
---------------------------------------------------------------------------------

Report Check Netlist: 
+------+------------------+-------+---------+-------+------------------+
|      |Item              |Errors |Warnings |Status |Description       |
+------+------------------+-------+---------+-------+------------------+
|1     |multi_driven_nets |      0|        0|Passed |Multi driven nets |
+------+------------------+-------+---------+-------+------------------+
---------------------------------------------------------------------------------
Start Handling Custom Attributes
---------------------------------------------------------------------------------
---------------------------------------------------------------------------------
Finished Handling Custom Attributes : Time (s): cpu = 00:00:02 ; elapsed = 00:00:03 . Memory (MB): peak = 6659.918 ; gain = 47.426 ; free physical = 1085 ; free virtual = 5894
---------------------------------------------------------------------------------
---------------------------------------------------------------------------------
Finished RTL Optimization Phase 1 : Time (s): cpu = 00:00:02 ; elapsed = 00:00:03 . Memory (MB): peak = 6659.918 ; gain = 47.426 ; free physical = 1085 ; free virtual = 5894
---------------------------------------------------------------------------------
INFO: [Device 21-403] Loading part xc7a100tcsg324-1
INFO: [Project 1-570] Preparing netlist for logic optimization

Processing XDC Constraints
Initializing timing engine
Parsing XDC File [/home/ukallakuri/hardware_design/designs/uart/UART_behavioural/UART_behavioural.srcs/constrs_1/new/tim.xdc]
Finished Parsing XDC File [/home/ukallakuri/hardware_design/designs/uart/UART_behavioural/UART_behavioural.srcs/constrs_1/new/tim.xdc]
Parsing XDC File [/home/ukallakuri/hardware_design/designs/uart/UART_behavioural/UART_behavioural.srcs/constrs_1/new/timing.xdc]
WARNING: [Vivado 12-584] No ports matched 'rx_parallel_data[0]'. [/home/ukallakuri/hardware_design/designs/uart/UART_behavioural/UART_behavioural.srcs/constrs_1/new/timing.xdc:35]
CRITICAL WARNING: [Common 17-55] 'set_property' expects at least one object. [/home/ukallakuri/hardware_design/designs/uart/UART_behavioural/UART_behavioural.srcs/constrs_1/new/timing.xdc:35]
Resolution: If [get_<value>] was used to populate the object, check to make sure this command returns at least one valid object.
WARNING: [Vivado 12-584] No ports matched 'rx_parallel_data[1]'. [/home/ukallakuri/hardware_design/designs/uart/UART_behavioural/UART_behavioural.srcs/constrs_1/new/timing.xdc:36]
CRITICAL WARNING: [Common 17-55] 'set_property' expects at least one object. [/home/ukallakuri/hardware_design/designs/uart/UART_behavioural/UART_behavioural.srcs/constrs_1/new/timing.xdc:36]
Resolution: If [get_<value>] was used to populate the object, check to make sure this command returns at least one valid object.
WARNING: [Vivado 12-584] No ports matched 'rx_parallel_data[2]'. [/home/ukallakuri/hardware_design/designs/uart/UART_behavioural/UART_behavioural.srcs/constrs_1/new/timing.xdc:37]
CRITICAL WARNING: [Common 17-55] 'set_property' expects at least one object. [/home/ukallakuri/hardware_design/designs/uart/UART_behavioural/UART_behavioural.srcs/constrs_1/new/timing.xdc:37]
Resolution: If [get_<value>] was used to populate the object, check to make sure this command returns at least one valid object.
WARNING: [Vivado 12-584] No ports matched 'rx_parallel_data[3]'. [/home/ukallakuri/hardware_design/designs/uart/UART_behavioural/UART_behavioural.srcs/constrs_1/new/timing.xdc:38]
CRITICAL WARNING: [Common 17-55] 'set_property' expects at least one object. [/home/ukallakuri/hardware_design/designs/uart/UART_behavioural/UART_behavioural.srcs/constrs_1/new/timing.xdc:38]
Resolution: If [get_<value>] was used to populate the object, check to make sure this command returns at least one valid object.
WARNING: [Vivado 12-584] No ports matched 'rx_parallel_data[4]'. [/home/ukallakuri/hardware_design/designs/uart/UART_behavioural/UART_behavioural.srcs/constrs_1/new/timing.xdc:39]
CRITICAL WARNING: [Common 17-55] 'set_property' expects at least one object. [/home/ukallakuri/hardware_design/designs/uart/UART_behavioural/UART_behavioural.srcs/constrs_1/new/timing.xdc:39]
Resolution: If [get_<value>] was used to populate the object, check to make sure this command returns at least one valid object.
WARNING: [Vivado 12-584] No ports matched 'rx_parallel_data[5]'. [/home/ukallakuri/hardware_design/designs/uart/UART_behavioural/UART_behavioural.srcs/constrs_1/new/timing.xdc:40]
CRITICAL WARNING: [Common 17-55] 'set_property' expects at least one object. [/home/ukallakuri/hardware_design/designs/uart/UART_behavioural/UART_behavioural.srcs/constrs_1/new/timing.xdc:40]
Resolution: If [get_<value>] was used to populate the object, check to make sure this command returns at least one valid object.
WARNING: [Vivado 12-584] No ports matched 'rx_parallel_data[6]'. [/home/ukallakuri/hardware_design/designs/uart/UART_behavioural/UART_behavioural.srcs/constrs_1/new/timing.xdc:41]
CRITICAL WARNING: [Common 17-55] 'set_property' expects at least one object. [/home/ukallakuri/hardware_design/designs/uart/UART_behavioural/UART_behavioural.srcs/constrs_1/new/timing.xdc:41]
Resolution: If [get_<value>] was used to populate the object, check to make sure this command returns at least one valid object.
WARNING: [Vivado 12-584] No ports matched 'rx_parallel_data[7]'. [/home/ukallakuri/hardware_design/designs/uart/UART_behavioural/UART_behavioural.srcs/constrs_1/new/timing.xdc:42]
CRITICAL WARNING: [Common 17-55] 'set_property' expects at least one object. [/home/ukallakuri/hardware_design/designs/uart/UART_behavioural/UART_behavioural.srcs/constrs_1/new/timing.xdc:42]
Resolution: If [get_<value>] was used to populate the object, check to make sure this command returns at least one valid object.
WARNING: [Vivado 12-584] No ports matched 'flag_err'. [/home/ukallakuri/hardware_design/designs/uart/UART_behavioural/UART_behavioural.srcs/constrs_1/new/timing.xdc:49]
CRITICAL WARNING: [Common 17-55] 'set_property' expects at least one object. [/home/ukallakuri/hardware_design/designs/uart/UART_behavioural/UART_behavioural.srcs/constrs_1/new/timing.xdc:49]
Resolution: If [get_<value>] was used to populate the object, check to make sure this command returns at least one valid object.
WARNING: [Vivado 12-584] No ports matched 'rx_ready'. [/home/ukallakuri/hardware_design/designs/uart/UART_behavioural/UART_behavioural.srcs/constrs_1/new/timing.xdc:50]
CRITICAL WARNING: [Common 17-55] 'set_property' expects at least one object. [/home/ukallakuri/hardware_design/designs/uart/UART_behavioural/UART_behavioural.srcs/constrs_1/new/timing.xdc:50]
Resolution: If [get_<value>] was used to populate the object, check to make sure this command returns at least one valid object.
WARNING: [Vivado 12-584] No ports matched 'rx_serial_data'. [/home/ukallakuri/hardware_design/designs/uart/UART_behavioural/UART_behavioural.srcs/constrs_1/new/timing.xdc:221]
CRITICAL WARNING: [Common 17-55] 'set_property' expects at least one object. [/home/ukallakuri/hardware_design/designs/uart/UART_behavioural/UART_behavioural.srcs/constrs_1/new/timing.xdc:221]
Resolution: If [get_<value>] was used to populate the object, check to make sure this command returns at least one valid object.
Finished Parsing XDC File [/home/ukallakuri/hardware_design/designs/uart/UART_behavioural/UART_behavioural.srcs/constrs_1/new/timing.xdc]
Completed Processing XDC Constraints

INFO: [Opt 31-138] Pushed 0 inverter(s) to 0 load pin(s).
Netlist sorting complete. Time (s): cpu = 00:00:00 ; elapsed = 00:00:00 . Memory (MB): peak = 6915.184 ; gain = 0.000 ; free physical = 885 ; free virtual = 5692
INFO: [Project 1-111] Unisim Transformation Summary:
No Unisim elements were transformed.

RTL Elaboration Complete:  : Time (s): cpu = 00:00:13 ; elapsed = 00:00:09 . Memory (MB): peak = 7033.469 ; gain = 420.977 ; free physical = 801 ; free virtual = 5619
6 Infos, 11 Warnings, 11 Critical Warnings and 0 Errors encountered.
synth_design completed successfully
synth_design: Time (s): cpu = 00:00:13 ; elapsed = 00:00:09 . Memory (MB): peak = 7033.469 ; gain = 420.977 ; free physical = 801 ; free virtual = 5619
close_design
set_property top uart_txm_ex_tb [get_filesets sim_1]
set_property top_lib xil_defaultlib [get_filesets sim_1]
update_compile_order -fileset sim_1
launch_simulation
INFO: [Vivado 12-5682] Launching behavioral simulation in '/home/ukallakuri/hardware_design/designs/uart/UART_behavioural/UART_behavioural.sim/sim_1/behav/xsim'
INFO: [SIM-utils-51] Simulation object is 'sim_1'
INFO: [SIM-utils-54] Inspecting design source files for 'uart_txm_ex_tb' in fileset 'sim_1'...
INFO: [USF-XSim-97] Finding global include files...
INFO: [USF-XSim-98] Fetching design files from 'sim_1'...
INFO: [USF-XSim-2] XSim::Compile design
INFO: [USF-XSim-61] Executing 'COMPILE and ANALYZE' step in '/home/ukallakuri/hardware_design/designs/uart/UART_behavioural/UART_behavioural.sim/sim_1/behav/xsim'
xvlog --incr --relax -prj uart_txm_ex_tb_vlog.prj
INFO: [VRFC 10-2263] Analyzing Verilog file "/home/ukallakuri/hardware_design/designs/uart/UART_behavioural/UART_behavioural.srcs/sources_1/new/uart_txm_ex.v" into library xil_defaultlib
INFO: [VRFC 10-311] analyzing module uart_txm_ex
INFO: [VRFC 10-2263] Analyzing Verilog file "/home/ukallakuri/hardware_design/designs/uart/UART_behavioural/UART_behavioural.srcs/sim_1/new/uart_txm_ex_tb.v" into library xil_defaultlib
INFO: [VRFC 10-311] analyzing module uart_txm_ex_tb
INFO: [USF-XSim-69] 'compile' step finished in '1' seconds
INFO: [USF-XSim-3] XSim::Elaborate design
INFO: [USF-XSim-61] Executing 'ELABORATE' step in '/home/ukallakuri/hardware_design/designs/uart/UART_behavioural/UART_behavioural.sim/sim_1/behav/xsim'
Vivado Simulator 2018.3
Copyright 1986-1999, 2001-2018 Xilinx, Inc. All Rights Reserved.
Running: /tools/Xilinx/Vivado/2018.3/bin/unwrapped/lnx64.o/xelab -wto f1005e7cfe0e449eb56bf04cfa95922e --incr --debug typical --relax --mt 8 -L xil_defaultlib -L unisims_ver -L unimacro_ver -L secureip --snapshot uart_txm_ex_tb_behav xil_defaultlib.uart_txm_ex_tb xil_defaultlib.glbl -log elaborate.log 
Using 8 slave threads.
Starting static elaboration
Completed static elaboration
Starting simulation data flow analysis
Completed simulation data flow analysis
Time Resolution for simulation is 1ps
Compiling module xil_defaultlib.uart_txm_ex(BITCOUNTMAX=9)
Compiling module xil_defaultlib.uart_txm_ex_tb
Compiling module xil_defaultlib.glbl
Built simulation snapshot uart_txm_ex_tb_behav
INFO: [USF-XSim-69] 'elaborate' step finished in '1' seconds
INFO: [USF-XSim-4] XSim::Simulate design
INFO: [USF-XSim-61] Executing 'SIMULATE' step in '/home/ukallakuri/hardware_design/designs/uart/UART_behavioural/UART_behavioural.sim/sim_1/behav/xsim'
INFO: [USF-XSim-98] *** Running xsim
   with args "uart_txm_ex_tb_behav -key {Behavioral:sim_1:Functional:uart_txm_ex_tb} -tclbatch {uart_txm_ex_tb.tcl} -log {simulate.log}"
INFO: [USF-XSim-8] Loading simulator feature
Vivado Simulator 2018.3
Time resolution is 1 ps
source uart_txm_ex_tb.tcl
# set curr_wave [current_wave_config]
# if { [string length $curr_wave] == 0 } {
#   if { [llength [get_objects]] > 0} {
#     add_wave /
#     set_property needs_save false [current_wave_config]
#   } else {
#      send_msg_id Add_Wave-1 WARNING "No top level signals found. Simulator will start without a wave window. If you want to open a wave window go to 'File->New Waveform Configuration' or type 'create_wave_config' in the TCL console."
#   }
# }
# run 1000ns
INFO: [USF-XSim-96] XSim completed. Design snapshot 'uart_txm_ex_tb_behav' loaded.
INFO: [USF-XSim-97] XSim simulation ran for 1000ns
run all
$finish called at time : 193600 ns : File "/home/ukallakuri/hardware_design/designs/uart/UART_behavioural/UART_behavioural.srcs/sim_1/new/uart_txm_ex_tb.v" Line 80
close_sim
INFO: [Simtcl 6-16] Simulation closed
set_property SOURCE_SET sources_1 [get_filesets sim_1]
close [ open /home/ukallakuri/hardware_design/designs/uart/UART_behavioural/UART_behavioural.srcs/sim_1/new/uart_tx_wrapper.v w ]
add_files -fileset sim_1 /home/ukallakuri/hardware_design/designs/uart/UART_behavioural/UART_behavioural.srcs/sim_1/new/uart_tx_wrapper.v
update_compile_order -fileset sim_1
export_ip_user_files -of_objects  [get_files /home/ukallakuri/hardware_design/designs/uart/UART_behavioural/UART_behavioural.srcs/sim_1/new/uart_tx_wrapper.v] -no_script -reset -force -quiet
remove_files  -fileset sim_1 /home/ukallakuri/hardware_design/designs/uart/UART_behavioural/UART_behavioural.srcs/sim_1/new/uart_tx_wrapper.v
file delete -force /home/ukallakuri/hardware_design/designs/uart/UART_behavioural/UART_behavioural.srcs/sim_1/new/uart_tx_wrapper.v
close [ open /home/ukallakuri/hardware_design/designs/uart/UART_behavioural/UART_behavioural.srcs/sources_1/new/uart_tx_wrapper.v w ]
add_files /home/ukallakuri/hardware_design/designs/uart/UART_behavioural/UART_behavioural.srcs/sources_1/new/uart_tx_wrapper.v
update_compile_order -fileset sources_1
set_property SOURCE_SET sources_1 [get_filesets sim_1]
close [ open /home/ukallakuri/hardware_design/designs/uart/UART_behavioural/UART_behavioural.srcs/sim_1/new/uart_tx_wrapper_tb.v w ]
add_files -fileset sim_1 /home/ukallakuri/hardware_design/designs/uart/UART_behavioural/UART_behavioural.srcs/sim_1/new/uart_tx_wrapper_tb.v
update_compile_order -fileset sim_1
set_property top uart_tx_wrapper_tb [get_filesets sim_1]
set_property top_lib xil_defaultlib [get_filesets sim_1]
update_compile_order -fileset sim_1
launch_simulation
INFO: [Vivado 12-5682] Launching behavioral simulation in '/home/ukallakuri/hardware_design/designs/uart/UART_behavioural/UART_behavioural.sim/sim_1/behav/xsim'
INFO: [SIM-utils-51] Simulation object is 'sim_1'
INFO: [SIM-utils-54] Inspecting design source files for 'uart_tx_wrapper_tb' in fileset 'sim_1'...
INFO: [USF-XSim-97] Finding global include files...
INFO: [USF-XSim-98] Fetching design files from 'sim_1'...
INFO: [USF-XSim-2] XSim::Compile design
INFO: [USF-XSim-61] Executing 'COMPILE and ANALYZE' step in '/home/ukallakuri/hardware_design/designs/uart/UART_behavioural/UART_behavioural.sim/sim_1/behav/xsim'
xvlog --incr --relax -prj uart_tx_wrapper_tb_vlog.prj
INFO: [VRFC 10-2263] Analyzing Verilog file "/home/ukallakuri/hardware_design/designs/uart/UART_behavioural/UART_behavioural.srcs/sources_1/new/uart_tx_wrapper.v" into library xil_defaultlib
INFO: [VRFC 10-311] analyzing module uart_tx_wrapper
INFO: [VRFC 10-2263] Analyzing Verilog file "/home/ukallakuri/hardware_design/designs/uart/UART_behavioural/UART_behavioural.srcs/sim_1/new/uart_tx_wrapper_tb.v" into library xil_defaultlib
INFO: [VRFC 10-311] analyzing module uart_tx_wrapper_tb
INFO: [USF-XSim-69] 'compile' step finished in '1' seconds
INFO: [USF-XSim-3] XSim::Elaborate design
INFO: [USF-XSim-61] Executing 'ELABORATE' step in '/home/ukallakuri/hardware_design/designs/uart/UART_behavioural/UART_behavioural.sim/sim_1/behav/xsim'
Vivado Simulator 2018.3
Copyright 1986-1999, 2001-2018 Xilinx, Inc. All Rights Reserved.
Running: /tools/Xilinx/Vivado/2018.3/bin/unwrapped/lnx64.o/xelab -wto f1005e7cfe0e449eb56bf04cfa95922e --incr --debug typical --relax --mt 8 -L xil_defaultlib -L unisims_ver -L unimacro_ver -L secureip --snapshot uart_tx_wrapper_tb_behav xil_defaultlib.uart_tx_wrapper_tb xil_defaultlib.glbl -log elaborate.log 
Using 8 slave threads.
Starting static elaboration
Completed static elaboration
Starting simulation data flow analysis
Completed simulation data flow analysis
Time Resolution for simulation is 1ps
Compiling module xil_defaultlib.ff
Compiling module xil_defaultlib.uart_txm_ex(BITCOUNTMAX=9)
Compiling module xil_defaultlib.uart_tx_wrapper(BITCOUNTMAX=9)
Compiling module xil_defaultlib.uart_tx_wrapper_tb
Compiling module xil_defaultlib.glbl
Built simulation snapshot uart_tx_wrapper_tb_behav

****** Webtalk v2018.3 (64-bit)
  **** SW Build 2405991 on Thu Dec  6 23:36:41 MST 2018
  **** IP Build 2404404 on Fri Dec  7 01:43:56 MST 2018
    ** Copyright 1986-2018 Xilinx, Inc. All Rights Reserved.

source /home/ukallakuri/hardware_design/designs/uart/UART_behavioural/UART_behavioural.sim/sim_1/behav/xsim/xsim.dir/uart_tx_wrapper_tb_behav/webtalk/xsim_webtalk.tcl -notrace
INFO: [Common 17-206] Exiting Webtalk at Thu Oct 15 08:38:26 2020...
INFO: [USF-XSim-69] 'elaborate' step finished in '3' seconds
INFO: [USF-XSim-4] XSim::Simulate design
INFO: [USF-XSim-61] Executing 'SIMULATE' step in '/home/ukallakuri/hardware_design/designs/uart/UART_behavioural/UART_behavioural.sim/sim_1/behav/xsim'
INFO: [USF-XSim-98] *** Running xsim
   with args "uart_tx_wrapper_tb_behav -key {Behavioral:sim_1:Functional:uart_tx_wrapper_tb} -tclbatch {uart_tx_wrapper_tb.tcl} -log {simulate.log}"
INFO: [USF-XSim-8] Loading simulator feature
Vivado Simulator 2018.3
Time resolution is 1 ps
source uart_tx_wrapper_tb.tcl
# set curr_wave [current_wave_config]
# if { [string length $curr_wave] == 0 } {
#   if { [llength [get_objects]] > 0} {
#     add_wave /
#     set_property needs_save false [current_wave_config]
#   } else {
#      send_msg_id Add_Wave-1 WARNING "No top level signals found. Simulator will start without a wave window. If you want to open a wave window go to 'File->New Waveform Configuration' or type 'create_wave_config' in the TCL console."
#   }
# }
# run 1000ns
INFO: [USF-XSim-96] XSim completed. Design snapshot 'uart_tx_wrapper_tb_behav' loaded.
INFO: [USF-XSim-97] XSim simulation ran for 1000ns
launch_simulation: Time (s): cpu = 00:00:06 ; elapsed = 00:00:06 . Memory (MB): peak = 7255.332 ; gain = 55.828 ; free physical = 697 ; free virtual = 5536
run all
$finish called at time : 193600 ns : File "/home/ukallakuri/hardware_design/designs/uart/UART_behavioural/UART_behavioural.srcs/sim_1/new/uart_tx_wrapper_tb.v" Line 80
relaunch_sim
INFO: [Vivado 12-5682] Launching behavioral simulation in '/home/ukallakuri/hardware_design/designs/uart/UART_behavioural/UART_behavioural.sim/sim_1/behav/xsim'
INFO: [SIM-utils-51] Simulation object is 'sim_1'
INFO: [SIM-utils-54] Inspecting design source files for 'uart_tx_wrapper_tb' in fileset 'sim_1'...
INFO: [USF-XSim-97] Finding global include files...
INFO: [USF-XSim-98] Fetching design files from 'sim_1'...
INFO: [USF-XSim-2] XSim::Compile design
INFO: [USF-XSim-61] Executing 'COMPILE and ANALYZE' step in '/home/ukallakuri/hardware_design/designs/uart/UART_behavioural/UART_behavioural.sim/sim_1/behav/xsim'
xvlog --incr --relax -prj uart_tx_wrapper_tb_vlog.prj
INFO: [USF-XSim-69] 'compile' step finished in '0' seconds
INFO: [Vivado 12-5682] Launching behavioral simulation in '/home/ukallakuri/hardware_design/designs/uart/UART_behavioural/UART_behavioural.sim/sim_1/behav/xsim'
INFO: [USF-XSim-3] XSim::Elaborate design
INFO: [USF-XSim-61] Executing 'ELABORATE' step in '/home/ukallakuri/hardware_design/designs/uart/UART_behavioural/UART_behavioural.sim/sim_1/behav/xsim'
Vivado Simulator 2018.3
Copyright 1986-1999, 2001-2018 Xilinx, Inc. All Rights Reserved.
Running: /tools/Xilinx/Vivado/2018.3/bin/unwrapped/lnx64.o/xelab -wto f1005e7cfe0e449eb56bf04cfa95922e --incr --debug typical --relax --mt 8 -L xil_defaultlib -L unisims_ver -L unimacro_ver -L secureip --snapshot uart_tx_wrapper_tb_behav xil_defaultlib.uart_tx_wrapper_tb xil_defaultlib.glbl -log elaborate.log 
Using 8 slave threads.
Starting static elaboration
Completed static elaboration
INFO: [XSIM 43-4323] No Change in HDL. Linking previously generated obj files to create kernel
INFO: [USF-XSim-69] 'elaborate' step finished in '1' seconds
Vivado Simulator 2018.3
Time resolution is 1 ps
relaunch_sim: Time (s): cpu = 00:00:04 ; elapsed = 00:00:05 . Memory (MB): peak = 7255.332 ; gain = 0.000 ; free physical = 711 ; free virtual = 5527
run all
$finish called at time : 193600 ns : File "/home/ukallakuri/hardware_design/designs/uart/UART_behavioural/UART_behavioural.srcs/sim_1/new/uart_tx_wrapper_tb.v" Line 80
close_sim
INFO: [Simtcl 6-16] Simulation closed
set_property top uart_tx_wrapper [current_fileset]
update_compile_order -fileset sources_1
launch_simulation
INFO: [Vivado 12-5682] Launching behavioral simulation in '/home/ukallakuri/hardware_design/designs/uart/UART_behavioural/UART_behavioural.sim/sim_1/behav/xsim'
INFO: [SIM-utils-51] Simulation object is 'sim_1'
INFO: [SIM-utils-54] Inspecting design source files for 'uart_tx_wrapper_tb' in fileset 'sim_1'...
INFO: [USF-XSim-97] Finding global include files...
INFO: [USF-XSim-98] Fetching design files from 'sim_1'...
INFO: [USF-XSim-2] XSim::Compile design
INFO: [USF-XSim-61] Executing 'COMPILE and ANALYZE' step in '/home/ukallakuri/hardware_design/designs/uart/UART_behavioural/UART_behavioural.sim/sim_1/behav/xsim'
xvlog --incr --relax -prj uart_tx_wrapper_tb_vlog.prj
INFO: [USF-XSim-69] 'compile' step finished in '1' seconds
INFO: [USF-XSim-3] XSim::Elaborate design
INFO: [USF-XSim-61] Executing 'ELABORATE' step in '/home/ukallakuri/hardware_design/designs/uart/UART_behavioural/UART_behavioural.sim/sim_1/behav/xsim'
Vivado Simulator 2018.3
Copyright 1986-1999, 2001-2018 Xilinx, Inc. All Rights Reserved.
Running: /tools/Xilinx/Vivado/2018.3/bin/unwrapped/lnx64.o/xelab -wto f1005e7cfe0e449eb56bf04cfa95922e --incr --debug typical --relax --mt 8 -L xil_defaultlib -L unisims_ver -L unimacro_ver -L secureip --snapshot uart_tx_wrapper_tb_behav xil_defaultlib.uart_tx_wrapper_tb xil_defaultlib.glbl -log elaborate.log 
Using 8 slave threads.
Starting static elaboration
Completed static elaboration
INFO: [XSIM 43-4323] No Change in HDL. Linking previously generated obj files to create kernel
INFO: [USF-XSim-69] 'elaborate' step finished in '0' seconds
INFO: [USF-XSim-4] XSim::Simulate design
INFO: [USF-XSim-61] Executing 'SIMULATE' step in '/home/ukallakuri/hardware_design/designs/uart/UART_behavioural/UART_behavioural.sim/sim_1/behav/xsim'
INFO: [USF-XSim-98] *** Running xsim
   with args "uart_tx_wrapper_tb_behav -key {Behavioral:sim_1:Functional:uart_tx_wrapper_tb} -tclbatch {uart_tx_wrapper_tb.tcl} -log {simulate.log}"
INFO: [USF-XSim-8] Loading simulator feature
Vivado Simulator 2018.3
Time resolution is 1 ps
source uart_tx_wrapper_tb.tcl
# set curr_wave [current_wave_config]
# if { [string length $curr_wave] == 0 } {
#   if { [llength [get_objects]] > 0} {
#     add_wave /
#     set_property needs_save false [current_wave_config]
#   } else {
#      send_msg_id Add_Wave-1 WARNING "No top level signals found. Simulator will start without a wave window. If you want to open a wave window go to 'File->New Waveform Configuration' or type 'create_wave_config' in the TCL console."
#   }
# }
# run 1000ns
INFO: [USF-XSim-96] XSim completed. Design snapshot 'uart_tx_wrapper_tb_behav' loaded.
INFO: [USF-XSim-97] XSim simulation ran for 1000ns
relaunch_sim
INFO: [Vivado 12-5682] Launching behavioral simulation in '/home/ukallakuri/hardware_design/designs/uart/UART_behavioural/UART_behavioural.sim/sim_1/behav/xsim'
INFO: [SIM-utils-51] Simulation object is 'sim_1'
INFO: [SIM-utils-54] Inspecting design source files for 'uart_tx_wrapper_tb' in fileset 'sim_1'...
INFO: [USF-XSim-97] Finding global include files...
INFO: [USF-XSim-98] Fetching design files from 'sim_1'...
INFO: [USF-XSim-2] XSim::Compile design
INFO: [USF-XSim-61] Executing 'COMPILE and ANALYZE' step in '/home/ukallakuri/hardware_design/designs/uart/UART_behavioural/UART_behavioural.sim/sim_1/behav/xsim'
xvlog --incr --relax -prj uart_tx_wrapper_tb_vlog.prj
INFO: [USF-XSim-69] 'compile' step finished in '0' seconds
INFO: [Vivado 12-5682] Launching behavioral simulation in '/home/ukallakuri/hardware_design/designs/uart/UART_behavioural/UART_behavioural.sim/sim_1/behav/xsim'
INFO: [USF-XSim-3] XSim::Elaborate design
INFO: [USF-XSim-61] Executing 'ELABORATE' step in '/home/ukallakuri/hardware_design/designs/uart/UART_behavioural/UART_behavioural.sim/sim_1/behav/xsim'
Vivado Simulator 2018.3
Copyright 1986-1999, 2001-2018 Xilinx, Inc. All Rights Reserved.
Running: /tools/Xilinx/Vivado/2018.3/bin/unwrapped/lnx64.o/xelab -wto f1005e7cfe0e449eb56bf04cfa95922e --incr --debug typical --relax --mt 8 -L xil_defaultlib -L unisims_ver -L unimacro_ver -L secureip --snapshot uart_tx_wrapper_tb_behav xil_defaultlib.uart_tx_wrapper_tb xil_defaultlib.glbl -log elaborate.log 
Using 8 slave threads.
Starting static elaboration
Completed static elaboration
INFO: [XSIM 43-4323] No Change in HDL. Linking previously generated obj files to create kernel
INFO: [USF-XSim-69] 'elaborate' step finished in '1' seconds
Vivado Simulator 2018.3
Time resolution is 1 ps
run all
$finish called at time : 193600 ns : File "/home/ukallakuri/hardware_design/designs/uart/UART_behavioural/UART_behavioural.srcs/sim_1/new/uart_tx_wrapper_tb.v" Line 80
close_sim
INFO: [Simtcl 6-16] Simulation closed
launch_simulation
INFO: [Vivado 12-5682] Launching behavioral simulation in '/home/ukallakuri/hardware_design/designs/uart/UART_behavioural/UART_behavioural.sim/sim_1/behav/xsim'
INFO: [SIM-utils-51] Simulation object is 'sim_1'
INFO: [SIM-utils-54] Inspecting design source files for 'uart_tx_wrapper_tb' in fileset 'sim_1'...
INFO: [USF-XSim-97] Finding global include files...
INFO: [USF-XSim-98] Fetching design files from 'sim_1'...
INFO: [USF-XSim-2] XSim::Compile design
INFO: [USF-XSim-61] Executing 'COMPILE and ANALYZE' step in '/home/ukallakuri/hardware_design/designs/uart/UART_behavioural/UART_behavioural.sim/sim_1/behav/xsim'
xvlog --incr --relax -prj uart_tx_wrapper_tb_vlog.prj
INFO: [VRFC 10-2263] Analyzing Verilog file "/home/ukallakuri/hardware_design/designs/uart/UART_behavioural/UART_behavioural.srcs/sources_1/new/ff.v" into library xil_defaultlib
INFO: [VRFC 10-311] analyzing module ff
INFO: [VRFC 10-2263] Analyzing Verilog file "/home/ukallakuri/hardware_design/designs/uart/UART_behavioural/UART_behavioural.srcs/sources_1/new/uart_tx_wrapper.v" into library xil_defaultlib
INFO: [VRFC 10-311] analyzing module uart_tx_wrapper
INFO: [VRFC 10-2263] Analyzing Verilog file "/home/ukallakuri/hardware_design/designs/uart/UART_behavioural/UART_behavioural.srcs/sources_1/new/uart_txm_ex.v" into library xil_defaultlib
INFO: [VRFC 10-311] analyzing module uart_txm_ex
INFO: [VRFC 10-2263] Analyzing Verilog file "/home/ukallakuri/hardware_design/designs/uart/UART_behavioural/UART_behavioural.srcs/sim_1/new/uart_tx_wrapper_tb.v" into library xil_defaultlib
INFO: [VRFC 10-311] analyzing module uart_tx_wrapper_tb
INFO: [USF-XSim-69] 'compile' step finished in '1' seconds
INFO: [USF-XSim-3] XSim::Elaborate design
INFO: [USF-XSim-61] Executing 'ELABORATE' step in '/home/ukallakuri/hardware_design/designs/uart/UART_behavioural/UART_behavioural.sim/sim_1/behav/xsim'
Vivado Simulator 2018.3
Copyright 1986-1999, 2001-2018 Xilinx, Inc. All Rights Reserved.
Running: /tools/Xilinx/Vivado/2018.3/bin/unwrapped/lnx64.o/xelab -wto f1005e7cfe0e449eb56bf04cfa95922e --incr --debug typical --relax --mt 8 -L xil_defaultlib -L unisims_ver -L unimacro_ver -L secureip --snapshot uart_tx_wrapper_tb_behav xil_defaultlib.uart_tx_wrapper_tb xil_defaultlib.glbl -log elaborate.log 
Using 8 slave threads.
Starting static elaboration
Completed static elaboration
Starting simulation data flow analysis
Completed simulation data flow analysis
Time Resolution for simulation is 1ps
Compiling module xil_defaultlib.ff
Compiling module xil_defaultlib.uart_txm_ex(BITCOUNTMAX=9)
Compiling module xil_defaultlib.uart_tx_wrapper(BITCOUNTMAX=9)
Compiling module xil_defaultlib.uart_tx_wrapper_tb
Compiling module xil_defaultlib.glbl
Built simulation snapshot uart_tx_wrapper_tb_behav
INFO: [USF-XSim-69] 'elaborate' step finished in '1' seconds
INFO: [USF-XSim-4] XSim::Simulate design
INFO: [USF-XSim-61] Executing 'SIMULATE' step in '/home/ukallakuri/hardware_design/designs/uart/UART_behavioural/UART_behavioural.sim/sim_1/behav/xsim'
INFO: [USF-XSim-98] *** Running xsim
   with args "uart_tx_wrapper_tb_behav -key {Behavioral:sim_1:Functional:uart_tx_wrapper_tb} -tclbatch {uart_tx_wrapper_tb.tcl} -log {simulate.log}"
INFO: [USF-XSim-8] Loading simulator feature
Vivado Simulator 2018.3
Time resolution is 1 ps
source uart_tx_wrapper_tb.tcl
# set curr_wave [current_wave_config]
# if { [string length $curr_wave] == 0 } {
#   if { [llength [get_objects]] > 0} {
#     add_wave /
#     set_property needs_save false [current_wave_config]
#   } else {
#      send_msg_id Add_Wave-1 WARNING "No top level signals found. Simulator will start without a wave window. If you want to open a wave window go to 'File->New Waveform Configuration' or type 'create_wave_config' in the TCL console."
#   }
# }
# run 1000ns
INFO: [USF-XSim-96] XSim completed. Design snapshot 'uart_tx_wrapper_tb_behav' loaded.
INFO: [USF-XSim-97] XSim simulation ran for 1000ns
run all
$finish called at time : 193600 ns : File "/home/ukallakuri/hardware_design/designs/uart/UART_behavioural/UART_behavioural.srcs/sim_1/new/uart_tx_wrapper_tb.v" Line 80
run all
close_sim
INFO: [Simtcl 6-16] Simulation closed
launch_simulation
INFO: [Vivado 12-5682] Launching behavioral simulation in '/home/ukallakuri/hardware_design/designs/uart/UART_behavioural/UART_behavioural.sim/sim_1/behav/xsim'
INFO: [SIM-utils-51] Simulation object is 'sim_1'
INFO: [SIM-utils-54] Inspecting design source files for 'uart_tx_wrapper_tb' in fileset 'sim_1'...
INFO: [USF-XSim-97] Finding global include files...
INFO: [USF-XSim-98] Fetching design files from 'sim_1'...
INFO: [USF-XSim-2] XSim::Compile design
INFO: [USF-XSim-61] Executing 'COMPILE and ANALYZE' step in '/home/ukallakuri/hardware_design/designs/uart/UART_behavioural/UART_behavioural.sim/sim_1/behav/xsim'
xvlog --incr --relax -prj uart_tx_wrapper_tb_vlog.prj
INFO: [USF-XSim-69] 'compile' step finished in '0' seconds
INFO: [USF-XSim-3] XSim::Elaborate design
INFO: [USF-XSim-61] Executing 'ELABORATE' step in '/home/ukallakuri/hardware_design/designs/uart/UART_behavioural/UART_behavioural.sim/sim_1/behav/xsim'
Vivado Simulator 2018.3
Copyright 1986-1999, 2001-2018 Xilinx, Inc. All Rights Reserved.
Running: /tools/Xilinx/Vivado/2018.3/bin/unwrapped/lnx64.o/xelab -wto f1005e7cfe0e449eb56bf04cfa95922e --incr --debug typical --relax --mt 8 -L xil_defaultlib -L unisims_ver -L unimacro_ver -L secureip --snapshot uart_tx_wrapper_tb_behav xil_defaultlib.uart_tx_wrapper_tb xil_defaultlib.glbl -log elaborate.log 
Using 8 slave threads.
Starting static elaboration
Completed static elaboration
INFO: [XSIM 43-4323] No Change in HDL. Linking previously generated obj files to create kernel
INFO: [USF-XSim-69] 'elaborate' step finished in '1' seconds
INFO: [USF-XSim-4] XSim::Simulate design
INFO: [USF-XSim-61] Executing 'SIMULATE' step in '/home/ukallakuri/hardware_design/designs/uart/UART_behavioural/UART_behavioural.sim/sim_1/behav/xsim'
INFO: [USF-XSim-98] *** Running xsim
   with args "uart_tx_wrapper_tb_behav -key {Behavioral:sim_1:Functional:uart_tx_wrapper_tb} -tclbatch {uart_tx_wrapper_tb.tcl} -log {simulate.log}"
INFO: [USF-XSim-8] Loading simulator feature
Vivado Simulator 2018.3
Time resolution is 1 ps
source uart_tx_wrapper_tb.tcl
# set curr_wave [current_wave_config]
# if { [string length $curr_wave] == 0 } {
#   if { [llength [get_objects]] > 0} {
#     add_wave /
#     set_property needs_save false [current_wave_config]
#   } else {
#      send_msg_id Add_Wave-1 WARNING "No top level signals found. Simulator will start without a wave window. If you want to open a wave window go to 'File->New Waveform Configuration' or type 'create_wave_config' in the TCL console."
#   }
# }
# run 1000ns
INFO: [USF-XSim-96] XSim completed. Design snapshot 'uart_tx_wrapper_tb_behav' loaded.
INFO: [USF-XSim-97] XSim simulation ran for 1000ns
run all
$finish called at time : 193600 ns : File "/home/ukallakuri/hardware_design/designs/uart/UART_behavioural/UART_behavioural.srcs/sim_1/new/uart_tx_wrapper_tb.v" Line 80
run all
relaunch_sim
INFO: [Vivado 12-5682] Launching behavioral simulation in '/home/ukallakuri/hardware_design/designs/uart/UART_behavioural/UART_behavioural.sim/sim_1/behav/xsim'
INFO: [SIM-utils-51] Simulation object is 'sim_1'
INFO: [SIM-utils-54] Inspecting design source files for 'uart_tx_wrapper_tb' in fileset 'sim_1'...
INFO: [USF-XSim-97] Finding global include files...
INFO: [USF-XSim-98] Fetching design files from 'sim_1'...
INFO: [USF-XSim-2] XSim::Compile design
INFO: [USF-XSim-61] Executing 'COMPILE and ANALYZE' step in '/home/ukallakuri/hardware_design/designs/uart/UART_behavioural/UART_behavioural.sim/sim_1/behav/xsim'
xvlog --incr --relax -prj uart_tx_wrapper_tb_vlog.prj
INFO: [USF-XSim-69] 'compile' step finished in '0' seconds
INFO: [Vivado 12-5682] Launching behavioral simulation in '/home/ukallakuri/hardware_design/designs/uart/UART_behavioural/UART_behavioural.sim/sim_1/behav/xsim'
INFO: [USF-XSim-3] XSim::Elaborate design
INFO: [USF-XSim-61] Executing 'ELABORATE' step in '/home/ukallakuri/hardware_design/designs/uart/UART_behavioural/UART_behavioural.sim/sim_1/behav/xsim'
Vivado Simulator 2018.3
Copyright 1986-1999, 2001-2018 Xilinx, Inc. All Rights Reserved.
Running: /tools/Xilinx/Vivado/2018.3/bin/unwrapped/lnx64.o/xelab -wto f1005e7cfe0e449eb56bf04cfa95922e --incr --debug typical --relax --mt 8 -L xil_defaultlib -L unisims_ver -L unimacro_ver -L secureip --snapshot uart_tx_wrapper_tb_behav xil_defaultlib.uart_tx_wrapper_tb xil_defaultlib.glbl -log elaborate.log 
Using 8 slave threads.
Starting static elaboration
Completed static elaboration
INFO: [XSIM 43-4323] No Change in HDL. Linking previously generated obj files to create kernel
INFO: [USF-XSim-69] 'elaborate' step finished in '0' seconds
Vivado Simulator 2018.3
Time resolution is 1 ps
run all
$finish called at time : 193600 ns : File "/home/ukallakuri/hardware_design/designs/uart/UART_behavioural/UART_behavioural.srcs/sim_1/new/uart_tx_wrapper_tb.v" Line 80
relaunch_sim
INFO: [Vivado 12-5682] Launching behavioral simulation in '/home/ukallakuri/hardware_design/designs/uart/UART_behavioural/UART_behavioural.sim/sim_1/behav/xsim'
INFO: [SIM-utils-51] Simulation object is 'sim_1'
INFO: [SIM-utils-54] Inspecting design source files for 'uart_tx_wrapper_tb' in fileset 'sim_1'...
INFO: [USF-XSim-97] Finding global include files...
INFO: [USF-XSim-98] Fetching design files from 'sim_1'...
INFO: [USF-XSim-2] XSim::Compile design
INFO: [USF-XSim-61] Executing 'COMPILE and ANALYZE' step in '/home/ukallakuri/hardware_design/designs/uart/UART_behavioural/UART_behavioural.sim/sim_1/behav/xsim'
xvlog --incr --relax -prj uart_tx_wrapper_tb_vlog.prj
INFO: [VRFC 10-2263] Analyzing Verilog file "/home/ukallakuri/hardware_design/designs/uart/UART_behavioural/UART_behavioural.srcs/sources_1/new/ff.v" into library xil_defaultlib
INFO: [VRFC 10-311] analyzing module ff
INFO: [VRFC 10-2263] Analyzing Verilog file "/home/ukallakuri/hardware_design/designs/uart/UART_behavioural/UART_behavioural.srcs/sources_1/new/uart_tx_wrapper.v" into library xil_defaultlib
INFO: [VRFC 10-311] analyzing module uart_tx_wrapper
INFO: [VRFC 10-2263] Analyzing Verilog file "/home/ukallakuri/hardware_design/designs/uart/UART_behavioural/UART_behavioural.srcs/sources_1/new/uart_txm_ex.v" into library xil_defaultlib
INFO: [VRFC 10-311] analyzing module uart_txm_ex
INFO: [VRFC 10-2263] Analyzing Verilog file "/home/ukallakuri/hardware_design/designs/uart/UART_behavioural/UART_behavioural.srcs/sim_1/new/uart_tx_wrapper_tb.v" into library xil_defaultlib
INFO: [VRFC 10-311] analyzing module uart_tx_wrapper_tb
INFO: [USF-XSim-69] 'compile' step finished in '1' seconds
INFO: [Vivado 12-5682] Launching behavioral simulation in '/home/ukallakuri/hardware_design/designs/uart/UART_behavioural/UART_behavioural.sim/sim_1/behav/xsim'
INFO: [USF-XSim-3] XSim::Elaborate design
INFO: [USF-XSim-61] Executing 'ELABORATE' step in '/home/ukallakuri/hardware_design/designs/uart/UART_behavioural/UART_behavioural.sim/sim_1/behav/xsim'
Vivado Simulator 2018.3
Copyright 1986-1999, 2001-2018 Xilinx, Inc. All Rights Reserved.
Running: /tools/Xilinx/Vivado/2018.3/bin/unwrapped/lnx64.o/xelab -wto f1005e7cfe0e449eb56bf04cfa95922e --incr --debug typical --relax --mt 8 -L xil_defaultlib -L unisims_ver -L unimacro_ver -L secureip --snapshot uart_tx_wrapper_tb_behav xil_defaultlib.uart_tx_wrapper_tb xil_defaultlib.glbl -log elaborate.log 
Using 8 slave threads.
Starting static elaboration
Completed static elaboration
Starting simulation data flow analysis
Completed simulation data flow analysis
Time Resolution for simulation is 1ps
Compiling module xil_defaultlib.ff
Compiling module xil_defaultlib.uart_txm_ex(BITCOUNTMAX=9)
Compiling module xil_defaultlib.uart_tx_wrapper(BITCOUNTMAX=9)
Compiling module xil_defaultlib.uart_tx_wrapper_tb
Compiling module xil_defaultlib.glbl
Built simulation snapshot uart_tx_wrapper_tb_behav
INFO: [USF-XSim-69] 'elaborate' step finished in '1' seconds
Vivado Simulator 2018.3
Time resolution is 1 ps
run all
$finish called at time : 193600 ns : File "/home/ukallakuri/hardware_design/designs/uart/UART_behavioural/UART_behavioural.srcs/sim_1/new/uart_tx_wrapper_tb.v" Line 80
run all
relaunch_sim
INFO: [Vivado 12-5682] Launching behavioral simulation in '/home/ukallakuri/hardware_design/designs/uart/UART_behavioural/UART_behavioural.sim/sim_1/behav/xsim'
INFO: [SIM-utils-51] Simulation object is 'sim_1'
INFO: [SIM-utils-54] Inspecting design source files for 'uart_tx_wrapper_tb' in fileset 'sim_1'...
INFO: [USF-XSim-97] Finding global include files...
INFO: [USF-XSim-98] Fetching design files from 'sim_1'...
INFO: [USF-XSim-2] XSim::Compile design
INFO: [USF-XSim-61] Executing 'COMPILE and ANALYZE' step in '/home/ukallakuri/hardware_design/designs/uart/UART_behavioural/UART_behavioural.sim/sim_1/behav/xsim'
xvlog --incr --relax -prj uart_tx_wrapper_tb_vlog.prj
INFO: [USF-XSim-69] 'compile' step finished in '1' seconds
INFO: [Vivado 12-5682] Launching behavioral simulation in '/home/ukallakuri/hardware_design/designs/uart/UART_behavioural/UART_behavioural.sim/sim_1/behav/xsim'
INFO: [USF-XSim-3] XSim::Elaborate design
INFO: [USF-XSim-61] Executing 'ELABORATE' step in '/home/ukallakuri/hardware_design/designs/uart/UART_behavioural/UART_behavioural.sim/sim_1/behav/xsim'
Vivado Simulator 2018.3
Copyright 1986-1999, 2001-2018 Xilinx, Inc. All Rights Reserved.
Running: /tools/Xilinx/Vivado/2018.3/bin/unwrapped/lnx64.o/xelab -wto f1005e7cfe0e449eb56bf04cfa95922e --incr --debug typical --relax --mt 8 -L xil_defaultlib -L unisims_ver -L unimacro_ver -L secureip --snapshot uart_tx_wrapper_tb_behav xil_defaultlib.uart_tx_wrapper_tb xil_defaultlib.glbl -log elaborate.log 
Using 8 slave threads.
Starting static elaboration
Completed static elaboration
INFO: [XSIM 43-4323] No Change in HDL. Linking previously generated obj files to create kernel
INFO: [USF-XSim-69] 'elaborate' step finished in '1' seconds
Vivado Simulator 2018.3
Time resolution is 1 ps
run all
$finish called at time : 193600 ns : File "/home/ukallakuri/hardware_design/designs/uart/UART_behavioural/UART_behavioural.srcs/sim_1/new/uart_tx_wrapper_tb.v" Line 80
relaunch_sim
INFO: [Vivado 12-5682] Launching behavioral simulation in '/home/ukallakuri/hardware_design/designs/uart/UART_behavioural/UART_behavioural.sim/sim_1/behav/xsim'
INFO: [SIM-utils-51] Simulation object is 'sim_1'
INFO: [SIM-utils-54] Inspecting design source files for 'uart_tx_wrapper_tb' in fileset 'sim_1'...
INFO: [USF-XSim-97] Finding global include files...
INFO: [USF-XSim-98] Fetching design files from 'sim_1'...
INFO: [USF-XSim-2] XSim::Compile design
INFO: [USF-XSim-61] Executing 'COMPILE and ANALYZE' step in '/home/ukallakuri/hardware_design/designs/uart/UART_behavioural/UART_behavioural.sim/sim_1/behav/xsim'
xvlog --incr --relax -prj uart_tx_wrapper_tb_vlog.prj
INFO: [VRFC 10-2263] Analyzing Verilog file "/home/ukallakuri/hardware_design/designs/uart/UART_behavioural/UART_behavioural.srcs/sources_1/new/ff.v" into library xil_defaultlib
INFO: [VRFC 10-311] analyzing module ff
INFO: [VRFC 10-2263] Analyzing Verilog file "/home/ukallakuri/hardware_design/designs/uart/UART_behavioural/UART_behavioural.srcs/sources_1/new/uart_tx_wrapper.v" into library xil_defaultlib
INFO: [VRFC 10-311] analyzing module uart_tx_wrapper
INFO: [VRFC 10-2263] Analyzing Verilog file "/home/ukallakuri/hardware_design/designs/uart/UART_behavioural/UART_behavioural.srcs/sources_1/new/uart_txm_ex.v" into library xil_defaultlib
INFO: [VRFC 10-311] analyzing module uart_txm_ex
INFO: [VRFC 10-2263] Analyzing Verilog file "/home/ukallakuri/hardware_design/designs/uart/UART_behavioural/UART_behavioural.srcs/sim_1/new/uart_tx_wrapper_tb.v" into library xil_defaultlib
INFO: [VRFC 10-311] analyzing module uart_tx_wrapper_tb
INFO: [USF-XSim-69] 'compile' step finished in '1' seconds
INFO: [Vivado 12-5682] Launching behavioral simulation in '/home/ukallakuri/hardware_design/designs/uart/UART_behavioural/UART_behavioural.sim/sim_1/behav/xsim'
INFO: [USF-XSim-3] XSim::Elaborate design
INFO: [USF-XSim-61] Executing 'ELABORATE' step in '/home/ukallakuri/hardware_design/designs/uart/UART_behavioural/UART_behavioural.sim/sim_1/behav/xsim'
Vivado Simulator 2018.3
Copyright 1986-1999, 2001-2018 Xilinx, Inc. All Rights Reserved.
Running: /tools/Xilinx/Vivado/2018.3/bin/unwrapped/lnx64.o/xelab -wto f1005e7cfe0e449eb56bf04cfa95922e --incr --debug typical --relax --mt 8 -L xil_defaultlib -L unisims_ver -L unimacro_ver -L secureip --snapshot uart_tx_wrapper_tb_behav xil_defaultlib.uart_tx_wrapper_tb xil_defaultlib.glbl -log elaborate.log 
Using 8 slave threads.
Starting static elaboration
Completed static elaboration
Starting simulation data flow analysis
Completed simulation data flow analysis
Time Resolution for simulation is 1ps
Compiling module xil_defaultlib.ff
Compiling module xil_defaultlib.uart_txm_ex(BITCOUNTMAX=9)
Compiling module xil_defaultlib.uart_tx_wrapper(BITCOUNTMAX=9)
Compiling module xil_defaultlib.uart_tx_wrapper_tb
Compiling module xil_defaultlib.glbl
Built simulation snapshot uart_tx_wrapper_tb_behav
INFO: [USF-XSim-69] 'elaborate' step finished in '1' seconds
Vivado Simulator 2018.3
Time resolution is 1 ps
run all
$finish called at time : 193600 ns : File "/home/ukallakuri/hardware_design/designs/uart/UART_behavioural/UART_behavioural.srcs/sim_1/new/uart_tx_wrapper_tb.v" Line 80
relaunch_sim
INFO: [Vivado 12-5682] Launching behavioral simulation in '/home/ukallakuri/hardware_design/designs/uart/UART_behavioural/UART_behavioural.sim/sim_1/behav/xsim'
INFO: [SIM-utils-51] Simulation object is 'sim_1'
INFO: [SIM-utils-54] Inspecting design source files for 'uart_tx_wrapper_tb' in fileset 'sim_1'...
INFO: [USF-XSim-97] Finding global include files...
INFO: [USF-XSim-98] Fetching design files from 'sim_1'...
INFO: [USF-XSim-2] XSim::Compile design
INFO: [USF-XSim-61] Executing 'COMPILE and ANALYZE' step in '/home/ukallakuri/hardware_design/designs/uart/UART_behavioural/UART_behavioural.sim/sim_1/behav/xsim'
xvlog --incr --relax -prj uart_tx_wrapper_tb_vlog.prj
INFO: [VRFC 10-2263] Analyzing Verilog file "/home/ukallakuri/hardware_design/designs/uart/UART_behavioural/UART_behavioural.srcs/sources_1/new/ff.v" into library xil_defaultlib
INFO: [VRFC 10-311] analyzing module ff
INFO: [VRFC 10-2263] Analyzing Verilog file "/home/ukallakuri/hardware_design/designs/uart/UART_behavioural/UART_behavioural.srcs/sources_1/new/uart_tx_wrapper.v" into library xil_defaultlib
INFO: [VRFC 10-311] analyzing module uart_tx_wrapper
INFO: [VRFC 10-2263] Analyzing Verilog file "/home/ukallakuri/hardware_design/designs/uart/UART_behavioural/UART_behavioural.srcs/sources_1/new/uart_txm_ex.v" into library xil_defaultlib
INFO: [VRFC 10-311] analyzing module uart_txm_ex
INFO: [VRFC 10-2263] Analyzing Verilog file "/home/ukallakuri/hardware_design/designs/uart/UART_behavioural/UART_behavioural.srcs/sim_1/new/uart_tx_wrapper_tb.v" into library xil_defaultlib
INFO: [VRFC 10-311] analyzing module uart_tx_wrapper_tb
INFO: [USF-XSim-69] 'compile' step finished in '1' seconds
INFO: [Vivado 12-5682] Launching behavioral simulation in '/home/ukallakuri/hardware_design/designs/uart/UART_behavioural/UART_behavioural.sim/sim_1/behav/xsim'
INFO: [USF-XSim-3] XSim::Elaborate design
INFO: [USF-XSim-61] Executing 'ELABORATE' step in '/home/ukallakuri/hardware_design/designs/uart/UART_behavioural/UART_behavioural.sim/sim_1/behav/xsim'
Vivado Simulator 2018.3
Copyright 1986-1999, 2001-2018 Xilinx, Inc. All Rights Reserved.
Running: /tools/Xilinx/Vivado/2018.3/bin/unwrapped/lnx64.o/xelab -wto f1005e7cfe0e449eb56bf04cfa95922e --incr --debug typical --relax --mt 8 -L xil_defaultlib -L unisims_ver -L unimacro_ver -L secureip --snapshot uart_tx_wrapper_tb_behav xil_defaultlib.uart_tx_wrapper_tb xil_defaultlib.glbl -log elaborate.log 
Using 8 slave threads.
Starting static elaboration
Completed static elaboration
Starting simulation data flow analysis
Completed simulation data flow analysis
Time Resolution for simulation is 1ps
Compiling module xil_defaultlib.ff
Compiling module xil_defaultlib.uart_txm_ex(BITCOUNTMAX=8)
Compiling module xil_defaultlib.uart_tx_wrapper(BITCOUNTMAX=8)
Compiling module xil_defaultlib.uart_tx_wrapper_tb
Compiling module xil_defaultlib.glbl
Built simulation snapshot uart_tx_wrapper_tb_behav
INFO: [USF-XSim-69] 'elaborate' step finished in '1' seconds
Vivado Simulator 2018.3
Time resolution is 1 ps
run all
$finish called at time : 193600 ns : File "/home/ukallakuri/hardware_design/designs/uart/UART_behavioural/UART_behavioural.srcs/sim_1/new/uart_tx_wrapper_tb.v" Line 80
relaunch_sim
INFO: [Vivado 12-5682] Launching behavioral simulation in '/home/ukallakuri/hardware_design/designs/uart/UART_behavioural/UART_behavioural.sim/sim_1/behav/xsim'
INFO: [SIM-utils-51] Simulation object is 'sim_1'
INFO: [SIM-utils-54] Inspecting design source files for 'uart_tx_wrapper_tb' in fileset 'sim_1'...
INFO: [USF-XSim-97] Finding global include files...
INFO: [USF-XSim-98] Fetching design files from 'sim_1'...
INFO: [USF-XSim-2] XSim::Compile design
INFO: [USF-XSim-61] Executing 'COMPILE and ANALYZE' step in '/home/ukallakuri/hardware_design/designs/uart/UART_behavioural/UART_behavioural.sim/sim_1/behav/xsim'
xvlog --incr --relax -prj uart_tx_wrapper_tb_vlog.prj
INFO: [VRFC 10-2263] Analyzing Verilog file "/home/ukallakuri/hardware_design/designs/uart/UART_behavioural/UART_behavioural.srcs/sources_1/new/ff.v" into library xil_defaultlib
INFO: [VRFC 10-311] analyzing module ff
INFO: [VRFC 10-2263] Analyzing Verilog file "/home/ukallakuri/hardware_design/designs/uart/UART_behavioural/UART_behavioural.srcs/sources_1/new/uart_tx_wrapper.v" into library xil_defaultlib
INFO: [VRFC 10-311] analyzing module uart_tx_wrapper
INFO: [VRFC 10-2263] Analyzing Verilog file "/home/ukallakuri/hardware_design/designs/uart/UART_behavioural/UART_behavioural.srcs/sources_1/new/uart_txm_ex.v" into library xil_defaultlib
INFO: [VRFC 10-311] analyzing module uart_txm_ex
INFO: [VRFC 10-2263] Analyzing Verilog file "/home/ukallakuri/hardware_design/designs/uart/UART_behavioural/UART_behavioural.srcs/sim_1/new/uart_tx_wrapper_tb.v" into library xil_defaultlib
INFO: [VRFC 10-311] analyzing module uart_tx_wrapper_tb
INFO: [USF-XSim-69] 'compile' step finished in '1' seconds
INFO: [Vivado 12-5682] Launching behavioral simulation in '/home/ukallakuri/hardware_design/designs/uart/UART_behavioural/UART_behavioural.sim/sim_1/behav/xsim'
INFO: [USF-XSim-3] XSim::Elaborate design
INFO: [USF-XSim-61] Executing 'ELABORATE' step in '/home/ukallakuri/hardware_design/designs/uart/UART_behavioural/UART_behavioural.sim/sim_1/behav/xsim'
Vivado Simulator 2018.3
Copyright 1986-1999, 2001-2018 Xilinx, Inc. All Rights Reserved.
Running: /tools/Xilinx/Vivado/2018.3/bin/unwrapped/lnx64.o/xelab -wto f1005e7cfe0e449eb56bf04cfa95922e --incr --debug typical --relax --mt 8 -L xil_defaultlib -L unisims_ver -L unimacro_ver -L secureip --snapshot uart_tx_wrapper_tb_behav xil_defaultlib.uart_tx_wrapper_tb xil_defaultlib.glbl -log elaborate.log 
Using 8 slave threads.
Starting static elaboration
Completed static elaboration
Starting simulation data flow analysis
Completed simulation data flow analysis
Time Resolution for simulation is 1ps
Compiling module xil_defaultlib.ff
Compiling module xil_defaultlib.uart_txm_ex(BITCOUNTMAX=8)
Compiling module xil_defaultlib.uart_tx_wrapper(BITCOUNTMAX=8)
Compiling module xil_defaultlib.uart_tx_wrapper_tb
Compiling module xil_defaultlib.glbl
Built simulation snapshot uart_tx_wrapper_tb_behav
INFO: [USF-XSim-69] 'elaborate' step finished in '1' seconds
Vivado Simulator 2018.3
Time resolution is 1 ps
run all
$finish called at time : 193600 ns : File "/home/ukallakuri/hardware_design/designs/uart/UART_behavioural/UART_behavioural.srcs/sim_1/new/uart_tx_wrapper_tb.v" Line 80
relaunch_sim
INFO: [Vivado 12-5682] Launching behavioral simulation in '/home/ukallakuri/hardware_design/designs/uart/UART_behavioural/UART_behavioural.sim/sim_1/behav/xsim'
INFO: [SIM-utils-51] Simulation object is 'sim_1'
INFO: [SIM-utils-54] Inspecting design source files for 'uart_tx_wrapper_tb' in fileset 'sim_1'...
INFO: [USF-XSim-97] Finding global include files...
INFO: [USF-XSim-98] Fetching design files from 'sim_1'...
INFO: [USF-XSim-2] XSim::Compile design
INFO: [USF-XSim-61] Executing 'COMPILE and ANALYZE' step in '/home/ukallakuri/hardware_design/designs/uart/UART_behavioural/UART_behavioural.sim/sim_1/behav/xsim'
xvlog --incr --relax -prj uart_tx_wrapper_tb_vlog.prj
INFO: [VRFC 10-2263] Analyzing Verilog file "/home/ukallakuri/hardware_design/designs/uart/UART_behavioural/UART_behavioural.srcs/sources_1/new/ff.v" into library xil_defaultlib
INFO: [VRFC 10-311] analyzing module ff
INFO: [VRFC 10-2263] Analyzing Verilog file "/home/ukallakuri/hardware_design/designs/uart/UART_behavioural/UART_behavioural.srcs/sources_1/new/uart_tx_wrapper.v" into library xil_defaultlib
INFO: [VRFC 10-311] analyzing module uart_tx_wrapper
INFO: [VRFC 10-2263] Analyzing Verilog file "/home/ukallakuri/hardware_design/designs/uart/UART_behavioural/UART_behavioural.srcs/sources_1/new/uart_txm_ex.v" into library xil_defaultlib
INFO: [VRFC 10-311] analyzing module uart_txm_ex
INFO: [VRFC 10-2263] Analyzing Verilog file "/home/ukallakuri/hardware_design/designs/uart/UART_behavioural/UART_behavioural.srcs/sim_1/new/uart_tx_wrapper_tb.v" into library xil_defaultlib
INFO: [VRFC 10-311] analyzing module uart_tx_wrapper_tb
INFO: [USF-XSim-69] 'compile' step finished in '0' seconds
INFO: [Vivado 12-5682] Launching behavioral simulation in '/home/ukallakuri/hardware_design/designs/uart/UART_behavioural/UART_behavioural.sim/sim_1/behav/xsim'
INFO: [USF-XSim-3] XSim::Elaborate design
INFO: [USF-XSim-61] Executing 'ELABORATE' step in '/home/ukallakuri/hardware_design/designs/uart/UART_behavioural/UART_behavioural.sim/sim_1/behav/xsim'
Vivado Simulator 2018.3
Copyright 1986-1999, 2001-2018 Xilinx, Inc. All Rights Reserved.
Running: /tools/Xilinx/Vivado/2018.3/bin/unwrapped/lnx64.o/xelab -wto f1005e7cfe0e449eb56bf04cfa95922e --incr --debug typical --relax --mt 8 -L xil_defaultlib -L unisims_ver -L unimacro_ver -L secureip --snapshot uart_tx_wrapper_tb_behav xil_defaultlib.uart_tx_wrapper_tb xil_defaultlib.glbl -log elaborate.log 
Using 8 slave threads.
Starting static elaboration
Completed static elaboration
Starting simulation data flow analysis
Completed simulation data flow analysis
Time Resolution for simulation is 1ps
Compiling module xil_defaultlib.ff
Compiling module xil_defaultlib.uart_txm_ex(BITCOUNTMAX=8)
Compiling module xil_defaultlib.uart_tx_wrapper(BITCOUNTMAX=8)
Compiling module xil_defaultlib.uart_tx_wrapper_tb
Compiling module xil_defaultlib.glbl
Built simulation snapshot uart_tx_wrapper_tb_behav
INFO: [USF-XSim-69] 'elaborate' step finished in '1' seconds
Vivado Simulator 2018.3
Time resolution is 1 ps
run all
$finish called at time : 193600 ns : File "/home/ukallakuri/hardware_design/designs/uart/UART_behavioural/UART_behavioural.srcs/sim_1/new/uart_tx_wrapper_tb.v" Line 80
close_sim
INFO: [Simtcl 6-16] Simulation closed
exit
INFO: [Common 17-206] Exiting Vivado at Thu Oct 15 09:11:18 2020...
