Vivado Simulator 2018.3
Copyright 1986-1999, 2001-2018 Xilinx, Inc. All Rights Reserved.
Running: /tools/Xilinx/Vivado/2018.3/bin/unwrapped/lnx64.o/xelab -wto f1005e7cfe0e449eb56bf04cfa95922e --incr --debug typical --relax --mt 8 --maxdelay -L xil_defaultlib -L simprims_ver -L secureip --snapshot uart_top_tb_time_synth -transport_int_delays -pulse_r 0 -pulse_int_r 0 -pulse_e 0 -pulse_int_e 0 xil_defaultlib.uart_top_tb xil_defaultlib.glbl -log elaborate.log 
Using 8 slave threads.
Starting static elaboration
Completed static elaboration
Starting simulation data flow analysis
Completed simulation data flow analysis
INFO: [XSIM 43-3451] SDF backannotation process started with SDF file "uart_top_tb_time_synth.sdf", for root module "uart_top_tb/uut".
INFO: [XSIM 43-3452] SDF backannotation was successful for SDF file "uart_top_tb_time_synth.sdf", for root module "uart_top_tb/uut".
Time Resolution for simulation is 1ps
Compiling module simprims_ver.FDRE_default
Compiling module simprims_ver.BUFG
Compiling module simprims_ver.IBUF
Compiling module simprims_ver.x_lut2_mux4
Compiling module simprims_ver.LUT2
Compiling module simprims_ver.OBUF
Compiling module simprims_ver.RAMD32
Compiling module simprims_ver.RAMS32
Compiling module xil_defaultlib.RAM32M_UNIQ_BASE_
Compiling module xil_defaultlib.RAM32M_HD1
Compiling module xil_defaultlib.ram_dp__sim_par
Compiling module simprims_ver.x_lut1_mux2
Compiling module simprims_ver.LUT1
Compiling module simprims_ver.x_lut3_mux8
Compiling module simprims_ver.LUT3
Compiling module simprims_ver.LUT4
Compiling module simprims_ver.LUT5
Compiling module simprims_ver.LUT6
Compiling module simprims_ver.FDSE_default
Compiling module simprims_ver.CARRY4
Compiling module xil_defaultlib.uart_rxm_ex
Compiling module xil_defaultlib.uart_rx_wrapper
Compiling module xil_defaultlib.ff
Compiling module xil_defaultlib.uart_txm_ex
Compiling module xil_defaultlib.uart_tx_wrapper
Compiling module xil_defaultlib.uart_top
Compiling module xil_defaultlib.uart_top_tb
Compiling module xil_defaultlib.glbl
Built simulation snapshot uart_top_tb_time_synth
